INFO: 2020-04-14 17:51:49 
-------- START EXPERIMENT --------
INFO: 2020-04-14 17:51:49 
- PROPERTIES -
INFO: 2020-04-14 17:51:49 
{'data': 'elliptic',
 'data_config_file': 'configuration/data/data_config.yaml',
 'elliptic_args': {'encode_classes': True,
                   'feat_sets': ['LF'],
                   'inc_unknown': False,
                   'train_size': 0.7},
 'evaluation_metrics': ['precision', 'recall', 'f1', 'f1_micro', 'confusion'],
 'light_boost_args': {'persist_props': {'method': 'save',
                                        'save_path': 'persistence/experiment_1/tuned_models'},
                      'tune_props': {'k_folds': 10,
                                     'method': 'tpe',
                                     'n_iterations': 100,
                                     'param_grid': {'colsample_bytree': {'max': 1.0,
                                                                         'min': 0.4,
                                                                         'type': 'suggest_uniform'},
                                                    'learning_rate': {'type': 'fixed',
                                                                      'value': 0.2125},
                                                    'min_child_samples': {'max': 100,
                                                                          'min': 5,
                                                                          'type': 'suggest_int'},
                                                    'n_estimators': {'type': 'fixed',
                                                                     'value': 425},
                                                    'num_leaves': {'max': 256,
                                                                   'min': 2,
                                                                   'type': 'suggest_int'},
                                                    'reg_alpha': {'max': 10.0,
                                                                  'min': 1e-08,
                                                                  'type': 'suggest_loguniform'},
                                                    'reg_lambda': {'max': 10.0,
                                                                   'min': 1e-08,
                                                                   'type': 'suggest_loguniform'},
                                                    'subsample': {'max': 1.0,
                                                                  'min': 0.4,
                                                                  'type': 'suggest_uniform'},
                                                    'subsample_freq': {'max': 7,
                                                                       'min': 0,
                                                                       'type': 'suggest_int'}},
                                     'scoring': 'neg_log_loss'}},
 'log_path': 'logs/',
 'models': ['light_boost'],
 'save_log': True}
INFO: 2020-04-14 17:51:49 
--- START BUILDING DATASET ---
INFO: 2020-04-14 17:51:49 
- DATASET -
INFO: 2020-04-14 17:51:49 
elliptic
INFO: 2020-04-14 17:51:49 
- CONFIG -
INFO: 2020-04-14 17:51:49 
'configuration/data/data_config.yaml'
INFO: 2020-04-14 17:51:57 
--- FINISH BUILDING DATASET ---
INFO: 2020-04-14 17:51:57 
--- START BUILDING MODELS ---
INFO: 2020-04-14 17:51:57 
- MODELS -
INFO: 2020-04-14 17:51:57 
['light_boost']
INFO: 2020-04-14 17:51:57 
[START BUILDING MODEL 'light_boost']
INFO: 2020-04-14 17:51:57 
- ARGUMENTS -
INFO: 2020-04-14 17:51:57 
{'persist_props': {'method': 'save',
                   'save_path': 'persistence/experiment_1/tuned_models'},
 'tune_props': {'k_folds': 10,
                'method': 'tpe',
                'n_iterations': 100,
                'param_grid': {'colsample_bytree': {'max': 1.0,
                                                    'min': 0.4,
                                                    'type': 'suggest_uniform'},
                               'learning_rate': {'type': 'fixed',
                                                 'value': 0.2125},
                               'min_child_samples': {'max': 100,
                                                     'min': 5,
                                                     'type': 'suggest_int'},
                               'n_estimators': {'type': 'fixed', 'value': 425},
                               'num_leaves': {'max': 256,
                                              'min': 2,
                                              'type': 'suggest_int'},
                               'reg_alpha': {'max': 10.0,
                                             'min': 1e-08,
                                             'type': 'suggest_loguniform'},
                               'reg_lambda': {'max': 10.0,
                                              'min': 1e-08,
                                              'type': 'suggest_loguniform'},
                               'subsample': {'max': 1.0,
                                             'min': 0.4,
                                             'type': 'suggest_uniform'},
                               'subsample_freq': {'max': 7,
                                                  'min': 0,
                                                  'type': 'suggest_int'}},
                'scoring': 'neg_log_loss'}}
INFO: 2020-04-14 17:51:57 
----> [START BUILDING 'light_boost' MODEL FOR 'LF' FEATURE SET]
INFO: 2020-04-14 17:51:57 
----> [FINISH BUILDING 'light_boost' MODEL FOR 'LF' FEATURE SET]
INFO: 2020-04-14 17:51:57 
[FINISH BUILDING MODEL 'light_boost']
INFO: 2020-04-14 17:51:57 
--- FINISH BUILDING MODELS ---
INFO: 2020-04-14 17:51:57 
--- START TRAINING ---
INFO: 2020-04-14 17:51:57 
[START TRAINING MODEL 'light_boost']
INFO: 2020-04-14 17:51:57 
----> [START TRAINING 'light_boost' MODEL FOR 'LF' FEATURE SET]
INFO: 2020-04-14 18:12:32 
- MODEL PARAMS -
INFO: 2020-04-14 18:12:32 
{'boosting_type': 'gbdt',
 'class_weight': None,
 'colsample_bytree': 0.40492048088545524,
 'importance_type': 'split',
 'learning_rate': 0.2125,
 'max_depth': -1,
 'min_child_samples': 7,
 'min_child_weight': 0.001,
 'min_split_gain': 0.0,
 'n_estimators': 425,
 'n_jobs': -1,
 'num_leaves': 228,
 'objective': None,
 'random_state': None,
 'reg_alpha': 6.12050129647087e-05,
 'reg_lambda': 0.0010072439364763135,
 'silent': True,
 'subsample': 0.6767927031918298,
 'subsample_for_bin': 200000,
 'subsample_freq': 0}
INFO: 2020-04-14 18:12:32 
----> [FINISH TRAINING 'light_boost' MODEL FOR 'LF' FEATURE SET]
INFO: 2020-04-14 18:12:32 
[FINISH TRAINING MODEL 'light_boost']
INFO: 2020-04-14 18:12:32 
--- FINISH TRAINING ---
INFO: 2020-04-14 18:12:32 
--- START EVALUATION ---
INFO: 2020-04-14 18:12:32 
[START EVALUATING MODEL 'light_boost']
INFO: 2020-04-14 18:12:32 
----> [START EVALUATING 'light_boost' MODEL FOR 'LF' FEATURE SET]
INFO: 2020-04-14 18:12:32 
- RESULTS -
INFO: 2020-04-14 18:12:32 
OrderedDict([('precision', 0.9028436018957346),
             ('recall', 0.703601108033241),
             ('f1', 0.790866632070576),
             ('f1_micro', 0.9758248350329934),
             ('confusion', array([[15505,    82],
       [  321,   762]]))])
INFO: 2020-04-14 18:12:32 
----> [FINISH EVALUATING 'light_boost' MODEL FOR 'LF' FEATURE SET]
INFO: 2020-04-14 18:12:32 
[FINISH EVALUATING MODEL 'light_boost']
INFO: 2020-04-14 18:12:32 
--- FINISH EVALUATION ---
INFO: 2020-04-14 18:12:32 
-------- FINISH EXPERIMENT --------
