INFO: 2020-04-14 22:54:19 
-------- START EXPERIMENT --------
INFO: 2020-04-14 22:54:19 
- PROPERTIES -
INFO: 2020-04-14 22:54:19 
{'data': 'elliptic',
 'data_config_file': 'configuration/data/data_config.yaml',
 'elliptic_args': {'encode_classes': True,
                   'feat_sets': ['LF'],
                   'inc_unknown': False,
                   'train_size': 0.7},
 'evaluation_metrics': ['precision', 'recall', 'f1', 'f1_micro', 'confusion'],
 'log_path': 'logs/',
 'models': ['xg_boost'],
 'save_log': True,
 'xg_boost_args': {'persist_props': {'method': 'save',
                                     'save_path': 'persistence/experiment_1/tuned_models'},
                   'tune_props': {'k_folds': 10,
                                  'method': 'tpe',
                                  'n_iterations': 100,
                                  'param_grid': {'colsample_bytree': {'max': 1.0,
                                                                      'min': 0.9,
                                                                      'type': 'suggest_uniform'},
                                                 'gamma': {'max': 0.02,
                                                           'min': 0.0,
                                                           'step': 0.00025,
                                                           'type': 'suggest_discrete_uniform'},
                                                 'learning_rate': {'type': 'fixed',
                                                                   'value': 0.2825},
                                                 'max_delta_step': {'max': 1,
                                                                    'min': 0,
                                                                    'type': 'suggest_int'},
                                                 'max_depth': {'max': 12,
                                                               'min': 1,
                                                               'type': 'suggest_int'},
                                                 'min_child_weight': {'max': 10,
                                                                      'min': 0,
                                                                      'type': 'suggest_int'},
                                                 'n_estimators': {'type': 'fixed',
                                                                  'value': 275},
                                                 'predictor': {'type': 'throw',
                                                               'value': 'gpu_predictor'},
                                                 'reg_alpha': {'max': 1.0,
                                                               'min': 1e-08,
                                                               'type': 'suggest_loguniform'},
                                                 'reg_lambda': {'max': 1.0,
                                                                'min': 1e-08,
                                                                'type': 'suggest_loguniform'},
                                                 'subsample': {'max': 1.0,
                                                               'min': 0.9,
                                                               'type': 'suggest_uniform'},
                                                 'tree_method': {'type': 'throw',
                                                                 'value': 'gpu_hist'}},
                                  'scoring': 'neg_log_loss'}}}
INFO: 2020-04-14 22:54:19 
--- START BUILDING DATASET ---
INFO: 2020-04-14 22:54:19 
- DATASET -
INFO: 2020-04-14 22:54:19 
elliptic
INFO: 2020-04-14 22:54:19 
- CONFIG -
INFO: 2020-04-14 22:54:19 
'configuration/data/data_config.yaml'
INFO: 2020-04-14 22:54:27 
--- FINISH BUILDING DATASET ---
INFO: 2020-04-14 22:54:27 
--- START BUILDING MODELS ---
INFO: 2020-04-14 22:54:27 
- MODELS -
INFO: 2020-04-14 22:54:27 
['xg_boost']
INFO: 2020-04-14 22:54:27 
[START BUILDING MODEL 'xg_boost']
INFO: 2020-04-14 22:54:27 
- ARGUMENTS -
INFO: 2020-04-14 22:54:27 
{'persist_props': {'method': 'save',
                   'save_path': 'persistence/experiment_1/tuned_models'},
 'tune_props': {'k_folds': 10,
                'method': 'tpe',
                'n_iterations': 100,
                'param_grid': {'colsample_bytree': {'max': 1.0,
                                                    'min': 0.9,
                                                    'type': 'suggest_uniform'},
                               'gamma': {'max': 0.02,
                                         'min': 0.0,
                                         'step': 0.00025,
                                         'type': 'suggest_discrete_uniform'},
                               'learning_rate': {'type': 'fixed',
                                                 'value': 0.2825},
                               'max_delta_step': {'max': 1,
                                                  'min': 0,
                                                  'type': 'suggest_int'},
                               'max_depth': {'max': 12,
                                             'min': 1,
                                             'type': 'suggest_int'},
                               'min_child_weight': {'max': 10,
                                                    'min': 0,
                                                    'type': 'suggest_int'},
                               'n_estimators': {'type': 'fixed', 'value': 275},
                               'predictor': {'type': 'throw',
                                             'value': 'gpu_predictor'},
                               'reg_alpha': {'max': 1.0,
                                             'min': 1e-08,
                                             'type': 'suggest_loguniform'},
                               'reg_lambda': {'max': 1.0,
                                              'min': 1e-08,
                                              'type': 'suggest_loguniform'},
                               'subsample': {'max': 1.0,
                                             'min': 0.9,
                                             'type': 'suggest_uniform'},
                               'tree_method': {'type': 'throw',
                                               'value': 'gpu_hist'}},
                'scoring': 'neg_log_loss'}}
INFO: 2020-04-14 22:54:27 
----> [START BUILDING 'xg_boost' MODEL FOR 'LF' FEATURE SET]
INFO: 2020-04-14 22:54:27 
----> [FINISH BUILDING 'xg_boost' MODEL FOR 'LF' FEATURE SET]
INFO: 2020-04-14 22:54:27 
[FINISH BUILDING MODEL 'xg_boost']
INFO: 2020-04-14 22:54:27 
--- FINISH BUILDING MODELS ---
INFO: 2020-04-14 22:54:27 
--- START TRAINING ---
INFO: 2020-04-14 22:54:27 
[START TRAINING MODEL 'xg_boost']
INFO: 2020-04-14 22:54:27 
----> [START TRAINING 'xg_boost' MODEL FOR 'LF' FEATURE SET]
INFO: 2020-04-15 01:01:48 
- MODEL PARAMS -
INFO: 2020-04-15 01:01:48 
{'base_score': 0.5,
 'booster': None,
 'colsample_bylevel': 1,
 'colsample_bynode': 1,
 'colsample_bytree': 0.9189218108942864,
 'gamma': 0.00125,
 'gpu_id': -1,
 'importance_type': 'gain',
 'interaction_constraints': None,
 'learning_rate': 0.2825,
 'max_delta_step': 1,
 'max_depth': 11,
 'min_child_weight': 0,
 'missing': nan,
 'monotone_constraints': None,
 'n_estimators': 275,
 'n_jobs': 0,
 'num_parallel_tree': 1,
 'objective': 'binary:logistic',
 'random_state': 0,
 'reg_alpha': 2.752868648372344e-08,
 'reg_lambda': 5.205784657356083e-06,
 'scale_pos_weight': 1,
 'subsample': 0.9349894939491086,
 'tree_method': None,
 'validate_parameters': False,
 'verbosity': None}
INFO: 2020-04-15 01:01:48 
----> [FINISH TRAINING 'xg_boost' MODEL FOR 'LF' FEATURE SET]
INFO: 2020-04-15 01:01:48 
[FINISH TRAINING MODEL 'xg_boost']
INFO: 2020-04-15 01:01:48 
--- FINISH TRAINING ---
INFO: 2020-04-15 01:01:48 
--- START EVALUATION ---
INFO: 2020-04-15 01:01:48 
[START EVALUATING MODEL 'xg_boost']
INFO: 2020-04-15 01:01:48 
----> [START EVALUATING 'xg_boost' MODEL FOR 'LF' FEATURE SET]
INFO: 2020-04-15 01:01:48 
- RESULTS -
INFO: 2020-04-15 01:01:48 
OrderedDict([('precision', 0.9119804400977995),
             ('recall', 0.6888273314866112),
             ('f1', 0.7848500789058391),
             ('f1_micro', 0.9754649070185962),
             ('confusion', array([[15515,    72],
       [  337,   746]]))])
INFO: 2020-04-15 01:01:48 
----> [FINISH EVALUATING 'xg_boost' MODEL FOR 'LF' FEATURE SET]
INFO: 2020-04-15 01:01:48 
[FINISH EVALUATING MODEL 'xg_boost']
INFO: 2020-04-15 01:01:48 
--- FINISH EVALUATION ---
INFO: 2020-04-15 01:01:48 
-------- FINISH EXPERIMENT --------
