INFO: 2020-04-15 22:09:25 
-------- START EXPERIMENT --------
INFO: 2020-04-15 22:09:25 
- PROPERTIES -
INFO: 2020-04-15 22:09:25 
{'data': 'elliptic',
 'data_config_file': 'configuration/data/data_config.yaml',
 'elliptic_args': {'encode_classes': True,
                   'feat_sets': ['LF_NE'],
                   'inc_unknown': False,
                   'train_size': 0.7},
 'evaluation_metrics': ['precision', 'recall', 'f1', 'f1_micro', 'confusion'],
 'log_path': 'logs/',
 'models': ['xg_boost'],
 'save_log': True,
 'xg_boost_args': {'persist_props': {'method': 'save',
                                     'save_path': 'persistence/experiment_1/tuned_models'},
                   'tune_props': {'k_folds': 10,
                                  'method': 'tpe',
                                  'n_iterations': 100,
                                  'param_grid': {'colsample_bytree': {'max': 1.0,
                                                                      'min': 0.9,
                                                                      'type': 'suggest_uniform'},
                                                 'gamma': {'max': 0.02,
                                                           'min': 0.0,
                                                           'step': 0.00025,
                                                           'type': 'suggest_discrete_uniform'},
                                                 'learning_rate': {'type': 'fixed',
                                                                   'value': 0.085},
                                                 'max_delta_step': {'max': 1,
                                                                    'min': 0,
                                                                    'type': 'suggest_int'},
                                                 'max_depth': {'max': 12,
                                                               'min': 1,
                                                               'type': 'suggest_int'},
                                                 'min_child_weight': {'max': 10,
                                                                      'min': 0,
                                                                      'type': 'suggest_int'},
                                                 'n_estimators': {'type': 'fixed',
                                                                  'value': 600},
                                                 'predictor': {'type': 'throw',
                                                               'value': 'gpu_predictor'},
                                                 'reg_alpha': {'max': 1.0,
                                                               'min': 1e-08,
                                                               'type': 'suggest_loguniform'},
                                                 'reg_lambda': {'max': 1.0,
                                                                'min': 1e-08,
                                                                'type': 'suggest_loguniform'},
                                                 'subsample': {'max': 1.0,
                                                               'min': 0.9,
                                                               'type': 'suggest_uniform'},
                                                 'tree_method': {'type': 'throw',
                                                                 'value': 'gpu_hist'}},
                                  'scoring': 'neg_log_loss'}}}
INFO: 2020-04-15 22:09:25 
--- START BUILDING DATASET ---
INFO: 2020-04-15 22:09:25 
- DATASET -
INFO: 2020-04-15 22:09:25 
elliptic
INFO: 2020-04-15 22:09:25 
- CONFIG -
INFO: 2020-04-15 22:09:25 
'configuration/data/data_config.yaml'
INFO: 2020-04-15 22:09:33 
--- FINISH BUILDING DATASET ---
INFO: 2020-04-15 22:09:33 
--- START BUILDING MODELS ---
INFO: 2020-04-15 22:09:33 
- MODELS -
INFO: 2020-04-15 22:09:33 
['xg_boost']
INFO: 2020-04-15 22:09:33 
[START BUILDING MODEL 'xg_boost']
INFO: 2020-04-15 22:09:33 
- ARGUMENTS -
INFO: 2020-04-15 22:09:33 
{'persist_props': {'method': 'save',
                   'save_path': 'persistence/experiment_1/tuned_models'},
 'tune_props': {'k_folds': 10,
                'method': 'tpe',
                'n_iterations': 100,
                'param_grid': {'colsample_bytree': {'max': 1.0,
                                                    'min': 0.9,
                                                    'type': 'suggest_uniform'},
                               'gamma': {'max': 0.02,
                                         'min': 0.0,
                                         'step': 0.00025,
                                         'type': 'suggest_discrete_uniform'},
                               'learning_rate': {'type': 'fixed',
                                                 'value': 0.085},
                               'max_delta_step': {'max': 1,
                                                  'min': 0,
                                                  'type': 'suggest_int'},
                               'max_depth': {'max': 12,
                                             'min': 1,
                                             'type': 'suggest_int'},
                               'min_child_weight': {'max': 10,
                                                    'min': 0,
                                                    'type': 'suggest_int'},
                               'n_estimators': {'type': 'fixed', 'value': 600},
                               'predictor': {'type': 'throw',
                                             'value': 'gpu_predictor'},
                               'reg_alpha': {'max': 1.0,
                                             'min': 1e-08,
                                             'type': 'suggest_loguniform'},
                               'reg_lambda': {'max': 1.0,
                                              'min': 1e-08,
                                              'type': 'suggest_loguniform'},
                               'subsample': {'max': 1.0,
                                             'min': 0.9,
                                             'type': 'suggest_uniform'},
                               'tree_method': {'type': 'throw',
                                               'value': 'gpu_hist'}},
                'scoring': 'neg_log_loss'}}
INFO: 2020-04-15 22:09:33 
----> [START BUILDING 'xg_boost' MODEL FOR 'LF_NE' FEATURE SET]
INFO: 2020-04-15 22:09:33 
----> [FINISH BUILDING 'xg_boost' MODEL FOR 'LF_NE' FEATURE SET]
INFO: 2020-04-15 22:09:33 
[FINISH BUILDING MODEL 'xg_boost']
INFO: 2020-04-15 22:09:33 
--- FINISH BUILDING MODELS ---
INFO: 2020-04-15 22:09:33 
--- START TRAINING ---
INFO: 2020-04-15 22:09:33 
[START TRAINING MODEL 'xg_boost']
INFO: 2020-04-15 22:09:33 
----> [START TRAINING 'xg_boost' MODEL FOR 'LF_NE' FEATURE SET]
INFO: 2020-04-16 03:21:14 
- MODEL PARAMS -
INFO: 2020-04-16 03:21:14 
{'base_score': 0.5,
 'booster': None,
 'colsample_bylevel': 1,
 'colsample_bynode': 1,
 'colsample_bytree': 0.9628498769407853,
 'gamma': 0.0,
 'gpu_id': -1,
 'importance_type': 'gain',
 'interaction_constraints': None,
 'learning_rate': 0.085,
 'max_delta_step': 0,
 'max_depth': 9,
 'min_child_weight': 0,
 'missing': nan,
 'monotone_constraints': None,
 'n_estimators': 600,
 'n_jobs': 0,
 'num_parallel_tree': 1,
 'objective': 'binary:logistic',
 'random_state': 0,
 'reg_alpha': 2.3154577249592235e-05,
 'reg_lambda': 0.011511136982598818,
 'scale_pos_weight': 1,
 'subsample': 0.9099822047532131,
 'tree_method': None,
 'validate_parameters': False,
 'verbosity': None}
INFO: 2020-04-16 03:21:14 
----> [FINISH TRAINING 'xg_boost' MODEL FOR 'LF_NE' FEATURE SET]
INFO: 2020-04-16 03:21:14 
[FINISH TRAINING MODEL 'xg_boost']
INFO: 2020-04-16 03:21:14 
--- FINISH TRAINING ---
INFO: 2020-04-16 03:21:14 
--- START EVALUATION ---
INFO: 2020-04-16 03:21:14 
[START EVALUATING MODEL 'xg_boost']
INFO: 2020-04-16 03:21:14 
----> [START EVALUATING 'xg_boost' MODEL FOR 'LF_NE' FEATURE SET]
INFO: 2020-04-16 03:21:14 
- RESULTS -
INFO: 2020-04-16 03:21:14 
OrderedDict([('precision', 0.9838709677419355),
             ('recall', 0.6759002770083102),
             ('f1', 0.8013136288998358),
             ('f1_micro', 0.9782243551289742),
             ('confusion', array([[15575,    12],
       [  351,   732]]))])
INFO: 2020-04-16 03:21:14 
----> [FINISH EVALUATING 'xg_boost' MODEL FOR 'LF_NE' FEATURE SET]
INFO: 2020-04-16 03:21:14 
[FINISH EVALUATING MODEL 'xg_boost']
INFO: 2020-04-16 03:21:14 
--- FINISH EVALUATION ---
INFO: 2020-04-16 03:21:14 
-------- FINISH EXPERIMENT --------
