INFO: 2020-04-15 00:55:54 
-------- START EXPERIMENT --------
INFO: 2020-04-15 00:55:54 
- PROPERTIES -
INFO: 2020-04-15 00:55:54 
{'data': 'elliptic',
 'data_config_file': 'configuration/data/data_config.yaml',
 'elliptic_args': {'encode_classes': True,
                   'feat_sets': ['LF_NE'],
                   'inc_unknown': False,
                   'train_size': 0.7},
 'evaluation_metrics': ['precision', 'recall', 'f1', 'f1_micro', 'confusion'],
 'light_boost_args': {'persist_props': {'method': 'save',
                                        'save_path': 'persistence/experiment_1/tuned_models'},
                      'tune_props': {'k_folds': 10,
                                     'method': 'tpe',
                                     'n_iterations': 100,
                                     'param_grid': {'colsample_bytree': {'max': 1.0,
                                                                         'min': 0.4,
                                                                         'type': 'suggest_uniform'},
                                                    'learning_rate': {'type': 'fixed',
                                                                      'value': 0.1075},
                                                    'min_child_samples': {'max': 100,
                                                                          'min': 5,
                                                                          'type': 'suggest_int'},
                                                    'n_estimators': {'type': 'fixed',
                                                                     'value': 475},
                                                    'num_leaves': {'max': 256,
                                                                   'min': 2,
                                                                   'type': 'suggest_int'},
                                                    'reg_alpha': {'max': 10.0,
                                                                  'min': 1e-08,
                                                                  'type': 'suggest_loguniform'},
                                                    'reg_lambda': {'max': 10.0,
                                                                   'min': 1e-08,
                                                                   'type': 'suggest_loguniform'},
                                                    'subsample': {'max': 1.0,
                                                                  'min': 0.4,
                                                                  'type': 'suggest_uniform'},
                                                    'subsample_freq': {'max': 7,
                                                                       'min': 0,
                                                                       'type': 'suggest_int'}},
                                     'scoring': 'neg_log_loss'}},
 'log_path': 'logs/',
 'models': ['light_boost'],
 'save_log': True}
INFO: 2020-04-15 00:55:54 
--- START BUILDING DATASET ---
INFO: 2020-04-15 00:55:54 
- DATASET -
INFO: 2020-04-15 00:55:54 
elliptic
INFO: 2020-04-15 00:55:54 
- CONFIG -
INFO: 2020-04-15 00:55:54 
'configuration/data/data_config.yaml'
INFO: 2020-04-15 00:56:02 
--- FINISH BUILDING DATASET ---
INFO: 2020-04-15 00:56:02 
--- START BUILDING MODELS ---
INFO: 2020-04-15 00:56:02 
- MODELS -
INFO: 2020-04-15 00:56:02 
['light_boost']
INFO: 2020-04-15 00:56:02 
[START BUILDING MODEL 'light_boost']
INFO: 2020-04-15 00:56:02 
- ARGUMENTS -
INFO: 2020-04-15 00:56:02 
{'persist_props': {'method': 'save',
                   'save_path': 'persistence/experiment_1/tuned_models'},
 'tune_props': {'k_folds': 10,
                'method': 'tpe',
                'n_iterations': 100,
                'param_grid': {'colsample_bytree': {'max': 1.0,
                                                    'min': 0.4,
                                                    'type': 'suggest_uniform'},
                               'learning_rate': {'type': 'fixed',
                                                 'value': 0.1075},
                               'min_child_samples': {'max': 100,
                                                     'min': 5,
                                                     'type': 'suggest_int'},
                               'n_estimators': {'type': 'fixed', 'value': 475},
                               'num_leaves': {'max': 256,
                                              'min': 2,
                                              'type': 'suggest_int'},
                               'reg_alpha': {'max': 10.0,
                                             'min': 1e-08,
                                             'type': 'suggest_loguniform'},
                               'reg_lambda': {'max': 10.0,
                                              'min': 1e-08,
                                              'type': 'suggest_loguniform'},
                               'subsample': {'max': 1.0,
                                             'min': 0.4,
                                             'type': 'suggest_uniform'},
                               'subsample_freq': {'max': 7,
                                                  'min': 0,
                                                  'type': 'suggest_int'}},
                'scoring': 'neg_log_loss'}}
INFO: 2020-04-15 00:56:02 
----> [START BUILDING 'light_boost' MODEL FOR 'LF_NE' FEATURE SET]
INFO: 2020-04-15 00:56:02 
----> [FINISH BUILDING 'light_boost' MODEL FOR 'LF_NE' FEATURE SET]
INFO: 2020-04-15 00:56:02 
[FINISH BUILDING MODEL 'light_boost']
INFO: 2020-04-15 00:56:02 
--- FINISH BUILDING MODELS ---
INFO: 2020-04-15 00:56:02 
--- START TRAINING ---
INFO: 2020-04-15 00:56:02 
[START TRAINING MODEL 'light_boost']
INFO: 2020-04-15 00:56:02 
----> [START TRAINING 'light_boost' MODEL FOR 'LF_NE' FEATURE SET]
INFO: 2020-04-15 03:14:06 
- MODEL PARAMS -
INFO: 2020-04-15 03:14:06 
{'boosting_type': 'gbdt',
 'class_weight': None,
 'colsample_bytree': 0.4401195702365412,
 'importance_type': 'split',
 'learning_rate': 0.1075,
 'max_depth': -1,
 'min_child_samples': 29,
 'min_child_weight': 0.001,
 'min_split_gain': 0.0,
 'n_estimators': 475,
 'n_jobs': -1,
 'num_leaves': 109,
 'objective': None,
 'random_state': None,
 'reg_alpha': 0.00042202892157929586,
 'reg_lambda': 4.655929981337116e-06,
 'silent': True,
 'subsample': 0.4496293864451597,
 'subsample_for_bin': 200000,
 'subsample_freq': 1}
INFO: 2020-04-15 03:14:06 
----> [FINISH TRAINING 'light_boost' MODEL FOR 'LF_NE' FEATURE SET]
INFO: 2020-04-15 03:14:06 
[FINISH TRAINING MODEL 'light_boost']
INFO: 2020-04-15 03:14:06 
--- FINISH TRAINING ---
INFO: 2020-04-15 03:14:06 
--- START EVALUATION ---
INFO: 2020-04-15 03:14:06 
[START EVALUATING MODEL 'light_boost']
INFO: 2020-04-15 03:14:06 
----> [START EVALUATING 'light_boost' MODEL FOR 'LF_NE' FEATURE SET]
INFO: 2020-04-15 03:14:06 
- RESULTS -
INFO: 2020-04-15 03:14:06 
OrderedDict([('precision', 0.987688098495212),
             ('recall', 0.6666666666666666),
             ('f1', 0.7960308710033076),
             ('f1_micro', 0.9778044391121775),
             ('confusion', array([[15578,     9],
       [  361,   722]]))])
INFO: 2020-04-15 03:14:06 
----> [FINISH EVALUATING 'light_boost' MODEL FOR 'LF_NE' FEATURE SET]
INFO: 2020-04-15 03:14:06 
[FINISH EVALUATING MODEL 'light_boost']
INFO: 2020-04-15 03:14:06 
--- FINISH EVALUATION ---
INFO: 2020-04-15 03:14:06 
-------- FINISH EXPERIMENT --------
