INFO: 2020-04-19 21:27:43 
-------- START EXPERIMENT --------
INFO: 2020-04-19 21:27:43 
- PROPERTIES -
INFO: 2020-04-19 21:27:43 
{'cat_boost_args': {'persist_props': {'method': 'save',
                                      'save_path': 'persistence/experiment_1/tuned_models'},
                    'tune_props': {'k_folds': 10,
                                   'method': 'tpe',
                                   'n_iterations': 100,
                                   'param_grid': {'depth': {'max': 16,
                                                            'min': 1,
                                                            'type': 'suggest_int'},
                                                  'iterations': {'type': 'fixed',
                                                                 'value': 300},
                                                  'l2_leaf_reg': {'max': 10.0,
                                                                  'min': 1.0,
                                                                  'step': 0.05,
                                                                  'type': 'suggest_discrete_uniform'},
                                                  'learning_rate': {'type': 'fixed',
                                                                    'value': 0.12},
                                                  'random_strength': {'max': 100.0,
                                                                      'min': 0.0,
                                                                      'type': 'suggest_uniform'},
                                                  'rsm': {'max': 1.0,
                                                          'min': 0.01,
                                                          'type': 'suggest_uniform'},
                                                  'task_type': {'type': 'fixed',
                                                                'value': 'GPU'},
                                                  'verbose': {'type': 'fixed',
                                                              'value': 0}},
                                   'scoring': 'f1'}},
 'data': 'elliptic',
 'data_config_file': 'configuration/data/data_config.yaml',
 'elliptic_args': {'encode_classes': True,
                   'feat_sets': ['AF'],
                   'inc_unknown': False,
                   'train_size': 0.7},
 'evaluation_metrics': ['precision', 'recall', 'f1', 'f1_micro', 'confusion'],
 'log_path': 'logs/',
 'models': ['cat_boost'],
 'save_log': True}
INFO: 2020-04-19 21:27:43 
--- START BUILDING DATASET ---
INFO: 2020-04-19 21:27:43 
- DATASET -
INFO: 2020-04-19 21:27:43 
elliptic
INFO: 2020-04-19 21:27:43 
- CONFIG -
INFO: 2020-04-19 21:27:43 
'configuration/data/data_config.yaml'
INFO: 2020-04-19 21:27:51 
--- FINISH BUILDING DATASET ---
INFO: 2020-04-19 21:27:51 
--- START BUILDING MODELS ---
INFO: 2020-04-19 21:27:51 
- MODELS -
INFO: 2020-04-19 21:27:51 
['cat_boost']
INFO: 2020-04-19 21:27:51 
[START BUILDING MODEL 'cat_boost']
INFO: 2020-04-19 21:27:51 
- ARGUMENTS -
INFO: 2020-04-19 21:27:51 
{'persist_props': {'method': 'save',
                   'save_path': 'persistence/experiment_1/tuned_models'},
 'tune_props': {'k_folds': 10,
                'method': 'tpe',
                'n_iterations': 100,
                'param_grid': {'depth': {'max': 16,
                                         'min': 1,
                                         'type': 'suggest_int'},
                               'iterations': {'type': 'fixed', 'value': 300},
                               'l2_leaf_reg': {'max': 10.0,
                                               'min': 1.0,
                                               'step': 0.05,
                                               'type': 'suggest_discrete_uniform'},
                               'learning_rate': {'type': 'fixed',
                                                 'value': 0.12},
                               'random_strength': {'max': 100.0,
                                                   'min': 0.0,
                                                   'type': 'suggest_uniform'},
                               'rsm': {'max': 1.0,
                                       'min': 0.01,
                                       'type': 'suggest_uniform'},
                               'task_type': {'type': 'fixed', 'value': 'GPU'},
                               'verbose': {'type': 'fixed', 'value': 0}},
                'scoring': 'f1'}}
INFO: 2020-04-19 21:27:51 
----> [START BUILDING 'cat_boost' MODEL FOR 'AF' FEATURE SET]
INFO: 2020-04-19 21:27:51 
----> [FINISH BUILDING 'cat_boost' MODEL FOR 'AF' FEATURE SET]
INFO: 2020-04-19 21:27:51 
[FINISH BUILDING MODEL 'cat_boost']
INFO: 2020-04-19 21:27:51 
--- FINISH BUILDING MODELS ---
INFO: 2020-04-19 21:27:51 
--- START TRAINING ---
INFO: 2020-04-19 21:27:51 
[START TRAINING MODEL 'cat_boost']
INFO: 2020-04-19 21:27:51 
----> [START TRAINING 'cat_boost' MODEL FOR 'AF' FEATURE SET]
ERROR: 2020-04-19 21:28:26 
(<class 'ValueError'>, ValueError('No trials are completed yet.'), <traceback object at 0x7fdb0bc05910>)
Traceback (most recent call last):
  File "experiment.py", line 204, in <module>
    train_models(dataset, models)
  File "experiment.py", line 135, in train_models
    model.fit(X, y)
  File "/home/dvassallo/repos/aml-crypto-graph/src/cryptoaml/models/_models.py", line 116, in fit
    self._tuner, self._tune_props = tu.tune_model(self._model, X, y, self._tune_props)
  File "/home/dvassallo/repos/aml-crypto-graph/src/cryptoaml/tune/_tuning.py", line 535, in tune_model
    tuner.fit(X, y)
  File "/home/dvassallo/repos/aml-crypto-graph/src/cryptoaml/tune/_tuning.py", line 243, in fit
    self._best_score = self._study.best_trial.value
  File "/home/dvassallo/anaconda3/envs/btc_classifier/lib/python3.7/site-packages/optuna/study.py", line 93, in best_trial
    return self._storage.get_best_trial(self._study_id)
  File "/home/dvassallo/anaconda3/envs/btc_classifier/lib/python3.7/site-packages/optuna/storages/in_memory.py", line 245, in get_best_trial
    raise ValueError("No trials are completed yet.")
ValueError: No trials are completed yet.
