INFO: 2020-04-13 19:05:18 
-------- START EXPERIMENT --------
INFO: 2020-04-13 19:05:18 
- PROPERTIES -
INFO: 2020-04-13 19:05:18 
{'data': 'elliptic',
 'data_config_file': 'configuration/data/data_config.yaml',
 'elliptic_args': {'encode_classes': True,
                   'feat_sets': ['AF'],
                   'inc_unknown': False,
                   'train_size': 0.7},
 'evaluation_metrics': ['precision', 'recall', 'f1', 'f1_micro', 'confusion'],
 'log_path': 'logs/',
 'models': ['xg_boost'],
 'save_log': True,
 'xg_boost_args': {'persist_props': {'method': 'save',
                                     'save_path': 'persistence/experiment_1/tuned_models'},
                   'tune_props': {'k_folds': 3,
                                  'method': 'tpe',
                                  'n_iterations': 100,
                                  'param_grid': {'colsample_bytree': {'max': 1.0,
                                                                      'min': 0.9,
                                                                      'type': 'suggest_uniform'},
                                                 'gamma': {'max': 0.02,
                                                           'min': 0.0,
                                                           'step': 0.00025,
                                                           'type': 'suggest_discrete_uniform'},
                                                 'learning_rate': {'type': 'fixed',
                                                                   'value': 0.075},
                                                 'max_delta_step': {'max': 1,
                                                                    'min': 0,
                                                                    'type': 'suggest_int'},
                                                 'max_depth': {'max': 12,
                                                               'min': 1,
                                                               'type': 'suggest_int'},
                                                 'min_child_weight': {'max': 10,
                                                                      'min': 0,
                                                                      'type': 'suggest_int'},
                                                 'n_estimators': {'type': 'fixed',
                                                                  'value': 975},
                                                 'predictor': {'type': 'throw',
                                                               'value': 'gpu_predictor'},
                                                 'reg_alpha': {'max': 1.0,
                                                               'min': 1e-08,
                                                               'type': 'suggest_loguniform'},
                                                 'reg_lambda': {'max': 1.0,
                                                                'min': 1e-08,
                                                                'type': 'suggest_loguniform'},
                                                 'subsample': {'max': 1.0,
                                                               'min': 0.9,
                                                               'type': 'suggest_uniform'},
                                                 'tree_method': {'type': 'throw',
                                                                 'value': 'gpu_hist'}},
                                  'scoring': 'neg_log_loss'}}}
INFO: 2020-04-13 19:05:18 
--- START BUILDING DATASET ---
INFO: 2020-04-13 19:05:18 
- DATASET -
INFO: 2020-04-13 19:05:18 
elliptic
INFO: 2020-04-13 19:05:18 
- CONFIG -
INFO: 2020-04-13 19:05:18 
'configuration/data/data_config.yaml'
INFO: 2020-04-13 19:05:26 
--- FINISH BUILDING DATASET ---
INFO: 2020-04-13 19:05:26 
--- START BUILDING MODELS ---
INFO: 2020-04-13 19:05:26 
- MODELS -
INFO: 2020-04-13 19:05:26 
['xg_boost']
INFO: 2020-04-13 19:05:26 
[START BUILDING MODEL 'xg_boost']
INFO: 2020-04-13 19:05:26 
- ARGUMENTS -
INFO: 2020-04-13 19:05:26 
{'persist_props': {'method': 'save',
                   'save_path': 'persistence/experiment_1/tuned_models'},
 'tune_props': {'k_folds': 3,
                'method': 'tpe',
                'n_iterations': 100,
                'param_grid': {'colsample_bytree': {'max': 1.0,
                                                    'min': 0.9,
                                                    'type': 'suggest_uniform'},
                               'gamma': {'max': 0.02,
                                         'min': 0.0,
                                         'step': 0.00025,
                                         'type': 'suggest_discrete_uniform'},
                               'learning_rate': {'type': 'fixed',
                                                 'value': 0.075},
                               'max_delta_step': {'max': 1,
                                                  'min': 0,
                                                  'type': 'suggest_int'},
                               'max_depth': {'max': 12,
                                             'min': 1,
                                             'type': 'suggest_int'},
                               'min_child_weight': {'max': 10,
                                                    'min': 0,
                                                    'type': 'suggest_int'},
                               'n_estimators': {'type': 'fixed', 'value': 975},
                               'predictor': {'type': 'throw',
                                             'value': 'gpu_predictor'},
                               'reg_alpha': {'max': 1.0,
                                             'min': 1e-08,
                                             'type': 'suggest_loguniform'},
                               'reg_lambda': {'max': 1.0,
                                              'min': 1e-08,
                                              'type': 'suggest_loguniform'},
                               'subsample': {'max': 1.0,
                                             'min': 0.9,
                                             'type': 'suggest_uniform'},
                               'tree_method': {'type': 'throw',
                                               'value': 'gpu_hist'}},
                'scoring': 'neg_log_loss'}}
INFO: 2020-04-13 19:05:26 
----> [START BUILDING 'xg_boost' MODEL FOR 'AF' FEATURE SET]
INFO: 2020-04-13 19:05:26 
----> [FINISH BUILDING 'xg_boost' MODEL FOR 'AF' FEATURE SET]
INFO: 2020-04-13 19:05:26 
[FINISH BUILDING MODEL 'xg_boost']
INFO: 2020-04-13 19:05:26 
--- FINISH BUILDING MODELS ---
INFO: 2020-04-13 19:05:26 
--- START TRAINING ---
INFO: 2020-04-13 19:05:26 
[START TRAINING MODEL 'xg_boost']
INFO: 2020-04-13 19:05:26 
----> [START TRAINING 'xg_boost' MODEL FOR 'AF' FEATURE SET]
INFO: 2020-04-13 20:45:02 
- MODEL PARAMS -
INFO: 2020-04-13 20:45:02 
{'base_score': 0.5,
 'booster': None,
 'colsample_bylevel': 1,
 'colsample_bynode': 1,
 'colsample_bytree': 0.9123491290325024,
 'gamma': 0.0115,
 'gpu_id': -1,
 'importance_type': 'gain',
 'interaction_constraints': None,
 'learning_rate': 0.075,
 'max_delta_step': 1,
 'max_depth': 8,
 'min_child_weight': 10,
 'missing': nan,
 'monotone_constraints': None,
 'n_estimators': 975,
 'n_jobs': 0,
 'num_parallel_tree': 1,
 'objective': 'binary:logistic',
 'random_state': 0,
 'reg_alpha': 2.995423523295576e-07,
 'reg_lambda': 0.0018920640123856723,
 'scale_pos_weight': 1,
 'subsample': 0.9997128389981752,
 'tree_method': None,
 'validate_parameters': False,
 'verbosity': None}
INFO: 2020-04-13 20:45:02 
----> [FINISH TRAINING 'xg_boost' MODEL FOR 'AF' FEATURE SET]
INFO: 2020-04-13 20:45:02 
[FINISH TRAINING MODEL 'xg_boost']
INFO: 2020-04-13 20:45:02 
--- FINISH TRAINING ---
INFO: 2020-04-13 20:45:02 
--- START EVALUATION ---
INFO: 2020-04-13 20:45:02 
[START EVALUATING MODEL 'xg_boost']
INFO: 2020-04-13 20:45:02 
----> [START EVALUATING 'xg_boost' MODEL FOR 'AF' FEATURE SET]
INFO: 2020-04-13 20:45:02 
- RESULTS -
INFO: 2020-04-13 20:45:02 
OrderedDict([('precision', 0.9081395348837209),
             ('recall', 0.7211449676823638),
             ('f1', 0.8039114770972723),
             ('f1_micro', 0.9771445710857829),
             ('confusion', array([[15508,    79],
       [  302,   781]]))])
INFO: 2020-04-13 20:45:02 
----> [FINISH EVALUATING 'xg_boost' MODEL FOR 'AF' FEATURE SET]
INFO: 2020-04-13 20:45:02 
[FINISH EVALUATING MODEL 'xg_boost']
INFO: 2020-04-13 20:45:02 
--- FINISH EVALUATION ---
INFO: 2020-04-13 20:45:02 
-------- FINISH EXPERIMENT --------
