INFO: 2020-04-19 23:52:35 
-------- START EXPERIMENT --------
INFO: 2020-04-19 23:52:35 
- PROPERTIES -
INFO: 2020-04-19 23:52:35 
{'cat_boost_args': {'persist_props': {'method': 'save',
                                      'save_path': 'persistence/experiment_1/tuned_models'},
                    'tune_props': {'k_folds': 10,
                                   'method': 'tpe',
                                   'n_iterations': 100,
                                   'param_grid': {'depth': {'max': 10,
                                                            'min': 4,
                                                            'type': 'suggest_int'},
                                                  'iterations': {'type': 'fixed',
                                                                 'value': 450},
                                                  'l2_leaf_reg': {'max': 10.0,
                                                                  'min': 1.0,
                                                                  'step': 0.05,
                                                                  'type': 'suggest_discrete_uniform'},
                                                  'learning_rate': {'type': 'fixed',
                                                                    'value': 0.22},
                                                  'random_strength': {'max': 100.0,
                                                                      'min': 0.0,
                                                                      'type': 'suggest_uniform'},
                                                  'rsm': {'max': 1.0,
                                                          'min': 0.01,
                                                          'type': 'suggest_uniform'},
                                                  'verbose': {'type': 'fixed',
                                                              'value': 0}},
                                   'scoring': 'f1'}},
 'data': 'elliptic',
 'data_config_file': 'configuration/data/data_config.yaml',
 'elliptic_args': {'encode_classes': True,
                   'feat_sets': ['AF_NE'],
                   'inc_unknown': False,
                   'train_size': 0.7},
 'evaluation_metrics': ['precision', 'recall', 'f1', 'f1_micro', 'confusion'],
 'log_path': 'logs/',
 'models': ['cat_boost'],
 'save_log': True}
INFO: 2020-04-19 23:52:35 
--- START BUILDING DATASET ---
INFO: 2020-04-19 23:52:35 
- DATASET -
INFO: 2020-04-19 23:52:35 
elliptic
INFO: 2020-04-19 23:52:35 
- CONFIG -
INFO: 2020-04-19 23:52:35 
'configuration/data/data_config.yaml'
INFO: 2020-04-19 23:52:43 
--- FINISH BUILDING DATASET ---
INFO: 2020-04-19 23:52:43 
--- START BUILDING MODELS ---
INFO: 2020-04-19 23:52:43 
- MODELS -
INFO: 2020-04-19 23:52:43 
['cat_boost']
INFO: 2020-04-19 23:52:43 
[START BUILDING MODEL 'cat_boost']
INFO: 2020-04-19 23:52:43 
- ARGUMENTS -
INFO: 2020-04-19 23:52:43 
{'persist_props': {'method': 'save',
                   'save_path': 'persistence/experiment_1/tuned_models'},
 'tune_props': {'k_folds': 10,
                'method': 'tpe',
                'n_iterations': 100,
                'param_grid': {'depth': {'max': 10,
                                         'min': 4,
                                         'type': 'suggest_int'},
                               'iterations': {'type': 'fixed', 'value': 450},
                               'l2_leaf_reg': {'max': 10.0,
                                               'min': 1.0,
                                               'step': 0.05,
                                               'type': 'suggest_discrete_uniform'},
                               'learning_rate': {'type': 'fixed',
                                                 'value': 0.22},
                               'random_strength': {'max': 100.0,
                                                   'min': 0.0,
                                                   'type': 'suggest_uniform'},
                               'rsm': {'max': 1.0,
                                       'min': 0.01,
                                       'type': 'suggest_uniform'},
                               'verbose': {'type': 'fixed', 'value': 0}},
                'scoring': 'f1'}}
INFO: 2020-04-19 23:52:43 
----> [START BUILDING 'cat_boost' MODEL FOR 'AF_NE' FEATURE SET]
INFO: 2020-04-19 23:52:43 
----> [FINISH BUILDING 'cat_boost' MODEL FOR 'AF_NE' FEATURE SET]
INFO: 2020-04-19 23:52:43 
[FINISH BUILDING MODEL 'cat_boost']
INFO: 2020-04-19 23:52:43 
--- FINISH BUILDING MODELS ---
INFO: 2020-04-19 23:52:43 
--- START TRAINING ---
INFO: 2020-04-19 23:52:43 
[START TRAINING MODEL 'cat_boost']
INFO: 2020-04-19 23:52:43 
----> [START TRAINING 'cat_boost' MODEL FOR 'AF_NE' FEATURE SET]
INFO: 2020-04-20 06:21:56 
- MODEL PARAMS -
INFO: 2020-04-20 06:21:56 
{'bayesian_matrix_reg': 0.10000000149011612,
 'best_model_min_trees': 1,
 'boost_from_average': False,
 'boosting_type': 'Plain',
 'bootstrap_type': 'MVS',
 'border_count': 254,
 'class_names': [0, 1],
 'classes_count': 0,
 'depth': 10,
 'eval_metric': 'Logloss',
 'feature_border_type': 'GreedyLogSum',
 'grow_policy': 'SymmetricTree',
 'iterations': 450,
 'l2_leaf_reg': 1.899999976158142,
 'leaf_estimation_backtracking': 'AnyImprovement',
 'leaf_estimation_iterations': 10,
 'leaf_estimation_method': 'Newton',
 'learning_rate': 0.2199999988079071,
 'loss_function': 'Logloss',
 'max_leaves': 1024,
 'min_data_in_leaf': 1,
 'model_shrink_mode': 'Constant',
 'model_shrink_rate': 0,
 'model_size_reg': 0.5,
 'nan_mode': 'Min',
 'random_seed': 0,
 'random_strength': 89.3283920288086,
 'rsm': 0.29471835494041443,
 'sampling_frequency': 'PerTree',
 'score_function': 'Cosine',
 'sparse_features_conflict_fraction': 0,
 'subsample': 0.800000011920929,
 'task_type': 'CPU',
 'use_best_model': False}
INFO: 2020-04-20 06:21:56 
----> [FINISH TRAINING 'cat_boost' MODEL FOR 'AF_NE' FEATURE SET]
INFO: 2020-04-20 06:21:56 
[FINISH TRAINING MODEL 'cat_boost']
INFO: 2020-04-20 06:21:56 
--- FINISH TRAINING ---
INFO: 2020-04-20 06:21:56 
--- START EVALUATION ---
INFO: 2020-04-20 06:21:56 
[START EVALUATING MODEL 'cat_boost']
INFO: 2020-04-20 06:21:56 
----> [START EVALUATING 'cat_boost' MODEL FOR 'AF_NE' FEATURE SET]
INFO: 2020-04-20 06:21:56 
- RESULTS -
INFO: 2020-04-20 06:21:56 
OrderedDict([('precision', 0.9671916010498688),
             ('recall', 0.6805170821791321),
             ('f1', 0.7989159891598916),
             ('f1_micro', 0.977744451109778),
             ('confusion', array([[15562,    25],
       [  346,   737]]))])
INFO: 2020-04-20 06:21:56 
----> [FINISH EVALUATING 'cat_boost' MODEL FOR 'AF_NE' FEATURE SET]
INFO: 2020-04-20 06:21:56 
[FINISH EVALUATING MODEL 'cat_boost']
INFO: 2020-04-20 06:21:56 
--- FINISH EVALUATION ---
INFO: 2020-04-20 06:21:56 
-------- FINISH EXPERIMENT --------
