INFO: 2020-04-16 06:08:09 
-------- START EXPERIMENT --------
INFO: 2020-04-16 06:08:09 
- PROPERTIES -
INFO: 2020-04-16 06:08:09 
{'data': 'elliptic',
 'data_config_file': 'configuration/data/data_config.yaml',
 'elliptic_args': {'encode_classes': True,
                   'feat_sets': ['AF'],
                   'inc_unknown': False,
                   'train_size': 0.7},
 'evaluation_metrics': ['precision', 'recall', 'f1', 'f1_micro', 'confusion'],
 'log_path': 'logs/',
 'models': ['xg_boost'],
 'save_log': True,
 'xg_boost_args': {'persist_props': {'method': 'save',
                                     'save_path': 'persistence/experiment_1/tuned_models'},
                   'tune_props': {'k_folds': 10,
                                  'method': 'tpe',
                                  'n_iterations': 100,
                                  'param_grid': {'colsample_bytree': {'max': 1.0,
                                                                      'min': 0.9,
                                                                      'type': 'suggest_uniform'},
                                                 'gamma': {'max': 0.02,
                                                           'min': 0.0,
                                                           'step': 0.00025,
                                                           'type': 'suggest_discrete_uniform'},
                                                 'learning_rate': {'type': 'fixed',
                                                                   'value': 0.3},
                                                 'max_delta_step': {'max': 1,
                                                                    'min': 0,
                                                                    'type': 'suggest_int'},
                                                 'max_depth': {'max': 12,
                                                               'min': 1,
                                                               'type': 'suggest_int'},
                                                 'min_child_weight': {'max': 10,
                                                                      'min': 0,
                                                                      'type': 'suggest_int'},
                                                 'n_estimators': {'type': 'fixed',
                                                                  'value': 450},
                                                 'predictor': {'type': 'throw',
                                                               'value': 'gpu_predictor'},
                                                 'reg_alpha': {'max': 1.0,
                                                               'min': 1e-08,
                                                               'type': 'suggest_loguniform'},
                                                 'reg_lambda': {'max': 1.0,
                                                                'min': 1e-08,
                                                                'type': 'suggest_loguniform'},
                                                 'subsample': {'max': 1.0,
                                                               'min': 0.9,
                                                               'type': 'suggest_uniform'},
                                                 'tree_method': {'type': 'throw',
                                                                 'value': 'gpu_hist'}},
                                  'scoring': 'neg_log_loss'}}}
INFO: 2020-04-16 06:08:09 
--- START BUILDING DATASET ---
INFO: 2020-04-16 06:08:09 
- DATASET -
INFO: 2020-04-16 06:08:09 
elliptic
INFO: 2020-04-16 06:08:09 
- CONFIG -
INFO: 2020-04-16 06:08:09 
'configuration/data/data_config.yaml'
INFO: 2020-04-16 06:08:17 
--- FINISH BUILDING DATASET ---
INFO: 2020-04-16 06:08:17 
--- START BUILDING MODELS ---
INFO: 2020-04-16 06:08:17 
- MODELS -
INFO: 2020-04-16 06:08:17 
['xg_boost']
INFO: 2020-04-16 06:08:17 
[START BUILDING MODEL 'xg_boost']
INFO: 2020-04-16 06:08:17 
- ARGUMENTS -
INFO: 2020-04-16 06:08:17 
{'persist_props': {'method': 'save',
                   'save_path': 'persistence/experiment_1/tuned_models'},
 'tune_props': {'k_folds': 10,
                'method': 'tpe',
                'n_iterations': 100,
                'param_grid': {'colsample_bytree': {'max': 1.0,
                                                    'min': 0.9,
                                                    'type': 'suggest_uniform'},
                               'gamma': {'max': 0.02,
                                         'min': 0.0,
                                         'step': 0.00025,
                                         'type': 'suggest_discrete_uniform'},
                               'learning_rate': {'type': 'fixed', 'value': 0.3},
                               'max_delta_step': {'max': 1,
                                                  'min': 0,
                                                  'type': 'suggest_int'},
                               'max_depth': {'max': 12,
                                             'min': 1,
                                             'type': 'suggest_int'},
                               'min_child_weight': {'max': 10,
                                                    'min': 0,
                                                    'type': 'suggest_int'},
                               'n_estimators': {'type': 'fixed', 'value': 450},
                               'predictor': {'type': 'throw',
                                             'value': 'gpu_predictor'},
                               'reg_alpha': {'max': 1.0,
                                             'min': 1e-08,
                                             'type': 'suggest_loguniform'},
                               'reg_lambda': {'max': 1.0,
                                              'min': 1e-08,
                                              'type': 'suggest_loguniform'},
                               'subsample': {'max': 1.0,
                                             'min': 0.9,
                                             'type': 'suggest_uniform'},
                               'tree_method': {'type': 'throw',
                                               'value': 'gpu_hist'}},
                'scoring': 'neg_log_loss'}}
INFO: 2020-04-16 06:08:17 
----> [START BUILDING 'xg_boost' MODEL FOR 'AF' FEATURE SET]
INFO: 2020-04-16 06:08:17 
----> [FINISH BUILDING 'xg_boost' MODEL FOR 'AF' FEATURE SET]
INFO: 2020-04-16 06:08:17 
[FINISH BUILDING MODEL 'xg_boost']
INFO: 2020-04-16 06:08:17 
--- FINISH BUILDING MODELS ---
INFO: 2020-04-16 06:08:17 
--- START TRAINING ---
INFO: 2020-04-16 06:08:17 
[START TRAINING MODEL 'xg_boost']
INFO: 2020-04-16 06:08:17 
----> [START TRAINING 'xg_boost' MODEL FOR 'AF' FEATURE SET]
INFO: 2020-04-16 09:02:23 
- MODEL PARAMS -
INFO: 2020-04-16 09:02:23 
{'base_score': 0.5,
 'booster': None,
 'colsample_bylevel': 1,
 'colsample_bynode': 1,
 'colsample_bytree': 0.9020405533670462,
 'gamma': 0.010750000000000001,
 'gpu_id': -1,
 'importance_type': 'gain',
 'interaction_constraints': None,
 'learning_rate': 0.3,
 'max_delta_step': 0,
 'max_depth': 7,
 'min_child_weight': 0,
 'missing': nan,
 'monotone_constraints': None,
 'n_estimators': 450,
 'n_jobs': 0,
 'num_parallel_tree': 1,
 'objective': 'binary:logistic',
 'random_state': 0,
 'reg_alpha': 3.27144418388647e-08,
 'reg_lambda': 0.959909924979428,
 'scale_pos_weight': 1,
 'subsample': 0.9193293644242201,
 'tree_method': None,
 'validate_parameters': False,
 'verbosity': None}
INFO: 2020-04-16 09:02:23 
----> [FINISH TRAINING 'xg_boost' MODEL FOR 'AF' FEATURE SET]
INFO: 2020-04-16 09:02:23 
[FINISH TRAINING MODEL 'xg_boost']
INFO: 2020-04-16 09:02:23 
--- FINISH TRAINING ---
INFO: 2020-04-16 09:02:23 
--- START EVALUATION ---
INFO: 2020-04-16 09:02:23 
[START EVALUATING MODEL 'xg_boost']
INFO: 2020-04-16 09:02:23 
----> [START EVALUATING 'xg_boost' MODEL FOR 'AF' FEATURE SET]
INFO: 2020-04-16 09:02:23 
- RESULTS -
INFO: 2020-04-16 09:02:23 
OrderedDict([('precision', 0.9267139479905437),
             ('recall', 0.7239150507848569),
             ('f1', 0.8128564022809746),
             ('f1_micro', 0.9783443311337733),
             ('confusion', array([[15525,    62],
       [  299,   784]]))])
INFO: 2020-04-16 09:02:23 
----> [FINISH EVALUATING 'xg_boost' MODEL FOR 'AF' FEATURE SET]
INFO: 2020-04-16 09:02:23 
[FINISH EVALUATING MODEL 'xg_boost']
INFO: 2020-04-16 09:02:23 
--- FINISH EVALUATION ---
INFO: 2020-04-16 09:02:23 
-------- FINISH EXPERIMENT --------
