INFO: 2020-07-15 13:35:16 
-------- START EXPERIMENT --------
INFO: 2020-07-15 13:35:16 
- PROPERTIES -
INFO: 2020-07-15 13:35:16 
{'data': 'noaa_weather',
 'data_config_file': 'configuration/data/ell_data_config_ncr.yaml',
 'evaluation_metrics': ['precision',
                        'recall',
                        'f1_micro',
                        'accuracy',
                        'auc',
                        'confusion',
                        'f1'],
 'light_boost_args': {'persist_props': {'method': 'save',
                                        'save_path': 'persistence/experiment_2.4/tuned_models'},
                      'tune_props': {'k_folds': 5,
                                     'method': 'tpe',
                                     'n_iterations': 50,
                                     'param_grid': {'colsample_bytree': {'max': 1.0,
                                                                         'min': 0.5,
                                                                         'type': 'suggest_uniform'},
                                                    'learning_rate': {'max': 1.0,
                                                                      'min': 0.00091188196,
                                                                      'type': 'suggest_loguniform'},
                                                    'min_child_samples': {'max': 400,
                                                                          'min': 1,
                                                                          'type': 'suggest_int'},
                                                    'min_child_weight': {'max': 148.413159103,
                                                                         'min': 1.12535175e-07,
                                                                         'type': 'suggest_loguniform'},
                                                    'n_estimators': {'type': 'throw',
                                                                     'value': 5000},
                                                    'n_jobs': {'type': 'throw',
                                                               'value': 16},
                                                    'num_leaves': {'max': 1000,
                                                                   'min': 2,
                                                                   'type': 'suggest_int'},
                                                    'reg_alpha': {'max': 7.38905609893,
                                                                  'min': 1.12535175e-07,
                                                                  'type': 'suggest_loguniform'},
                                                    'reg_lambda': {'max': 7.38905609893,
                                                                   'min': 1.12535175e-07,
                                                                   'type': 'suggest_loguniform'},
                                                    'subsample': {'max': 1.0,
                                                                  'min': 0.5,
                                                                  'type': 'suggest_uniform'},
                                                    'subsample_freq': {'type': 'fixed',
                                                                       'value': 1}},
                                     'scoring': 'f1',
                                     'stratify_shuffle': True}},
 'log_path': 'logs/',
 'models': ['xg_boost', 'light_boost'],
 'noaa_args': {'feat_sets': ['ALL'], 'train_size': 0.7},
 'save_log': True,
 'xg_boost_args': {'persist_props': {'method': 'save',
                                     'save_path': 'persistence/experiment_2.4/tuned_models'},
                   'tune_props': {'k_folds': 5,
                                  'method': 'tpe',
                                  'n_iterations': 50,
                                  'param_grid': {'colsample_bylevel': {'max': 1.0,
                                                                       'min': 0.5,
                                                                       'type': 'suggest_uniform'},
                                                 'colsample_bytree': {'max': 1.0,
                                                                      'min': 0.5,
                                                                      'type': 'suggest_uniform'},
                                                 'gamma': {'max': 7.38905609893,
                                                           'min': 1.12535175e-07,
                                                           'type': 'suggest_loguniform'},
                                                 'learning_rate': {'max': 1.0,
                                                                   'min': 0.00091188196,
                                                                   'type': 'suggest_loguniform'},
                                                 'max_depth': {'max': 10,
                                                               'min': 2,
                                                               'step': 1,
                                                               'type': 'suggest_int'},
                                                 'min_child_weight': {'max': 148.413159103,
                                                                      'min': 1.12535175e-07,
                                                                      'type': 'suggest_loguniform'},
                                                 'n_estimators': {'type': 'throw',
                                                                  'value': 5000},
                                                 'n_jobs': {'type': 'throw',
                                                            'value': 16},
                                                 'reg_alpha': {'max': 7.38905609893,
                                                               'min': 1.12535175e-07,
                                                               'type': 'suggest_loguniform'},
                                                 'reg_lambda': {'max': 7.38905609893,
                                                                'min': 1.12535175e-07,
                                                                'type': 'suggest_loguniform'},
                                                 'subsample': {'max': 1.0,
                                                               'min': 0.5,
                                                               'type': 'suggest_uniform'}},
                                  'scoring': 'f1',
                                  'stratify_shuffle': True}}}
INFO: 2020-07-15 13:35:16 
--- START BUILDING DATASET ---
INFO: 2020-07-15 13:35:16 
- DATASET -
INFO: 2020-07-15 13:35:16 
noaa_weather
INFO: 2020-07-15 13:35:16 
- CONFIG -
INFO: 2020-07-15 13:35:16 
'configuration/data/ell_data_config_ncr.yaml'
INFO: 2020-07-15 13:35:16 
--- FINISH BUILDING DATASET ---
INFO: 2020-07-15 13:35:16 
--- START BUILDING MODELS ---
INFO: 2020-07-15 13:35:16 
- MODELS -
INFO: 2020-07-15 13:35:16 
['xg_boost', 'light_boost']
INFO: 2020-07-15 13:35:16 
[START BUILDING MODEL 'xg_boost']
INFO: 2020-07-15 13:35:16 
- ARGUMENTS -
INFO: 2020-07-15 13:35:16 
{'persist_props': {'method': 'save',
                   'save_path': 'persistence/experiment_2.4/tuned_models'},
 'tune_props': {'k_folds': 5,
                'method': 'tpe',
                'n_iterations': 50,
                'param_grid': {'colsample_bylevel': {'max': 1.0,
                                                     'min': 0.5,
                                                     'type': 'suggest_uniform'},
                               'colsample_bytree': {'max': 1.0,
                                                    'min': 0.5,
                                                    'type': 'suggest_uniform'},
                               'gamma': {'max': 7.38905609893,
                                         'min': 1.12535175e-07,
                                         'type': 'suggest_loguniform'},
                               'learning_rate': {'max': 1.0,
                                                 'min': 0.00091188196,
                                                 'type': 'suggest_loguniform'},
                               'max_depth': {'max': 10,
                                             'min': 2,
                                             'step': 1,
                                             'type': 'suggest_int'},
                               'min_child_weight': {'max': 148.413159103,
                                                    'min': 1.12535175e-07,
                                                    'type': 'suggest_loguniform'},
                               'n_estimators': {'type': 'throw', 'value': 5000},
                               'n_jobs': {'type': 'throw', 'value': 16},
                               'reg_alpha': {'max': 7.38905609893,
                                             'min': 1.12535175e-07,
                                             'type': 'suggest_loguniform'},
                               'reg_lambda': {'max': 7.38905609893,
                                              'min': 1.12535175e-07,
                                              'type': 'suggest_loguniform'},
                               'subsample': {'max': 1.0,
                                             'min': 0.5,
                                             'type': 'suggest_uniform'}},
                'scoring': 'f1',
                'stratify_shuffle': True}}
INFO: 2020-07-15 13:35:16 
----> [START BUILDING 'xg_boost' MODEL FOR 'ALL' FEATURE SET]
INFO: 2020-07-15 13:35:16 
----> [FINISH BUILDING 'xg_boost' MODEL FOR 'ALL' FEATURE SET]
INFO: 2020-07-15 13:35:16 
[FINISH BUILDING MODEL 'xg_boost']
INFO: 2020-07-15 13:35:16 
[START BUILDING MODEL 'light_boost']
INFO: 2020-07-15 13:35:16 
- ARGUMENTS -
INFO: 2020-07-15 13:35:16 
{'persist_props': {'method': 'save',
                   'save_path': 'persistence/experiment_2.4/tuned_models'},
 'tune_props': {'k_folds': 5,
                'method': 'tpe',
                'n_iterations': 50,
                'param_grid': {'colsample_bytree': {'max': 1.0,
                                                    'min': 0.5,
                                                    'type': 'suggest_uniform'},
                               'learning_rate': {'max': 1.0,
                                                 'min': 0.00091188196,
                                                 'type': 'suggest_loguniform'},
                               'min_child_samples': {'max': 400,
                                                     'min': 1,
                                                     'type': 'suggest_int'},
                               'min_child_weight': {'max': 148.413159103,
                                                    'min': 1.12535175e-07,
                                                    'type': 'suggest_loguniform'},
                               'n_estimators': {'type': 'throw', 'value': 5000},
                               'n_jobs': {'type': 'throw', 'value': 16},
                               'num_leaves': {'max': 1000,
                                              'min': 2,
                                              'type': 'suggest_int'},
                               'reg_alpha': {'max': 7.38905609893,
                                             'min': 1.12535175e-07,
                                             'type': 'suggest_loguniform'},
                               'reg_lambda': {'max': 7.38905609893,
                                              'min': 1.12535175e-07,
                                              'type': 'suggest_loguniform'},
                               'subsample': {'max': 1.0,
                                             'min': 0.5,
                                             'type': 'suggest_uniform'},
                               'subsample_freq': {'type': 'fixed', 'value': 1}},
                'scoring': 'f1',
                'stratify_shuffle': True}}
INFO: 2020-07-15 13:35:16 
----> [START BUILDING 'light_boost' MODEL FOR 'ALL' FEATURE SET]
INFO: 2020-07-15 13:35:16 
----> [FINISH BUILDING 'light_boost' MODEL FOR 'ALL' FEATURE SET]
INFO: 2020-07-15 13:35:16 
[FINISH BUILDING MODEL 'light_boost']
INFO: 2020-07-15 13:35:16 
--- FINISH BUILDING MODELS ---
INFO: 2020-07-15 13:35:16 
--- START TRAINING ---
INFO: 2020-07-15 13:35:16 
[START TRAINING MODEL 'xg_boost']
INFO: 2020-07-15 13:35:16 
----> [START TRAINING 'xg_boost' MODEL FOR 'ALL' FEATURE SET]
INFO: 2020-07-15 15:47:13 
- MODEL PARAMS -
INFO: 2020-07-15 15:47:13 
{'base_score': 0.5,
 'booster': None,
 'colsample_bylevel': 0.8599759362813014,
 'colsample_bynode': 1,
 'colsample_bytree': 0.6941519525284879,
 'gamma': 4.2937561466681195e-06,
 'gpu_id': -1,
 'importance_type': 'gain',
 'interaction_constraints': None,
 'learning_rate': 0.050927485269579784,
 'max_delta_step': 0,
 'max_depth': 9,
 'min_child_weight': 0.009673382756603283,
 'missing': nan,
 'monotone_constraints': None,
 'n_estimators': 2638,
 'n_jobs': 0,
 'num_parallel_tree': 1,
 'objective': 'binary:logistic',
 'random_state': 0,
 'reg_alpha': 9.539856882337921e-05,
 'reg_lambda': 1.1330084820491268e-05,
 'scale_pos_weight': 1,
 'subsample': 0.8850022065964945,
 'tree_method': None,
 'validate_parameters': False,
 'verbosity': None}
INFO: 2020-07-15 15:47:13 
----> [FINISH TRAINING 'xg_boost' MODEL FOR 'ALL' FEATURE SET]
INFO: 2020-07-15 15:47:13 
[FINISH TRAINING MODEL 'xg_boost']
INFO: 2020-07-15 15:47:13 
[START TRAINING MODEL 'light_boost']
INFO: 2020-07-15 15:47:13 
----> [START TRAINING 'light_boost' MODEL FOR 'ALL' FEATURE SET]
INFO: 2020-07-15 17:03:01 
- MODEL PARAMS -
INFO: 2020-07-15 17:03:01 
{'boosting_type': 'gbdt',
 'class_weight': None,
 'colsample_bytree': 0.7105710021662228,
 'importance_type': 'split',
 'learning_rate': 0.013352049256900976,
 'max_depth': -1,
 'min_child_samples': 54,
 'min_child_weight': 0.008626487671101805,
 'min_split_gain': 0.0,
 'n_estimators': 2078,
 'n_jobs': -1,
 'num_leaves': 549,
 'objective': None,
 'random_state': None,
 'reg_alpha': 5.632256703697636e-06,
 'reg_lambda': 0.01828152288737052,
 'silent': True,
 'subsample': 0.8109380992594621,
 'subsample_for_bin': 200000,
 'subsample_freq': 1}
INFO: 2020-07-15 17:03:01 
----> [FINISH TRAINING 'light_boost' MODEL FOR 'ALL' FEATURE SET]
INFO: 2020-07-15 17:03:01 
[FINISH TRAINING MODEL 'light_boost']
INFO: 2020-07-15 17:03:01 
--- FINISH TRAINING ---
INFO: 2020-07-15 17:03:01 
--- START EVALUATION ---
INFO: 2020-07-15 17:03:01 
[START EVALUATING MODEL 'xg_boost']
INFO: 2020-07-15 17:03:01 
----> [START EVALUATING 'xg_boost' MODEL FOR 'ALL' FEATURE SET]
INFO: 2020-07-15 17:03:01 
- RESULTS -
INFO: 2020-07-15 17:03:01 
OrderedDict([('precision', 0.600668647845468),
             ('recall', 0.8326467559217302),
             ('f1_micro', 0.7425997425997425),
             ('accuracy', 0.7425997425997426),
             ('auc', 0.7626202038115942),
             ('confusion', array([[2422, 1075],
       [ 325, 1617]])),
             ('f1', 0.6978851963746223)])
INFO: 2020-07-15 17:03:01 
----> [FINISH EVALUATING 'xg_boost' MODEL FOR 'ALL' FEATURE SET]
INFO: 2020-07-15 17:03:01 
[FINISH EVALUATING MODEL 'xg_boost']
INFO: 2020-07-15 17:03:01 
[START EVALUATING MODEL 'light_boost']
INFO: 2020-07-15 17:03:01 
----> [START EVALUATING 'light_boost' MODEL FOR 'ALL' FEATURE SET]
INFO: 2020-07-15 17:03:01 
- RESULTS -
INFO: 2020-07-15 17:03:01 
OrderedDict([('precision', 0.6120260436614324),
             ('recall', 0.8228630278063852),
             ('f1_micro', 0.7505056076484647),
             ('accuracy', 0.7505056076484647),
             ('auc', 0.7665930809606702),
             ('confusion', array([[2484, 1013],
       [ 344, 1598]])),
             ('f1', 0.7019547551065232)])
INFO: 2020-07-15 17:03:01 
----> [FINISH EVALUATING 'light_boost' MODEL FOR 'ALL' FEATURE SET]
INFO: 2020-07-15 17:03:01 
[FINISH EVALUATING MODEL 'light_boost']
INFO: 2020-07-15 17:03:01 
--- FINISH EVALUATION ---
INFO: 2020-07-15 17:03:01 
-------- FINISH EXPERIMENT --------
