INFO: 2020-03-08 10:26:06 
-------- START EXPERIMENT --------
INFO: 2020-03-08 10:26:06 
- PROPERTIES -
INFO: 2020-03-08 10:26:06 
{'data': 'elliptic',
 'data_config_file': 'data_config.yaml',
 'elliptic_args': {'encode_classes': True,
                   'feat_sets': ['AF'],
                   'inc_unknown': False,
                   'train_size': 0.7},
 'evaluation_metrics': ['precision', 'recall', 'f1', 'f1_micro', 'confusion'],
 'log_path': 'logs/',
 'models': ['xg_boost'],
 'save_log': True,
 'xg_boost_args': {'arguments': {'n_jobs': 1, 'verbosity': 0},
                   'persist_props': {'method': 'save',
                                     'save_path': 'saved_models/experiment_1/tuned'},
                   'tune_props': {'gene_crossover_prob': 0.5,
                                  'gene_mutation_prob': 0.1,
                                  'generations_number': 50,
                                  'k_folds': 5,
                                  'method': 'evolutionary_search',
                                  'n_jobs': 4,
                                  'param_grid': {'booster': ['gbtree'],
                                                 'colsample_bytree': [0.5,
                                                                      0.7,
                                                                      0.9],
                                                 'gamma': [0.0, 0.2, 0.4],
                                                 'learning_rate': [0.05,
                                                                   0.1,
                                                                   0.2,
                                                                   0.3],
                                                 'max_depth': [3, 6, 9],
                                                 'min_child_weight': [1, 6, 12],
                                                 'n_estimators': [100,
                                                                  300,
                                                                  400],
                                                 'reg_alpha': [0, 0.5, 1],
                                                 'reg_lambda': [0.001,
                                                                0.05,
                                                                0.1,
                                                                1],
                                                 'scale_pos_weight': [1,
                                                                      3,
                                                                      6,
                                                                      9.25],
                                                 'subsample': [0.6, 0.7, 0.8]},
                                  'population_size': 20,
                                  'scoring': 'f1',
                                  'verbose': 1}}}
INFO: 2020-03-08 10:26:06 
--- START BUILDING DATASET ---
INFO: 2020-03-08 10:26:06 
- DATASET -
INFO: 2020-03-08 10:26:06 
elliptic
INFO: 2020-03-08 10:26:06 
- CONFIG -
INFO: 2020-03-08 10:26:06 
'data_config.yaml'
INFO: 2020-03-08 10:26:25 
--- FINISH BUILDING DATASET ---
INFO: 2020-03-08 10:26:25 
--- START BUILDING MODELS ---
INFO: 2020-03-08 10:26:25 
- MODELS -
INFO: 2020-03-08 10:26:25 
['xg_boost']
INFO: 2020-03-08 10:26:25 
[START BUILDING MODEL 'xg_boost']
INFO: 2020-03-08 10:26:25 
- ARGUMENTS -
INFO: 2020-03-08 10:26:25 
{'arguments': {'n_jobs': 1, 'verbosity': 0},
 'persist_props': {'method': 'save',
                   'save_path': 'saved_models/experiment_1/tuned'},
 'tune_props': {'gene_crossover_prob': 0.5,
                'gene_mutation_prob': 0.1,
                'generations_number': 50,
                'k_folds': 5,
                'method': 'evolutionary_search',
                'n_jobs': 4,
                'param_grid': {'booster': ['gbtree'],
                               'colsample_bytree': [0.5, 0.7, 0.9],
                               'gamma': [0.0, 0.2, 0.4],
                               'learning_rate': [0.05, 0.1, 0.2, 0.3],
                               'max_depth': [3, 6, 9],
                               'min_child_weight': [1, 6, 12],
                               'n_estimators': [100, 300, 400],
                               'reg_alpha': [0, 0.5, 1],
                               'reg_lambda': [0.001, 0.05, 0.1, 1],
                               'scale_pos_weight': [1, 3, 6, 9.25],
                               'subsample': [0.6, 0.7, 0.8]},
                'population_size': 20,
                'scoring': 'f1',
                'verbose': 1}}
INFO: 2020-03-08 10:26:25 
----> [START BUILDING 'xg_boost' MODEL FOR 'AF' FEATURE SET]
INFO: 2020-03-08 10:26:25 
----> [FINISH BUILDING 'xg_boost' MODEL FOR 'AF' FEATURE SET]
INFO: 2020-03-08 10:26:25 
[FINISH BUILDING MODEL 'xg_boost']
INFO: 2020-03-08 10:26:25 
--- FINISH BUILDING MODELS ---
INFO: 2020-03-08 10:26:25 
--- START TRAINING ---
INFO: 2020-03-08 10:26:25 
[START TRAINING MODEL 'xg_boost']
INFO: 2020-03-08 10:26:25 
----> [START TRAINING 'xg_boost' MODEL FOR 'AF' FEATURE SET]
INFO: 2020-03-09 07:56:06 
- MODEL PARAMS -
INFO: 2020-03-09 07:56:06 
{'base_score': 0.5,
 'booster': 'gbtree',
 'colsample_bylevel': 1,
 'colsample_bynode': 1,
 'colsample_bytree': 0.5,
 'gamma': 0.2,
 'gpu_id': -1,
 'importance_type': 'gain',
 'interaction_constraints': None,
 'learning_rate': 0.3,
 'max_delta_step': 0,
 'max_depth': 6,
 'min_child_weight': 1,
 'missing': nan,
 'monotone_constraints': None,
 'n_estimators': 300,
 'n_jobs': 1,
 'num_parallel_tree': 1,
 'objective': 'binary:logistic',
 'random_state': 0,
 'reg_alpha': 0,
 'reg_lambda': 0.05,
 'scale_pos_weight': 6,
 'subsample': 0.6,
 'tree_method': None,
 'validate_parameters': False,
 'verbosity': 0}
INFO: 2020-03-09 07:56:06 
----> [FINISH TRAINING 'xg_boost' MODEL FOR 'AF' FEATURE SET]
INFO: 2020-03-09 07:56:06 
[FINISH TRAINING MODEL 'xg_boost']
INFO: 2020-03-09 07:56:06 
--- FINISH TRAINING ---
INFO: 2020-03-09 07:56:06 
--- START EVALUATION ---
INFO: 2020-03-09 07:56:06 
[START EVALUATING MODEL 'xg_boost']
INFO: 2020-03-09 07:56:06 
----> [START EVALUATING 'xg_boost' MODEL FOR 'AF' FEATURE SET]
INFO: 2020-03-09 07:56:06 
- RESULTS -
INFO: 2020-03-09 07:56:06 
{'confusion': array([[15453,   134],
       [  293,   790]]),
 'f1': 0.787244643746886,
 'f1_micro': 0.9743851229754049,
 'precision': 0.854978354978355,
 'recall': 0.7294552169898431}
INFO: 2020-03-09 07:56:06 
----> [FINISH EVALUATING 'xg_boost' MODEL FOR 'AF' FEATURE SET]
INFO: 2020-03-09 07:56:06 
[FINISH EVALUATING MODEL 'xg_boost']
INFO: 2020-03-09 07:56:06 
--- FINISH EVALUATION ---
INFO: 2020-03-09 07:56:06 
-------- FINISH EXPERIMENT --------
