INFO: 2020-04-19 21:13:38 
-------- START EXPERIMENT --------
INFO: 2020-04-19 21:13:38 
- PROPERTIES -
INFO: 2020-04-19 21:13:38 
{'cat_boost_args': {'persist_props': {'method': 'save',
                                      'save_path': 'persistence/experiment_1/tuned_models'},
                    'tune_props': {'k_folds': 10,
                                   'method': 'tpe',
                                   'n_iterations': 100,
                                   'param_grid': {'depth': {'max': 16,
                                                            'min': 1,
                                                            'type': 'suggest_int'},
                                                  'iterations': {'type': 'fixed',
                                                                 'value': 300},
                                                  'l2_leaf_reg': {'max': 10.0,
                                                                  'min': 1.0,
                                                                  'step': 0.05,
                                                                  'type': 'suggest_discrete_uniform'},
                                                  'learning_rate': {'type': 'fixed',
                                                                    'value': 0.12},
                                                  'random_strength': {'max': 100.0,
                                                                      'min': 0.0,
                                                                      'type': 'suggest_uniform'},
                                                  'rsm': {'max': 1.0,
                                                          'min': 0.01,
                                                          'type': 'suggest_uniform'}},
                                   'scoring': 'f1'}},
 'data': 'elliptic',
 'data_config_file': 'configuration/data/data_config.yaml',
 'elliptic_args': {'encode_classes': True,
                   'feat_sets': ['AF'],
                   'inc_unknown': False,
                   'train_size': 0.7},
 'evaluation_metrics': ['precision', 'recall', 'f1', 'f1_micro', 'confusion'],
 'log_path': 'logs/',
 'models': ['cat_boost'],
 'save_log': True}
INFO: 2020-04-19 21:13:38 
--- START BUILDING DATASET ---
INFO: 2020-04-19 21:13:38 
- DATASET -
INFO: 2020-04-19 21:13:38 
elliptic
INFO: 2020-04-19 21:13:38 
- CONFIG -
INFO: 2020-04-19 21:13:38 
'configuration/data/data_config.yaml'
INFO: 2020-04-19 21:14:27 
--- FINISH BUILDING DATASET ---
INFO: 2020-04-19 21:14:27 
--- START BUILDING MODELS ---
INFO: 2020-04-19 21:14:27 
- MODELS -
INFO: 2020-04-19 21:14:27 
['cat_boost']
INFO: 2020-04-19 21:14:27 
[START BUILDING MODEL 'cat_boost']
INFO: 2020-04-19 21:14:27 
- ARGUMENTS -
INFO: 2020-04-19 21:14:27 
{'persist_props': {'method': 'save',
                   'save_path': 'persistence/experiment_1/tuned_models'},
 'tune_props': {'k_folds': 10,
                'method': 'tpe',
                'n_iterations': 100,
                'param_grid': {'depth': {'max': 16,
                                         'min': 1,
                                         'type': 'suggest_int'},
                               'iterations': {'type': 'fixed', 'value': 300},
                               'l2_leaf_reg': {'max': 10.0,
                                               'min': 1.0,
                                               'step': 0.05,
                                               'type': 'suggest_discrete_uniform'},
                               'learning_rate': {'type': 'fixed',
                                                 'value': 0.12},
                               'random_strength': {'max': 100.0,
                                                   'min': 0.0,
                                                   'type': 'suggest_uniform'},
                               'rsm': {'max': 1.0,
                                       'min': 0.01,
                                       'type': 'suggest_uniform'}},
                'scoring': 'f1'}}
INFO: 2020-04-19 21:14:27 
----> [START BUILDING 'cat_boost' MODEL FOR 'AF' FEATURE SET]
INFO: 2020-04-19 21:14:27 
----> [FINISH BUILDING 'cat_boost' MODEL FOR 'AF' FEATURE SET]
INFO: 2020-04-19 21:14:27 
[FINISH BUILDING MODEL 'cat_boost']
INFO: 2020-04-19 21:14:27 
--- FINISH BUILDING MODELS ---
INFO: 2020-04-19 21:14:27 
--- START TRAINING ---
INFO: 2020-04-19 21:14:27 
[START TRAINING MODEL 'cat_boost']
INFO: 2020-04-19 21:14:27 
----> [START TRAINING 'cat_boost' MODEL FOR 'AF' FEATURE SET]
ERROR: 2020-04-19 21:14:49 
(<class 'KeyboardInterrupt'>, KeyboardInterrupt(''), <traceback object at 0x7f31a33c4d70>)
Traceback (most recent call last):
  File "experiment.py", line 204, in <module>
    train_models(dataset, models)
  File "experiment.py", line 135, in train_models
    model.fit(X, y)
  File "/home/dvassallo/repos/aml-crypto-graph/src/cryptoaml/models/_models.py", line 116, in fit
    self._tuner, self._tune_props = tu.tune_model(self._model, X, y, self._tune_props)
  File "/home/dvassallo/repos/aml-crypto-graph/src/cryptoaml/tune/_tuning.py", line 535, in tune_model
    tuner.fit(X, y)
  File "/home/dvassallo/repos/aml-crypto-graph/src/cryptoaml/tune/_tuning.py", line 240, in fit
    self._study.optimize(self._objective, n_trials=self._n_iterations)
  File "/home/dvassallo/anaconda3/envs/btc_classifier/lib/python3.7/site-packages/optuna/study.py", line 331, in optimize
    func, n_trials, timeout, catch, callbacks, gc_after_trial, None
  File "/home/dvassallo/anaconda3/envs/btc_classifier/lib/python3.7/site-packages/optuna/study.py", line 626, in _optimize_sequential
    self._run_trial_and_callbacks(func, catch, callbacks, gc_after_trial)
  File "/home/dvassallo/anaconda3/envs/btc_classifier/lib/python3.7/site-packages/optuna/study.py", line 656, in _run_trial_and_callbacks
    trial = self._run_trial(func, catch, gc_after_trial)
  File "/home/dvassallo/anaconda3/envs/btc_classifier/lib/python3.7/site-packages/optuna/study.py", line 677, in _run_trial
    result = func(trial)
  File "/home/dvassallo/repos/aml-crypto-graph/src/cryptoaml/tune/_tuning.py", line 219, in _objective
    cv=StratifiedKFold(n_splits=self._k_folds))
  File "/home/dvassallo/anaconda3/envs/btc_classifier/lib/python3.7/site-packages/sklearn/model_selection/_validation.py", line 390, in cross_val_score
    error_score=error_score)
  File "/home/dvassallo/anaconda3/envs/btc_classifier/lib/python3.7/site-packages/sklearn/model_selection/_validation.py", line 236, in cross_validate
    for train, test in cv.split(X, y, groups))
  File "/home/dvassallo/anaconda3/envs/btc_classifier/lib/python3.7/site-packages/joblib/parallel.py", line 1007, in __call__
    while self.dispatch_one_batch(iterator):
  File "/home/dvassallo/anaconda3/envs/btc_classifier/lib/python3.7/site-packages/joblib/parallel.py", line 835, in dispatch_one_batch
    self._dispatch(tasks)
  File "/home/dvassallo/anaconda3/envs/btc_classifier/lib/python3.7/site-packages/joblib/parallel.py", line 754, in _dispatch
    job = self._backend.apply_async(batch, callback=cb)
  File "/home/dvassallo/anaconda3/envs/btc_classifier/lib/python3.7/site-packages/joblib/_parallel_backends.py", line 209, in apply_async
    result = ImmediateResult(func)
  File "/home/dvassallo/anaconda3/envs/btc_classifier/lib/python3.7/site-packages/joblib/_parallel_backends.py", line 590, in __init__
    self.results = batch()
  File "/home/dvassallo/anaconda3/envs/btc_classifier/lib/python3.7/site-packages/joblib/parallel.py", line 256, in __call__
    for func, args, kwargs in self.items]
  File "/home/dvassallo/anaconda3/envs/btc_classifier/lib/python3.7/site-packages/joblib/parallel.py", line 256, in <listcomp>
    for func, args, kwargs in self.items]
  File "/home/dvassallo/anaconda3/envs/btc_classifier/lib/python3.7/site-packages/sklearn/model_selection/_validation.py", line 515, in _fit_and_score
    estimator.fit(X_train, y_train, **fit_params)
  File "/home/dvassallo/anaconda3/envs/btc_classifier/lib/python3.7/site-packages/catboost/core.py", line 3937, in fit
    silent, early_stopping_rounds, save_snapshot, snapshot_file, snapshot_interval, init_model)
  File "/home/dvassallo/anaconda3/envs/btc_classifier/lib/python3.7/site-packages/catboost/core.py", line 1732, in _fit
    train_params["init_model"]
  File "/home/dvassallo/anaconda3/envs/btc_classifier/lib/python3.7/site-packages/catboost/core.py", line 1255, in _train
    self._object._train(train_pool, test_pool, params, allow_clear_pool, init_model._object if init_model else None)
  File "_catboost.pyx", line 3952, in _catboost._CatBoost._train
  File "_catboost.pyx", line 3998, in _catboost._CatBoost._train
KeyboardInterrupt
