INFO: 2020-05-09 18:33:58 
-------- START EXPERIMENT --------
INFO: 2020-05-09 18:33:58 
- PROPERTIES -
INFO: 2020-05-09 18:33:58 
{'cat_boost_args': {'persist_props': {'method': 'save',
                                      'save_path': 'persistence/experiment_2.1/tuned_models'},
                    'tune_props': {'k_folds': 5,
                                   'method': 'tpe',
                                   'n_iterations': 50,
                                   'param_grid': {'bootstrap_type': {'type': 'fixed',
                                                                     'value': 'MVS'},
                                                  'depth': {'max': 10,
                                                            'min': 4,
                                                            'step': 1,
                                                            'type': 'suggest_int'},
                                                  'eval_metric': {'type': 'fixed',
                                                                  'value': 'F1'},
                                                  'iterations': {'type': 'throw',
                                                                 'value': 5000},
                                                  'l2_leaf_reg': {'max': 10.0,
                                                                  'min': 1.0,
                                                                  'type': 'suggest_loguniform'},
                                                  'leaf_estimation_iterations': {'max': 10,
                                                                                 'min': 1,
                                                                                 'step': 1,
                                                                                 'type': 'suggest_int'},
                                                  'learning_rate': {'max': 1.0,
                                                                    'min': 0.00091188196,
                                                                    'type': 'suggest_loguniform'},
                                                  'random_strength': {'max': 20,
                                                                      'min': 1,
                                                                      'step': 1,
                                                                      'type': 'suggest_int'},
                                                  'rsm': {'max': 0.9975,
                                                          'min': 0.0,
                                                          'step': 0.0025,
                                                          'type': 'suggest_discrete_uniform'},
                                                  'subsample': {'max': 1.0,
                                                                'min': 0.5,
                                                                'type': 'suggest_uniform'},
                                                  'thread_count': {'type': 'throw',
                                                                   'value': 16},
                                                  'verbose': {'type': 'fixed',
                                                              'value': 0}},
                                   'scoring': 'f1',
                                   'stratify_shuffle': True}},
 'data': 'elliptic',
 'data_config_file': 'configuration/data/ell_data_config_ncr_stratified.yaml',
 'elliptic_args': {'encode_classes': True,
                   'feat_sets': ['AF_NE'],
                   'inc_unknown': False,
                   'train_size': 0.7},
 'evaluation_metrics': ['precision',
                        'recall',
                        'f1_micro',
                        'accuracy',
                        'auc',
                        'confusion',
                        'f1'],
 'light_boost_args': {'persist_props': {'method': 'save',
                                        'save_path': 'persistence/experiment_2.1/tuned_models'},
                      'tune_props': {'k_folds': 5,
                                     'method': 'tpe',
                                     'n_iterations': 50,
                                     'param_grid': {'colsample_bytree': {'max': 1.0,
                                                                         'min': 0.5,
                                                                         'type': 'suggest_uniform'},
                                                    'learning_rate': {'max': 1.0,
                                                                      'min': 0.00091188196,
                                                                      'type': 'suggest_loguniform'},
                                                    'min_child_samples': {'max': 400,
                                                                          'min': 1,
                                                                          'type': 'suggest_int'},
                                                    'min_child_weight': {'max': 148.413159103,
                                                                         'min': 1.12535175e-07,
                                                                         'type': 'suggest_loguniform'},
                                                    'n_estimators': {'type': 'throw',
                                                                     'value': 5000},
                                                    'n_jobs': {'type': 'throw',
                                                               'value': 16},
                                                    'num_leaves': {'max': 1000,
                                                                   'min': 2,
                                                                   'type': 'suggest_int'},
                                                    'reg_alpha': {'max': 7.38905609893,
                                                                  'min': 1.12535175e-07,
                                                                  'type': 'suggest_loguniform'},
                                                    'reg_lambda': {'max': 7.38905609893,
                                                                   'min': 1.12535175e-07,
                                                                   'type': 'suggest_loguniform'},
                                                    'subsample': {'max': 1.0,
                                                                  'min': 0.5,
                                                                  'type': 'suggest_uniform'},
                                                    'subsample_freq': {'type': 'fixed',
                                                                       'value': 1}},
                                     'scoring': 'f1',
                                     'stratify_shuffle': True}},
 'log_path': 'logs/',
 'models': ['light_boost'],
 'save_log': True,
 'xg_boost_args': {'persist_props': {'method': 'save',
                                     'save_path': 'persistence/experiment_2.1/tuned_models'},
                   'tune_props': {'k_folds': 5,
                                  'method': 'tpe',
                                  'n_iterations': 50,
                                  'param_grid': {'colsample_bylevel': {'max': 1.0,
                                                                       'min': 0.5,
                                                                       'type': 'suggest_uniform'},
                                                 'colsample_bytree': {'max': 1.0,
                                                                      'min': 0.5,
                                                                      'type': 'suggest_uniform'},
                                                 'gamma': {'max': 7.38905609893,
                                                           'min': 1.12535175e-07,
                                                           'type': 'suggest_loguniform'},
                                                 'learning_rate': {'max': 1.0,
                                                                   'min': 0.00091188196,
                                                                   'type': 'suggest_loguniform'},
                                                 'max_depth': {'max': 10,
                                                               'min': 2,
                                                               'step': 1,
                                                               'type': 'suggest_int'},
                                                 'min_child_weight': {'max': 148.413159103,
                                                                      'min': 1.12535175e-07,
                                                                      'type': 'suggest_loguniform'},
                                                 'n_estimators': {'type': 'throw',
                                                                  'value': 5000},
                                                 'n_jobs': {'type': 'throw',
                                                            'value': 16},
                                                 'reg_alpha': {'max': 7.38905609893,
                                                               'min': 1.12535175e-07,
                                                               'type': 'suggest_loguniform'},
                                                 'reg_lambda': {'max': 7.38905609893,
                                                                'min': 1.12535175e-07,
                                                                'type': 'suggest_loguniform'},
                                                 'subsample': {'max': 1.0,
                                                               'min': 0.5,
                                                               'type': 'suggest_uniform'}},
                                  'scoring': 'f1',
                                  'stratify_shuffle': True}}}
INFO: 2020-05-09 18:33:58 
--- START BUILDING DATASET ---
INFO: 2020-05-09 18:33:58 
- DATASET -
INFO: 2020-05-09 18:33:58 
elliptic
INFO: 2020-05-09 18:33:58 
- CONFIG -
INFO: 2020-05-09 18:33:58 
'configuration/data/ell_data_config_ncr_stratified.yaml'
INFO: 2020-05-09 18:34:00 
--- FINISH BUILDING DATASET ---
INFO: 2020-05-09 18:34:00 
--- START BUILDING MODELS ---
INFO: 2020-05-09 18:34:00 
- MODELS -
INFO: 2020-05-09 18:34:00 
['light_boost']
INFO: 2020-05-09 18:34:00 
[START BUILDING MODEL 'light_boost']
INFO: 2020-05-09 18:34:00 
- ARGUMENTS -
INFO: 2020-05-09 18:34:00 
{'persist_props': {'method': 'save',
                   'save_path': 'persistence/experiment_2.1/tuned_models'},
 'tune_props': {'k_folds': 5,
                'method': 'tpe',
                'n_iterations': 50,
                'param_grid': {'colsample_bytree': {'max': 1.0,
                                                    'min': 0.5,
                                                    'type': 'suggest_uniform'},
                               'learning_rate': {'max': 1.0,
                                                 'min': 0.00091188196,
                                                 'type': 'suggest_loguniform'},
                               'min_child_samples': {'max': 400,
                                                     'min': 1,
                                                     'type': 'suggest_int'},
                               'min_child_weight': {'max': 148.413159103,
                                                    'min': 1.12535175e-07,
                                                    'type': 'suggest_loguniform'},
                               'n_estimators': {'type': 'throw', 'value': 5000},
                               'n_jobs': {'type': 'throw', 'value': 16},
                               'num_leaves': {'max': 1000,
                                              'min': 2,
                                              'type': 'suggest_int'},
                               'reg_alpha': {'max': 7.38905609893,
                                             'min': 1.12535175e-07,
                                             'type': 'suggest_loguniform'},
                               'reg_lambda': {'max': 7.38905609893,
                                              'min': 1.12535175e-07,
                                              'type': 'suggest_loguniform'},
                               'subsample': {'max': 1.0,
                                             'min': 0.5,
                                             'type': 'suggest_uniform'},
                               'subsample_freq': {'type': 'fixed', 'value': 1}},
                'scoring': 'f1',
                'stratify_shuffle': True}}
INFO: 2020-05-09 18:34:00 
----> [START BUILDING 'light_boost' MODEL FOR 'AF_NE' FEATURE SET]
INFO: 2020-05-09 18:34:00 
----> [FINISH BUILDING 'light_boost' MODEL FOR 'AF_NE' FEATURE SET]
INFO: 2020-05-09 18:34:00 
[FINISH BUILDING MODEL 'light_boost']
INFO: 2020-05-09 18:34:00 
--- FINISH BUILDING MODELS ---
INFO: 2020-05-09 18:34:00 
--- START TRAINING ---
INFO: 2020-05-09 18:34:00 
[START TRAINING MODEL 'light_boost']
INFO: 2020-05-09 18:34:00 
----> [START TRAINING 'light_boost' MODEL FOR 'AF_NE' FEATURE SET]
INFO: 2020-05-09 20:45:02 
- MODEL PARAMS -
INFO: 2020-05-09 20:45:02 
{'boosting_type': 'gbdt',
 'class_weight': None,
 'colsample_bytree': 0.9890956295174687,
 'importance_type': 'split',
 'learning_rate': 0.12434893935573021,
 'max_depth': -1,
 'min_child_samples': 324,
 'min_child_weight': 1.3302879024959583e-06,
 'min_split_gain': 0.0,
 'n_estimators': 714,
 'n_jobs': -1,
 'num_leaves': 19,
 'objective': None,
 'random_state': None,
 'reg_alpha': 1.768259611896902e-06,
 'reg_lambda': 1.1019683467404372e-06,
 'silent': True,
 'subsample': 0.903034749409666,
 'subsample_for_bin': 200000,
 'subsample_freq': 1}
INFO: 2020-05-09 20:45:02 
----> [FINISH TRAINING 'light_boost' MODEL FOR 'AF_NE' FEATURE SET]
INFO: 2020-05-09 20:45:02 
[FINISH TRAINING MODEL 'light_boost']
INFO: 2020-05-09 20:45:02 
--- FINISH TRAINING ---
INFO: 2020-05-09 20:45:02 
--- START EVALUATION ---
INFO: 2020-05-09 20:45:02 
[START EVALUATING MODEL 'light_boost']
INFO: 2020-05-09 20:45:02 
----> [START EVALUATING 'light_boost' MODEL FOR 'AF_NE' FEATURE SET]
INFO: 2020-05-09 20:45:02 
- RESULTS -
INFO: 2020-05-09 20:45:02 
OrderedDict([('precision', 0.9792477302204928),
             ('recall', 0.6971375807940905),
             ('f1_micro', 0.9793641271745651),
             ('accuracy', 0.9793641271745651),
             ('auc', 0.848055542177375),
             ('confusion', array([[15571,    16],
       [  328,   755]])),
             ('f1', 0.8144552319309601)])
INFO: 2020-05-09 20:45:02 
----> [FINISH EVALUATING 'light_boost' MODEL FOR 'AF_NE' FEATURE SET]
INFO: 2020-05-09 20:45:02 
[FINISH EVALUATING MODEL 'light_boost']
INFO: 2020-05-09 20:45:02 
--- FINISH EVALUATION ---
INFO: 2020-05-09 20:45:02 
-------- FINISH EXPERIMENT --------
