INFO: 2020-05-03 02:21:43 
-------- START EXPERIMENT --------
INFO: 2020-05-03 02:21:43 
- PROPERTIES -
INFO: 2020-05-03 02:21:43 
{'cat_boost_args': {'persist_props': {'method': 'save',
                                      'save_path': 'persistence/experiment_1/tuned_models'},
                    'tune_props': {'k_folds': 5,
                                   'method': 'tpe',
                                   'n_iterations': 50,
                                   'param_grid': {'bootstrap_type': {'type': 'fixed',
                                                                     'value': 'MVS'},
                                                  'depth': {'max': 10,
                                                            'min': 4,
                                                            'step': 1,
                                                            'type': 'suggest_int'},
                                                  'eval_metric': {'type': 'fixed',
                                                                  'value': 'F1'},
                                                  'iterations': {'type': 'throw',
                                                                 'value': 5000},
                                                  'l2_leaf_reg': {'max': 10.0,
                                                                  'min': 1.0,
                                                                  'type': 'suggest_loguniform'},
                                                  'leaf_estimation_iterations': {'max': 10,
                                                                                 'min': 1,
                                                                                 'step': 1,
                                                                                 'type': 'suggest_int'},
                                                  'learning_rate': {'max': 1.0,
                                                                    'min': 0.00091188196,
                                                                    'type': 'suggest_loguniform'},
                                                  'random_strength': {'max': 20,
                                                                      'min': 1,
                                                                      'step': 1,
                                                                      'type': 'suggest_int'},
                                                  'rsm': {'max': 0.9975,
                                                          'min': 0.0,
                                                          'step': 0.0025,
                                                          'type': 'suggest_discrete_uniform'},
                                                  'subsample': {'max': 1.0,
                                                                'min': 0.5,
                                                                'type': 'suggest_uniform'},
                                                  'thread_count': {'type': 'throw',
                                                                   'value': 24},
                                                  'verbose': {'type': 'fixed',
                                                              'value': 0}},
                                   'scoring': 'f1',
                                   'stratify_shuffle': True}},
 'data': 'elliptic',
 'data_config_file': 'configuration/data/data_config.yaml',
 'elliptic_args': {'encode_classes': True,
                   'feat_sets': ['LF_NE'],
                   'inc_unknown': False,
                   'train_size': 0.7},
 'evaluation_metrics': ['precision',
                        'recall',
                        'f1_micro',
                        'accuracy',
                        'auc',
                        'confusion',
                        'f1'],
 'light_boost_args': {'persist_props': {'method': 'save',
                                        'save_path': 'persistence/experiment_1/tuned_models'},
                      'tune_props': {'k_folds': 5,
                                     'method': 'tpe',
                                     'n_iterations': 50,
                                     'param_grid': {'colsample_bytree': {'max': 1.0,
                                                                         'min': 0.5,
                                                                         'type': 'suggest_uniform'},
                                                    'learning_rate': {'max': 1.0,
                                                                      'min': 0.00091188196,
                                                                      'type': 'suggest_loguniform'},
                                                    'min_child_samples': {'max': 400,
                                                                          'min': 1,
                                                                          'type': 'suggest_int'},
                                                    'min_child_weight': {'max': 148.413159103,
                                                                         'min': 1.12535175e-07,
                                                                         'type': 'suggest_loguniform'},
                                                    'n_estimators': {'type': 'throw',
                                                                     'value': 5000},
                                                    'n_jobs': {'type': 'throw',
                                                               'value': 24},
                                                    'num_leaves': {'max': 1000,
                                                                   'min': 2,
                                                                   'type': 'suggest_int'},
                                                    'reg_alpha': {'max': 7.38905609893,
                                                                  'min': 1.12535175e-07,
                                                                  'type': 'suggest_loguniform'},
                                                    'reg_lambda': {'max': 7.38905609893,
                                                                   'min': 1.12535175e-07,
                                                                   'type': 'suggest_loguniform'},
                                                    'subsample': {'max': 1.0,
                                                                  'min': 0.5,
                                                                  'type': 'suggest_uniform'},
                                                    'subsample_freq': {'type': 'fixed',
                                                                       'value': 1}},
                                     'scoring': 'f1',
                                     'stratify_shuffle': True}},
 'log_path': 'logs/',
 'models': ['xg_boost'],
 'save_log': True,
 'xg_boost_args': {'persist_props': {'method': 'save',
                                     'save_path': 'persistence/experiment_1/tuned_models'},
                   'tune_props': {'k_folds': 5,
                                  'method': 'tpe',
                                  'n_iterations': 50,
                                  'param_grid': {'colsample_bylevel': {'max': 1.0,
                                                                       'min': 0.5,
                                                                       'type': 'suggest_uniform'},
                                                 'colsample_bytree': {'max': 1.0,
                                                                      'min': 0.5,
                                                                      'type': 'suggest_uniform'},
                                                 'gamma': {'max': 7.38905609893,
                                                           'min': 1.12535175e-07,
                                                           'type': 'suggest_loguniform'},
                                                 'learning_rate': {'max': 1.0,
                                                                   'min': 0.00091188196,
                                                                   'type': 'suggest_loguniform'},
                                                 'max_depth': {'max': 10,
                                                               'min': 2,
                                                               'step': 1,
                                                               'type': 'suggest_int'},
                                                 'min_child_weight': {'max': 148.413159103,
                                                                      'min': 1.12535175e-07,
                                                                      'type': 'suggest_loguniform'},
                                                 'n_estimators': {'type': 'throw',
                                                                  'value': 5000},
                                                 'n_jobs': {'type': 'throw',
                                                            'value': 16},
                                                 'reg_alpha': {'max': 7.38905609893,
                                                               'min': 1.12535175e-07,
                                                               'type': 'suggest_loguniform'},
                                                 'reg_lambda': {'max': 7.38905609893,
                                                                'min': 1.12535175e-07,
                                                                'type': 'suggest_loguniform'},
                                                 'subsample': {'max': 1.0,
                                                               'min': 0.5,
                                                               'type': 'suggest_uniform'}},
                                  'scoring': 'f1',
                                  'stratify_shuffle': True}}}
INFO: 2020-05-03 02:21:43 
--- START BUILDING DATASET ---
INFO: 2020-05-03 02:21:43 
- DATASET -
INFO: 2020-05-03 02:21:43 
elliptic
INFO: 2020-05-03 02:21:43 
- CONFIG -
INFO: 2020-05-03 02:21:43 
'configuration/data/data_config.yaml'
INFO: 2020-05-03 02:21:49 
--- FINISH BUILDING DATASET ---
INFO: 2020-05-03 02:21:49 
--- START BUILDING MODELS ---
INFO: 2020-05-03 02:21:49 
- MODELS -
INFO: 2020-05-03 02:21:49 
['xg_boost']
INFO: 2020-05-03 02:21:49 
[START BUILDING MODEL 'xg_boost']
INFO: 2020-05-03 02:21:49 
- ARGUMENTS -
INFO: 2020-05-03 02:21:49 
{'persist_props': {'method': 'save',
                   'save_path': 'persistence/experiment_1/tuned_models'},
 'tune_props': {'k_folds': 5,
                'method': 'tpe',
                'n_iterations': 50,
                'param_grid': {'colsample_bylevel': {'max': 1.0,
                                                     'min': 0.5,
                                                     'type': 'suggest_uniform'},
                               'colsample_bytree': {'max': 1.0,
                                                    'min': 0.5,
                                                    'type': 'suggest_uniform'},
                               'gamma': {'max': 7.38905609893,
                                         'min': 1.12535175e-07,
                                         'type': 'suggest_loguniform'},
                               'learning_rate': {'max': 1.0,
                                                 'min': 0.00091188196,
                                                 'type': 'suggest_loguniform'},
                               'max_depth': {'max': 10,
                                             'min': 2,
                                             'step': 1,
                                             'type': 'suggest_int'},
                               'min_child_weight': {'max': 148.413159103,
                                                    'min': 1.12535175e-07,
                                                    'type': 'suggest_loguniform'},
                               'n_estimators': {'type': 'throw', 'value': 5000},
                               'n_jobs': {'type': 'throw', 'value': 16},
                               'reg_alpha': {'max': 7.38905609893,
                                             'min': 1.12535175e-07,
                                             'type': 'suggest_loguniform'},
                               'reg_lambda': {'max': 7.38905609893,
                                              'min': 1.12535175e-07,
                                              'type': 'suggest_loguniform'},
                               'subsample': {'max': 1.0,
                                             'min': 0.5,
                                             'type': 'suggest_uniform'}},
                'scoring': 'f1',
                'stratify_shuffle': True}}
INFO: 2020-05-03 02:21:49 
----> [START BUILDING 'xg_boost' MODEL FOR 'LF_NE' FEATURE SET]
INFO: 2020-05-03 02:21:49 
----> [FINISH BUILDING 'xg_boost' MODEL FOR 'LF_NE' FEATURE SET]
INFO: 2020-05-03 02:21:49 
[FINISH BUILDING MODEL 'xg_boost']
INFO: 2020-05-03 02:21:49 
--- FINISH BUILDING MODELS ---
INFO: 2020-05-03 02:21:49 
--- START TRAINING ---
INFO: 2020-05-03 02:21:49 
[START TRAINING MODEL 'xg_boost']
INFO: 2020-05-03 02:21:49 
----> [START TRAINING 'xg_boost' MODEL FOR 'LF_NE' FEATURE SET]
