INFO: 2020-03-10 08:28:59 
-------- START EXPERIMENT --------
INFO: 2020-03-10 08:28:59 
- PROPERTIES -
INFO: 2020-03-10 08:28:59 
{'data': 'elliptic',
 'data_config_file': 'data_config.yaml',
 'elliptic_args': {'encode_classes': True,
                   'feat_sets': ['AF'],
                   'inc_unknown': False,
                   'train_size': 0.7},
 'evaluation_metrics': ['precision', 'recall', 'f1', 'f1_micro', 'confusion'],
 'light_boost_args': {'arguments': {'n_jobs': 1}},
 'log_path': 'logs/',
 'models': ['light_boost'],
 'save_log': True}
INFO: 2020-03-10 08:28:59 
--- START BUILDING DATASET ---
INFO: 2020-03-10 08:28:59 
- DATASET -
INFO: 2020-03-10 08:28:59 
elliptic
INFO: 2020-03-10 08:28:59 
- CONFIG -
INFO: 2020-03-10 08:28:59 
'data_config.yaml'
INFO: 2020-03-10 08:29:05 
--- FINISH BUILDING DATASET ---
INFO: 2020-03-10 08:29:05 
--- START BUILDING MODELS ---
INFO: 2020-03-10 08:29:05 
- MODELS -
INFO: 2020-03-10 08:29:05 
['light_boost']
INFO: 2020-03-10 08:29:05 
[START BUILDING MODEL 'light_boost']
INFO: 2020-03-10 08:29:05 
- ARGUMENTS -
INFO: 2020-03-10 08:29:05 
{'arguments': {'n_jobs': 1}}
INFO: 2020-03-10 08:29:05 
----> [START BUILDING 'light_boost' MODEL FOR 'AF' FEATURE SET]
INFO: 2020-03-10 08:29:05 
----> [FINISH BUILDING 'light_boost' MODEL FOR 'AF' FEATURE SET]
INFO: 2020-03-10 08:29:05 
[FINISH BUILDING MODEL 'light_boost']
INFO: 2020-03-10 08:29:05 
--- FINISH BUILDING MODELS ---
INFO: 2020-03-10 08:29:05 
--- START TRAINING ---
INFO: 2020-03-10 08:29:05 
[START TRAINING MODEL 'light_boost']
INFO: 2020-03-10 08:29:05 
----> [START TRAINING 'light_boost' MODEL FOR 'AF' FEATURE SET]
INFO: 2020-03-10 08:29:13 
- MODEL PARAMS -
INFO: 2020-03-10 08:29:13 
{'boosting_type': 'gbdt',
 'class_weight': None,
 'colsample_bytree': 1.0,
 'importance_type': 'split',
 'learning_rate': 0.1,
 'max_depth': -1,
 'min_child_samples': 20,
 'min_child_weight': 0.001,
 'min_split_gain': 0.0,
 'n_estimators': 100,
 'n_jobs': 1,
 'num_leaves': 31,
 'objective': None,
 'random_state': None,
 'reg_alpha': 0.0,
 'reg_lambda': 0.0,
 'silent': True,
 'subsample': 1.0,
 'subsample_for_bin': 200000,
 'subsample_freq': 0}
INFO: 2020-03-10 08:29:13 
----> [FINISH TRAINING 'light_boost' MODEL FOR 'AF' FEATURE SET]
INFO: 2020-03-10 08:29:13 
[FINISH TRAINING MODEL 'light_boost']
INFO: 2020-03-10 08:29:13 
--- FINISH TRAINING ---
INFO: 2020-03-10 08:29:13 
--- START EVALUATION ---
INFO: 2020-03-10 08:29:13 
[START EVALUATING MODEL 'light_boost']
INFO: 2020-03-10 08:29:13 
----> [START EVALUATING 'light_boost' MODEL FOR 'AF' FEATURE SET]
INFO: 2020-03-10 08:29:13 
- RESULTS -
INFO: 2020-03-10 08:29:13 
{'confusion': array([[15520,    67],
       [  300,   783]]),
 'f1': 0.810139679255044,
 'f1_micro': 0.9779844031193762,
 'precision': 0.9211764705882353,
 'recall': 0.7229916897506925}
INFO: 2020-03-10 08:29:13 
----> [FINISH EVALUATING 'light_boost' MODEL FOR 'AF' FEATURE SET]
INFO: 2020-03-10 08:29:13 
[FINISH EVALUATING MODEL 'light_boost']
INFO: 2020-03-10 08:29:13 
--- FINISH EVALUATION ---
INFO: 2020-03-10 08:29:13 
-------- FINISH EXPERIMENT --------
