INFO: 2020-04-12 14:24:40 
-------- START EXPERIMENT --------
INFO: 2020-04-12 14:24:40 
- PROPERTIES -
INFO: 2020-04-12 14:24:40 
{'data': 'elliptic',
 'data_config_file': 'configuration/data/data_config.yaml',
 'elliptic_args': {'encode_classes': True,
                   'feat_sets': ['LF'],
                   'inc_unknown': False,
                   'train_size': 0.7},
 'evaluation_metrics': ['precision', 'recall', 'f1', 'f1_micro', 'confusion'],
 'log_path': 'logs/',
 'models': ['xg_boost'],
 'save_log': True,
 'xg_boost_args': {'persist_props': {'method': 'save',
                                     'save_path': 'persistence/experiment_1/tuned_models'},
                   'tune_props': {'k_folds': 3,
                                  'method': 'tpe',
                                  'n_iterations': 100,
                                  'param_grid': {'colsample_bytree': {'max': 1.0,
                                                                      'min': 0.9,
                                                                      'type': 'suggest_uniform'},
                                                 'gamma': {'max': 0.01,
                                                           'min': 0.0,
                                                           'step': 0.005,
                                                           'type': 'suggest_discrete_uniform'},
                                                 'learning_rate': {'type': 'fixed',
                                                                   'value': 0.125},
                                                 'max_delta_step': {'max': 1,
                                                                    'min': 0,
                                                                    'type': 'suggest_int'},
                                                 'max_depth': {'max': 12,
                                                               'min': 1,
                                                               'type': 'suggest_int'},
                                                 'min_child_weight': {'max': 4,
                                                                      'min': 0,
                                                                      'type': 'suggest_int'},
                                                 'n_estimators': {'type': 'fixed',
                                                                  'value': 450},
                                                 'predictor': {'type': 'throw',
                                                               'value': 'gpu_predictor'},
                                                 'subsample': {'max': 1.0,
                                                               'min': 0.9,
                                                               'type': 'suggest_uniform'},
                                                 'tree_method': {'type': 'throw',
                                                                 'value': 'gpu_hist'}},
                                  'scoring': 'neg_log_loss'}}}
INFO: 2020-04-12 14:24:40 
--- START BUILDING DATASET ---
INFO: 2020-04-12 14:24:40 
- DATASET -
INFO: 2020-04-12 14:24:40 
elliptic
INFO: 2020-04-12 14:24:40 
- CONFIG -
INFO: 2020-04-12 14:24:40 
'configuration/data/data_config.yaml'
INFO: 2020-04-12 14:24:48 
--- FINISH BUILDING DATASET ---
INFO: 2020-04-12 14:24:48 
--- START BUILDING MODELS ---
INFO: 2020-04-12 14:24:48 
- MODELS -
INFO: 2020-04-12 14:24:48 
['xg_boost']
INFO: 2020-04-12 14:24:48 
[START BUILDING MODEL 'xg_boost']
INFO: 2020-04-12 14:24:48 
- ARGUMENTS -
INFO: 2020-04-12 14:24:48 
{'persist_props': {'method': 'save',
                   'save_path': 'persistence/experiment_1/tuned_models'},
 'tune_props': {'k_folds': 3,
                'method': 'tpe',
                'n_iterations': 100,
                'param_grid': {'colsample_bytree': {'max': 1.0,
                                                    'min': 0.9,
                                                    'type': 'suggest_uniform'},
                               'gamma': {'max': 0.01,
                                         'min': 0.0,
                                         'step': 0.005,
                                         'type': 'suggest_discrete_uniform'},
                               'learning_rate': {'type': 'fixed',
                                                 'value': 0.125},
                               'max_delta_step': {'max': 1,
                                                  'min': 0,
                                                  'type': 'suggest_int'},
                               'max_depth': {'max': 12,
                                             'min': 1,
                                             'type': 'suggest_int'},
                               'min_child_weight': {'max': 4,
                                                    'min': 0,
                                                    'type': 'suggest_int'},
                               'n_estimators': {'type': 'fixed', 'value': 450},
                               'predictor': {'type': 'throw',
                                             'value': 'gpu_predictor'},
                               'subsample': {'max': 1.0,
                                             'min': 0.9,
                                             'type': 'suggest_uniform'},
                               'tree_method': {'type': 'throw',
                                               'value': 'gpu_hist'}},
                'scoring': 'neg_log_loss'}}
INFO: 2020-04-12 14:24:48 
----> [START BUILDING 'xg_boost' MODEL FOR 'LF' FEATURE SET]
INFO: 2020-04-12 14:24:48 
----> [FINISH BUILDING 'xg_boost' MODEL FOR 'LF' FEATURE SET]
INFO: 2020-04-12 14:24:48 
[FINISH BUILDING MODEL 'xg_boost']
INFO: 2020-04-12 14:24:48 
--- FINISH BUILDING MODELS ---
INFO: 2020-04-12 14:24:48 
--- START TRAINING ---
INFO: 2020-04-12 14:24:48 
[START TRAINING MODEL 'xg_boost']
INFO: 2020-04-12 14:24:48 
----> [START TRAINING 'xg_boost' MODEL FOR 'LF' FEATURE SET]
INFO: 2020-04-12 15:18:45 
- MODEL PARAMS -
INFO: 2020-04-12 15:18:45 
{'base_score': 0.5,
 'booster': None,
 'colsample_bylevel': 1,
 'colsample_bynode': 1,
 'colsample_bytree': 0.9912697725704631,
 'gamma': 0.005,
 'gpu_id': -1,
 'importance_type': 'gain',
 'interaction_constraints': None,
 'learning_rate': 0.125,
 'max_delta_step': 1,
 'max_depth': 10,
 'min_child_weight': 4,
 'missing': nan,
 'monotone_constraints': None,
 'n_estimators': 450,
 'n_jobs': 0,
 'num_parallel_tree': 1,
 'objective': 'binary:logistic',
 'random_state': 0,
 'reg_alpha': 0,
 'reg_lambda': 1,
 'scale_pos_weight': 1,
 'subsample': 0.9998709014711676,
 'tree_method': None,
 'validate_parameters': False,
 'verbosity': None}
INFO: 2020-04-12 15:18:45 
----> [FINISH TRAINING 'xg_boost' MODEL FOR 'LF' FEATURE SET]
INFO: 2020-04-12 15:18:45 
[FINISH TRAINING MODEL 'xg_boost']
INFO: 2020-04-12 15:18:45 
--- FINISH TRAINING ---
INFO: 2020-04-12 15:18:45 
--- START EVALUATION ---
INFO: 2020-04-12 15:18:45 
[START EVALUATING MODEL 'xg_boost']
INFO: 2020-04-12 15:18:45 
----> [START EVALUATING 'xg_boost' MODEL FOR 'LF' FEATURE SET]
INFO: 2020-04-12 15:18:45 
- RESULTS -
INFO: 2020-04-12 15:18:45 
OrderedDict([('precision', 0.8784090909090909),
             ('recall', 0.7137580794090489),
             ('f1', 0.7875700458481915),
             ('f1_micro', 0.9749850029994002),
             ('confusion', array([[15480,   107],
       [  310,   773]]))])
INFO: 2020-04-12 15:18:45 
----> [FINISH EVALUATING 'xg_boost' MODEL FOR 'LF' FEATURE SET]
INFO: 2020-04-12 15:18:45 
[FINISH EVALUATING MODEL 'xg_boost']
INFO: 2020-04-12 15:18:45 
--- FINISH EVALUATION ---
INFO: 2020-04-12 15:18:45 
-------- FINISH EXPERIMENT --------
