INFO: 2020-05-17 21:12:26 
-------- START EXPERIMENT --------
INFO: 2020-05-17 21:12:26 
- PROPERTIES -
INFO: 2020-05-17 21:12:26 
{'data': 'elliptic',
 'data_config_file': 'configuration/data/data_config_ncl_smote.yaml',
 'elliptic_args': {'encode_classes': False,
                   'feat_sets': ['AF'],
                   'inc_unknown': False,
                   'load_edges': False,
                   'train_size': 0.7},
 'evaluation_metrics': ['precision',
                        'recall',
                        'f1_micro',
                        'accuracy',
                        'auc',
                        'confusion',
                        'f1'],
 'light_boost_args': {'persist_props': {'method': 'save',
                                        'save_path': 'persistence/experiment_2.3/tuned_models'},
                      'tune_props': {'k_folds': 5,
                                     'method': 'tpe',
                                     'n_iterations': 50,
                                     'param_grid': {'colsample_bytree': {'max': 1.0,
                                                                         'min': 0.5,
                                                                         'type': 'suggest_uniform'},
                                                    'learning_rate': {'max': 1.0,
                                                                      'min': 0.00091188196,
                                                                      'type': 'suggest_loguniform'},
                                                    'min_child_samples': {'max': 400,
                                                                          'min': 1,
                                                                          'type': 'suggest_int'},
                                                    'min_child_weight': {'max': 148.413159103,
                                                                         'min': 1.12535175e-07,
                                                                         'type': 'suggest_loguniform'},
                                                    'n_estimators': {'type': 'throw',
                                                                     'value': 5000},
                                                    'n_jobs': {'type': 'throw',
                                                               'value': 16},
                                                    'num_leaves': {'max': 1000,
                                                                   'min': 2,
                                                                   'type': 'suggest_int'},
                                                    'reg_alpha': {'max': 7.38905609893,
                                                                  'min': 1.12535175e-07,
                                                                  'type': 'suggest_loguniform'},
                                                    'reg_lambda': {'max': 7.38905609893,
                                                                   'min': 1.12535175e-07,
                                                                   'type': 'suggest_loguniform'},
                                                    'subsample': {'max': 1.0,
                                                                  'min': 0.5,
                                                                  'type': 'suggest_uniform'},
                                                    'subsample_freq': {'type': 'fixed',
                                                                       'value': 1}},
                                     'scoring': 'f1',
                                     'stratify_shuffle': True}},
 'log_path': 'logs/',
 'models': ['xg_boost'],
 'save_log': True,
 'xg_boost_args': {'persist_props': {'method': 'save',
                                     'save_path': 'persistence/experiment_2.3/tuned_models'},
                   'tune_props': {'k_folds': 5,
                                  'method': 'tpe',
                                  'n_iterations': 50,
                                  'param_grid': {'colsample_bylevel': {'max': 1.0,
                                                                       'min': 0.5,
                                                                       'type': 'suggest_uniform'},
                                                 'colsample_bytree': {'max': 1.0,
                                                                      'min': 0.5,
                                                                      'type': 'suggest_uniform'},
                                                 'gamma': {'max': 7.38905609893,
                                                           'min': 1.12535175e-07,
                                                           'type': 'suggest_loguniform'},
                                                 'learning_rate': {'max': 1.0,
                                                                   'min': 0.00091188196,
                                                                   'type': 'suggest_loguniform'},
                                                 'max_depth': {'max': 10,
                                                               'min': 2,
                                                               'step': 1,
                                                               'type': 'suggest_int'},
                                                 'min_child_weight': {'max': 148.413159103,
                                                                      'min': 1.12535175e-07,
                                                                      'type': 'suggest_loguniform'},
                                                 'n_estimators': {'type': 'throw',
                                                                  'value': 5000},
                                                 'n_jobs': {'type': 'throw',
                                                            'value': 8},
                                                 'reg_alpha': {'max': 7.38905609893,
                                                               'min': 1.12535175e-07,
                                                               'type': 'suggest_loguniform'},
                                                 'reg_lambda': {'max': 7.38905609893,
                                                                'min': 1.12535175e-07,
                                                                'type': 'suggest_loguniform'},
                                                 'subsample': {'max': 1.0,
                                                               'min': 0.5,
                                                               'type': 'suggest_uniform'}},
                                  'scoring': 'f1',
                                  'stratify_shuffle': True}}}
INFO: 2020-05-17 21:12:26 
--- START BUILDING DATASET ---
INFO: 2020-05-17 21:12:26 
- DATASET -
INFO: 2020-05-17 21:12:26 
elliptic
INFO: 2020-05-17 21:12:26 
- CONFIG -
INFO: 2020-05-17 21:12:26 
'configuration/data/data_config_ncl_smote.yaml'
INFO: 2020-05-17 21:12:44 
--- FINISH BUILDING DATASET ---
INFO: 2020-05-17 21:12:44 
--- START BUILDING MODELS ---
INFO: 2020-05-17 21:12:44 
- MODELS -
INFO: 2020-05-17 21:12:44 
['xg_boost']
INFO: 2020-05-17 21:12:44 
[START BUILDING MODEL 'xg_boost']
INFO: 2020-05-17 21:12:44 
- ARGUMENTS -
INFO: 2020-05-17 21:12:44 
{'persist_props': {'method': 'save',
                   'save_path': 'persistence/experiment_2.3/tuned_models'},
 'tune_props': {'k_folds': 5,
                'method': 'tpe',
                'n_iterations': 50,
                'param_grid': {'colsample_bylevel': {'max': 1.0,
                                                     'min': 0.5,
                                                     'type': 'suggest_uniform'},
                               'colsample_bytree': {'max': 1.0,
                                                    'min': 0.5,
                                                    'type': 'suggest_uniform'},
                               'gamma': {'max': 7.38905609893,
                                         'min': 1.12535175e-07,
                                         'type': 'suggest_loguniform'},
                               'learning_rate': {'max': 1.0,
                                                 'min': 0.00091188196,
                                                 'type': 'suggest_loguniform'},
                               'max_depth': {'max': 10,
                                             'min': 2,
                                             'step': 1,
                                             'type': 'suggest_int'},
                               'min_child_weight': {'max': 148.413159103,
                                                    'min': 1.12535175e-07,
                                                    'type': 'suggest_loguniform'},
                               'n_estimators': {'type': 'throw', 'value': 5000},
                               'n_jobs': {'type': 'throw', 'value': 8},
                               'reg_alpha': {'max': 7.38905609893,
                                             'min': 1.12535175e-07,
                                             'type': 'suggest_loguniform'},
                               'reg_lambda': {'max': 7.38905609893,
                                              'min': 1.12535175e-07,
                                              'type': 'suggest_loguniform'},
                               'subsample': {'max': 1.0,
                                             'min': 0.5,
                                             'type': 'suggest_uniform'}},
                'scoring': 'f1',
                'stratify_shuffle': True}}
INFO: 2020-05-17 21:12:44 
----> [START BUILDING 'xg_boost' MODEL FOR 'AF' FEATURE SET]
INFO: 2020-05-17 21:12:44 
----> [FINISH BUILDING 'xg_boost' MODEL FOR 'AF' FEATURE SET]
INFO: 2020-05-17 21:12:44 
[FINISH BUILDING MODEL 'xg_boost']
INFO: 2020-05-17 21:12:44 
--- FINISH BUILDING MODELS ---
INFO: 2020-05-17 21:12:44 
--- START TRAINING ---
INFO: 2020-05-17 21:12:44 
[START TRAINING MODEL 'xg_boost']
INFO: 2020-05-17 21:12:44 
----> [START TRAINING 'xg_boost' MODEL FOR 'AF' FEATURE SET]
INFO: 2020-05-18 08:44:28 
- MODEL PARAMS -
INFO: 2020-05-18 08:44:28 
{'base_score': 0.5,
 'booster': None,
 'colsample_bylevel': 0.7893054408663991,
 'colsample_bynode': 1,
 'colsample_bytree': 0.6366853270101964,
 'gamma': 2.6081434499725793e-05,
 'gpu_id': -1,
 'importance_type': 'gain',
 'interaction_constraints': None,
 'learning_rate': 0.03451669333808158,
 'max_delta_step': 0,
 'max_depth': 7,
 'min_child_weight': 4.739987190030236e-06,
 'missing': nan,
 'monotone_constraints': None,
 'n_estimators': 1149,
 'n_jobs': 0,
 'num_parallel_tree': 1,
 'objective': 'binary:logistic',
 'random_state': 0,
 'reg_alpha': 4.6693396003499663e-07,
 'reg_lambda': 0.0003865526336625385,
 'scale_pos_weight': 1,
 'subsample': 0.5635583977428819,
 'tree_method': None,
 'validate_parameters': False,
 'verbosity': None}
INFO: 2020-05-18 08:44:28 
----> [FINISH TRAINING 'xg_boost' MODEL FOR 'AF' FEATURE SET]
INFO: 2020-05-18 08:44:28 
[FINISH TRAINING MODEL 'xg_boost']
INFO: 2020-05-18 08:44:28 
--- FINISH TRAINING ---
INFO: 2020-05-18 08:44:28 
--- START EVALUATION ---
INFO: 2020-05-18 08:44:28 
[START EVALUATING MODEL 'xg_boost']
INFO: 2020-05-18 08:44:28 
----> [START EVALUATING 'xg_boost' MODEL FOR 'AF' FEATURE SET]
INFO: 2020-05-18 08:44:28 
- RESULTS -
INFO: 2020-05-18 08:44:28 
OrderedDict([('precision', 0.9341176470588235),
             ('recall', 0.7331486611265005),
             ('f1_micro', 0.9793041391721655),
             ('accuracy', 0.9793041391721655),
             ('auc', 0.8647779617944045),
             ('confusion', array([[15531,    56],
       [  289,   794]])),
             ('f1', 0.8215209518882566)])
INFO: 2020-05-18 08:44:28 
----> [FINISH EVALUATING 'xg_boost' MODEL FOR 'AF' FEATURE SET]
INFO: 2020-05-18 08:44:28 
[FINISH EVALUATING MODEL 'xg_boost']
INFO: 2020-05-18 08:44:28 
--- FINISH EVALUATION ---
INFO: 2020-05-18 08:44:28 
-------- FINISH EXPERIMENT --------
