INFO: 2020-07-15 08:47:28 
-------- START EXPERIMENT --------
INFO: 2020-07-15 08:47:28 
- PROPERTIES -
INFO: 2020-07-15 08:47:28 
{'data': 'noaa_weather',
 'data_config_file': 'configuration/data/data_config_ncl_smote.yaml',
 'evaluation_metrics': ['precision',
                        'recall',
                        'f1_micro',
                        'accuracy',
                        'auc',
                        'confusion',
                        'f1'],
 'light_boost_args': {'persist_props': {'method': 'save',
                                        'save_path': 'persistence/experiment_2.6/tuned_models'},
                      'tune_props': {'k_folds': 5,
                                     'method': 'tpe',
                                     'n_iterations': 50,
                                     'param_grid': {'colsample_bytree': {'max': 1.0,
                                                                         'min': 0.5,
                                                                         'type': 'suggest_uniform'},
                                                    'learning_rate': {'max': 1.0,
                                                                      'min': 0.00091188196,
                                                                      'type': 'suggest_loguniform'},
                                                    'min_child_samples': {'max': 400,
                                                                          'min': 1,
                                                                          'type': 'suggest_int'},
                                                    'min_child_weight': {'max': 148.413159103,
                                                                         'min': 1.12535175e-07,
                                                                         'type': 'suggest_loguniform'},
                                                    'n_estimators': {'type': 'throw',
                                                                     'value': 5000},
                                                    'n_jobs': {'type': 'throw',
                                                               'value': 16},
                                                    'num_leaves': {'max': 1000,
                                                                   'min': 2,
                                                                   'type': 'suggest_int'},
                                                    'reg_alpha': {'max': 7.38905609893,
                                                                  'min': 1.12535175e-07,
                                                                  'type': 'suggest_loguniform'},
                                                    'reg_lambda': {'max': 7.38905609893,
                                                                   'min': 1.12535175e-07,
                                                                   'type': 'suggest_loguniform'},
                                                    'subsample': {'max': 1.0,
                                                                  'min': 0.5,
                                                                  'type': 'suggest_uniform'},
                                                    'subsample_freq': {'type': 'fixed',
                                                                       'value': 1}},
                                     'scoring': 'f1',
                                     'stratify_shuffle': True}},
 'log_path': 'logs/',
 'models': ['xg_boost', 'light_boost'],
 'noaa_args': {'feat_sets': ['ALL'], 'train_size': 0.7},
 'save_log': True,
 'xg_boost_args': {'persist_props': {'method': 'save',
                                     'save_path': 'persistence/experiment_2.6/tuned_models'},
                   'tune_props': {'k_folds': 5,
                                  'method': 'tpe',
                                  'n_iterations': 50,
                                  'param_grid': {'colsample_bylevel': {'max': 1.0,
                                                                       'min': 0.5,
                                                                       'type': 'suggest_uniform'},
                                                 'colsample_bytree': {'max': 1.0,
                                                                      'min': 0.5,
                                                                      'type': 'suggest_uniform'},
                                                 'gamma': {'max': 7.38905609893,
                                                           'min': 1.12535175e-07,
                                                           'type': 'suggest_loguniform'},
                                                 'learning_rate': {'max': 1.0,
                                                                   'min': 0.00091188196,
                                                                   'type': 'suggest_loguniform'},
                                                 'max_depth': {'max': 10,
                                                               'min': 2,
                                                               'step': 1,
                                                               'type': 'suggest_int'},
                                                 'min_child_weight': {'max': 148.413159103,
                                                                      'min': 1.12535175e-07,
                                                                      'type': 'suggest_loguniform'},
                                                 'n_estimators': {'type': 'throw',
                                                                  'value': 5000},
                                                 'n_jobs': {'type': 'throw',
                                                            'value': 16},
                                                 'reg_alpha': {'max': 7.38905609893,
                                                               'min': 1.12535175e-07,
                                                               'type': 'suggest_loguniform'},
                                                 'reg_lambda': {'max': 7.38905609893,
                                                                'min': 1.12535175e-07,
                                                                'type': 'suggest_loguniform'},
                                                 'subsample': {'max': 1.0,
                                                               'min': 0.5,
                                                               'type': 'suggest_uniform'}},
                                  'scoring': 'f1',
                                  'stratify_shuffle': True}}}
INFO: 2020-07-15 08:47:28 
--- START BUILDING DATASET ---
INFO: 2020-07-15 08:47:28 
- DATASET -
INFO: 2020-07-15 08:47:28 
noaa_weather
INFO: 2020-07-15 08:47:28 
- CONFIG -
INFO: 2020-07-15 08:47:28 
'configuration/data/data_config_ncl_smote.yaml'
INFO: 2020-07-15 08:47:28 
--- FINISH BUILDING DATASET ---
INFO: 2020-07-15 08:47:28 
--- START BUILDING MODELS ---
INFO: 2020-07-15 08:47:28 
- MODELS -
INFO: 2020-07-15 08:47:28 
['xg_boost', 'light_boost']
INFO: 2020-07-15 08:47:28 
[START BUILDING MODEL 'xg_boost']
INFO: 2020-07-15 08:47:28 
- ARGUMENTS -
INFO: 2020-07-15 08:47:28 
{'persist_props': {'method': 'save',
                   'save_path': 'persistence/experiment_2.6/tuned_models'},
 'tune_props': {'k_folds': 5,
                'method': 'tpe',
                'n_iterations': 50,
                'param_grid': {'colsample_bylevel': {'max': 1.0,
                                                     'min': 0.5,
                                                     'type': 'suggest_uniform'},
                               'colsample_bytree': {'max': 1.0,
                                                    'min': 0.5,
                                                    'type': 'suggest_uniform'},
                               'gamma': {'max': 7.38905609893,
                                         'min': 1.12535175e-07,
                                         'type': 'suggest_loguniform'},
                               'learning_rate': {'max': 1.0,
                                                 'min': 0.00091188196,
                                                 'type': 'suggest_loguniform'},
                               'max_depth': {'max': 10,
                                             'min': 2,
                                             'step': 1,
                                             'type': 'suggest_int'},
                               'min_child_weight': {'max': 148.413159103,
                                                    'min': 1.12535175e-07,
                                                    'type': 'suggest_loguniform'},
                               'n_estimators': {'type': 'throw', 'value': 5000},
                               'n_jobs': {'type': 'throw', 'value': 16},
                               'reg_alpha': {'max': 7.38905609893,
                                             'min': 1.12535175e-07,
                                             'type': 'suggest_loguniform'},
                               'reg_lambda': {'max': 7.38905609893,
                                              'min': 1.12535175e-07,
                                              'type': 'suggest_loguniform'},
                               'subsample': {'max': 1.0,
                                             'min': 0.5,
                                             'type': 'suggest_uniform'}},
                'scoring': 'f1',
                'stratify_shuffle': True}}
INFO: 2020-07-15 08:47:28 
----> [START BUILDING 'xg_boost' MODEL FOR 'ALL' FEATURE SET]
INFO: 2020-07-15 08:47:28 
----> [FINISH BUILDING 'xg_boost' MODEL FOR 'ALL' FEATURE SET]
INFO: 2020-07-15 08:47:28 
[FINISH BUILDING MODEL 'xg_boost']
INFO: 2020-07-15 08:47:28 
[START BUILDING MODEL 'light_boost']
INFO: 2020-07-15 08:47:28 
- ARGUMENTS -
INFO: 2020-07-15 08:47:28 
{'persist_props': {'method': 'save',
                   'save_path': 'persistence/experiment_2.6/tuned_models'},
 'tune_props': {'k_folds': 5,
                'method': 'tpe',
                'n_iterations': 50,
                'param_grid': {'colsample_bytree': {'max': 1.0,
                                                    'min': 0.5,
                                                    'type': 'suggest_uniform'},
                               'learning_rate': {'max': 1.0,
                                                 'min': 0.00091188196,
                                                 'type': 'suggest_loguniform'},
                               'min_child_samples': {'max': 400,
                                                     'min': 1,
                                                     'type': 'suggest_int'},
                               'min_child_weight': {'max': 148.413159103,
                                                    'min': 1.12535175e-07,
                                                    'type': 'suggest_loguniform'},
                               'n_estimators': {'type': 'throw', 'value': 5000},
                               'n_jobs': {'type': 'throw', 'value': 16},
                               'num_leaves': {'max': 1000,
                                              'min': 2,
                                              'type': 'suggest_int'},
                               'reg_alpha': {'max': 7.38905609893,
                                             'min': 1.12535175e-07,
                                             'type': 'suggest_loguniform'},
                               'reg_lambda': {'max': 7.38905609893,
                                              'min': 1.12535175e-07,
                                              'type': 'suggest_loguniform'},
                               'subsample': {'max': 1.0,
                                             'min': 0.5,
                                             'type': 'suggest_uniform'},
                               'subsample_freq': {'type': 'fixed', 'value': 1}},
                'scoring': 'f1',
                'stratify_shuffle': True}}
INFO: 2020-07-15 08:47:28 
----> [START BUILDING 'light_boost' MODEL FOR 'ALL' FEATURE SET]
INFO: 2020-07-15 08:47:28 
----> [FINISH BUILDING 'light_boost' MODEL FOR 'ALL' FEATURE SET]
INFO: 2020-07-15 08:47:28 
[FINISH BUILDING MODEL 'light_boost']
INFO: 2020-07-15 08:47:28 
--- FINISH BUILDING MODELS ---
INFO: 2020-07-15 08:47:28 
--- START TRAINING ---
INFO: 2020-07-15 08:47:28 
[START TRAINING MODEL 'xg_boost']
INFO: 2020-07-15 08:47:28 
----> [START TRAINING 'xg_boost' MODEL FOR 'ALL' FEATURE SET]
INFO: 2020-07-15 11:21:26 
- MODEL PARAMS -
INFO: 2020-07-15 11:21:26 
{'base_score': 0.5,
 'booster': None,
 'colsample_bylevel': 0.8826277282486175,
 'colsample_bynode': 1,
 'colsample_bytree': 0.7267352433483205,
 'gamma': 0.0007014525132025484,
 'gpu_id': -1,
 'importance_type': 'gain',
 'interaction_constraints': None,
 'learning_rate': 0.04038196423627139,
 'max_delta_step': 0,
 'max_depth': 6,
 'min_child_weight': 0.0005482950190124504,
 'missing': nan,
 'monotone_constraints': None,
 'n_estimators': 4596,
 'n_jobs': 0,
 'num_parallel_tree': 1,
 'objective': 'binary:logistic',
 'random_state': 0,
 'reg_alpha': 5.676983451968034e-06,
 'reg_lambda': 7.23325209637167e-05,
 'scale_pos_weight': 1,
 'subsample': 0.7154191406875013,
 'tree_method': None,
 'validate_parameters': False,
 'verbosity': None}
INFO: 2020-07-15 11:21:26 
----> [FINISH TRAINING 'xg_boost' MODEL FOR 'ALL' FEATURE SET]
INFO: 2020-07-15 11:21:26 
[FINISH TRAINING MODEL 'xg_boost']
INFO: 2020-07-15 11:21:26 
[START TRAINING MODEL 'light_boost']
INFO: 2020-07-15 11:21:26 
----> [START TRAINING 'light_boost' MODEL FOR 'ALL' FEATURE SET]
INFO: 2020-07-15 12:37:43 
- MODEL PARAMS -
INFO: 2020-07-15 12:37:43 
{'boosting_type': 'gbdt',
 'class_weight': None,
 'colsample_bytree': 0.8494418719270661,
 'importance_type': 'split',
 'learning_rate': 0.0493344260557109,
 'max_depth': -1,
 'min_child_samples': 25,
 'min_child_weight': 1.3492254178729675e-05,
 'min_split_gain': 0.0,
 'n_estimators': 1095,
 'n_jobs': -1,
 'num_leaves': 175,
 'objective': None,
 'random_state': None,
 'reg_alpha': 0.002434526892861787,
 'reg_lambda': 1.3404496793037812e-07,
 'silent': True,
 'subsample': 0.9398266126294899,
 'subsample_for_bin': 200000,
 'subsample_freq': 1}
INFO: 2020-07-15 12:37:43 
----> [FINISH TRAINING 'light_boost' MODEL FOR 'ALL' FEATURE SET]
INFO: 2020-07-15 12:37:43 
[FINISH TRAINING MODEL 'light_boost']
INFO: 2020-07-15 12:37:43 
--- FINISH TRAINING ---
INFO: 2020-07-15 12:37:43 
--- START EVALUATION ---
INFO: 2020-07-15 12:37:43 
[START EVALUATING MODEL 'xg_boost']
INFO: 2020-07-15 12:37:43 
----> [START EVALUATING 'xg_boost' MODEL FOR 'ALL' FEATURE SET]
INFO: 2020-07-15 12:37:43 
- RESULTS -
INFO: 2020-07-15 12:37:43 
OrderedDict([('precision', 0.5760223698007689),
             ('recall', 0.8486096807415036),
             ('f1_micro', 0.7229270086412943),
             ('accuracy', 0.7229270086412943),
             ('auc', 0.7508704680516212),
             ('confusion', array([[2284, 1213],
       [ 294, 1648]])),
             ('f1', 0.6862377680616282)])
INFO: 2020-07-15 12:37:43 
----> [FINISH EVALUATING 'xg_boost' MODEL FOR 'ALL' FEATURE SET]
INFO: 2020-07-15 12:37:43 
[FINISH EVALUATING MODEL 'xg_boost']
INFO: 2020-07-15 12:37:43 
[START EVALUATING MODEL 'light_boost']
INFO: 2020-07-15 12:37:43 
----> [START EVALUATING 'light_boost' MODEL FOR 'ALL' FEATURE SET]
INFO: 2020-07-15 12:37:44 
- RESULTS -
INFO: 2020-07-15 12:37:44 
OrderedDict([('precision', 0.592),
             ('recall', 0.8383110195674562),
             ('f1_micro', 0.7359808788380217),
             ('accuracy', 0.7359808788380217),
             ('auc', 0.7587322898809543),
             ('confusion', array([[2375, 1122],
       [ 314, 1628]])),
             ('f1', 0.6939471440750213)])
INFO: 2020-07-15 12:37:44 
----> [FINISH EVALUATING 'light_boost' MODEL FOR 'ALL' FEATURE SET]
INFO: 2020-07-15 12:37:44 
[FINISH EVALUATING MODEL 'light_boost']
INFO: 2020-07-15 12:37:44 
--- FINISH EVALUATION ---
INFO: 2020-07-15 12:37:44 
-------- FINISH EXPERIMENT --------
