INFO: 2020-05-16 20:11:20 
-------- START EXPERIMENT --------
INFO: 2020-05-16 20:11:20 
- PROPERTIES -
INFO: 2020-05-16 20:11:20 
{'data': 'elliptic',
 'data_config_file': 'configuration/data/data_config_smote.yaml',
 'elliptic_args': {'encode_classes': False,
                   'feat_sets': ['AF'],
                   'inc_unknown': False,
                   'load_edges': False,
                   'train_size': 0.7},
 'evaluation_metrics': ['precision',
                        'recall',
                        'f1_micro',
                        'accuracy',
                        'auc',
                        'confusion',
                        'f1'],
 'light_boost_args': {'persist_props': {'method': 'save',
                                        'save_path': 'persistence/experiment_2.2/tuned_models'},
                      'tune_props': {'k_folds': 5,
                                     'method': 'tpe',
                                     'n_iterations': 50,
                                     'param_grid': {'colsample_bytree': {'max': 1.0,
                                                                         'min': 0.5,
                                                                         'type': 'suggest_uniform'},
                                                    'learning_rate': {'max': 1.0,
                                                                      'min': 0.00091188196,
                                                                      'type': 'suggest_loguniform'},
                                                    'min_child_samples': {'max': 400,
                                                                          'min': 1,
                                                                          'type': 'suggest_int'},
                                                    'min_child_weight': {'max': 148.413159103,
                                                                         'min': 1.12535175e-07,
                                                                         'type': 'suggest_loguniform'},
                                                    'n_estimators': {'type': 'throw',
                                                                     'value': 5000},
                                                    'n_jobs': {'type': 'throw',
                                                               'value': 16},
                                                    'num_leaves': {'max': 1000,
                                                                   'min': 2,
                                                                   'type': 'suggest_int'},
                                                    'reg_alpha': {'max': 7.38905609893,
                                                                  'min': 1.12535175e-07,
                                                                  'type': 'suggest_loguniform'},
                                                    'reg_lambda': {'max': 7.38905609893,
                                                                   'min': 1.12535175e-07,
                                                                   'type': 'suggest_loguniform'},
                                                    'subsample': {'max': 1.0,
                                                                  'min': 0.5,
                                                                  'type': 'suggest_uniform'},
                                                    'subsample_freq': {'type': 'fixed',
                                                                       'value': 1}},
                                     'scoring': 'f1',
                                     'stratify_shuffle': True}},
 'log_path': 'logs/',
 'models': ['xg_boost'],
 'save_log': True,
 'xg_boost_args': {'persist_props': {'method': 'save',
                                     'save_path': 'persistence/experiment_2.2/tuned_models'},
                   'tune_props': {'k_folds': 5,
                                  'method': 'tpe',
                                  'n_iterations': 50,
                                  'param_grid': {'colsample_bylevel': {'max': 1.0,
                                                                       'min': 0.5,
                                                                       'type': 'suggest_uniform'},
                                                 'colsample_bytree': {'max': 1.0,
                                                                      'min': 0.5,
                                                                      'type': 'suggest_uniform'},
                                                 'gamma': {'max': 7.38905609893,
                                                           'min': 1.12535175e-07,
                                                           'type': 'suggest_loguniform'},
                                                 'learning_rate': {'max': 1.0,
                                                                   'min': 0.00091188196,
                                                                   'type': 'suggest_loguniform'},
                                                 'max_depth': {'max': 10,
                                                               'min': 2,
                                                               'step': 1,
                                                               'type': 'suggest_int'},
                                                 'min_child_weight': {'max': 148.413159103,
                                                                      'min': 1.12535175e-07,
                                                                      'type': 'suggest_loguniform'},
                                                 'n_estimators': {'type': 'throw',
                                                                  'value': 5000},
                                                 'n_jobs': {'type': 'throw',
                                                            'value': 10},
                                                 'reg_alpha': {'max': 7.38905609893,
                                                               'min': 1.12535175e-07,
                                                               'type': 'suggest_loguniform'},
                                                 'reg_lambda': {'max': 7.38905609893,
                                                                'min': 1.12535175e-07,
                                                                'type': 'suggest_loguniform'},
                                                 'subsample': {'max': 1.0,
                                                               'min': 0.5,
                                                               'type': 'suggest_uniform'}},
                                  'scoring': 'f1',
                                  'stratify_shuffle': True}}}
INFO: 2020-05-16 20:11:20 
--- START BUILDING DATASET ---
INFO: 2020-05-16 20:11:20 
- DATASET -
INFO: 2020-05-16 20:11:20 
elliptic
INFO: 2020-05-16 20:11:20 
- CONFIG -
INFO: 2020-05-16 20:11:20 
'configuration/data/data_config_smote.yaml'
INFO: 2020-05-16 20:11:23 
--- FINISH BUILDING DATASET ---
INFO: 2020-05-16 20:11:23 
--- START BUILDING MODELS ---
INFO: 2020-05-16 20:11:23 
- MODELS -
INFO: 2020-05-16 20:11:23 
['xg_boost']
INFO: 2020-05-16 20:11:23 
[START BUILDING MODEL 'xg_boost']
INFO: 2020-05-16 20:11:23 
- ARGUMENTS -
INFO: 2020-05-16 20:11:23 
{'persist_props': {'method': 'save',
                   'save_path': 'persistence/experiment_2.2/tuned_models'},
 'tune_props': {'k_folds': 5,
                'method': 'tpe',
                'n_iterations': 50,
                'param_grid': {'colsample_bylevel': {'max': 1.0,
                                                     'min': 0.5,
                                                     'type': 'suggest_uniform'},
                               'colsample_bytree': {'max': 1.0,
                                                    'min': 0.5,
                                                    'type': 'suggest_uniform'},
                               'gamma': {'max': 7.38905609893,
                                         'min': 1.12535175e-07,
                                         'type': 'suggest_loguniform'},
                               'learning_rate': {'max': 1.0,
                                                 'min': 0.00091188196,
                                                 'type': 'suggest_loguniform'},
                               'max_depth': {'max': 10,
                                             'min': 2,
                                             'step': 1,
                                             'type': 'suggest_int'},
                               'min_child_weight': {'max': 148.413159103,
                                                    'min': 1.12535175e-07,
                                                    'type': 'suggest_loguniform'},
                               'n_estimators': {'type': 'throw', 'value': 5000},
                               'n_jobs': {'type': 'throw', 'value': 10},
                               'reg_alpha': {'max': 7.38905609893,
                                             'min': 1.12535175e-07,
                                             'type': 'suggest_loguniform'},
                               'reg_lambda': {'max': 7.38905609893,
                                              'min': 1.12535175e-07,
                                              'type': 'suggest_loguniform'},
                               'subsample': {'max': 1.0,
                                             'min': 0.5,
                                             'type': 'suggest_uniform'}},
                'scoring': 'f1',
                'stratify_shuffle': True}}
INFO: 2020-05-16 20:11:23 
----> [START BUILDING 'xg_boost' MODEL FOR 'AF' FEATURE SET]
INFO: 2020-05-16 20:11:23 
----> [FINISH BUILDING 'xg_boost' MODEL FOR 'AF' FEATURE SET]
INFO: 2020-05-16 20:11:23 
[FINISH BUILDING MODEL 'xg_boost']
INFO: 2020-05-16 20:11:23 
--- FINISH BUILDING MODELS ---
INFO: 2020-05-16 20:11:23 
--- START TRAINING ---
INFO: 2020-05-16 20:11:23 
[START TRAINING MODEL 'xg_boost']
INFO: 2020-05-16 20:11:23 
----> [START TRAINING 'xg_boost' MODEL FOR 'AF' FEATURE SET]
ERROR: 2020-05-16 20:13:02 
(<class 'KeyboardInterrupt'>, KeyboardInterrupt(), <traceback object at 0x7fc281ff1690>)
Traceback (most recent call last):
  File "model_tuner.py", line 210, in <module>
    train_models(dataset, models)
  File "model_tuner.py", line 139, in train_models
    model.fit(X, y)
  File "/home/dvassallo/repos/aml-crypto-graph/src/cryptoaml/models/_models.py", line 116, in fit
    self._tuner, self._tune_props = tu.tune_model(self._model, X, y, self._tune_props)
  File "/home/dvassallo/repos/aml-crypto-graph/src/cryptoaml/tune/_tuning.py", line 666, in tune_model
    tuner.fit(X, y)
  File "/home/dvassallo/repos/aml-crypto-graph/src/cryptoaml/tune/_tuning.py", line 352, in fit
    self._study.optimize(self._objective, n_trials=self._n_iterations, n_jobs=4)
  File "/home/dvassallo/anaconda3/envs/btc-classifier/lib/python3.7/site-packages/optuna/study.py", line 372, in optimize
    for _ in _iter
  File "/home/dvassallo/anaconda3/envs/btc-classifier/lib/python3.7/site-packages/joblib/parallel.py", line 1017, in __call__
    self.retrieve()
  File "/home/dvassallo/anaconda3/envs/btc-classifier/lib/python3.7/site-packages/joblib/parallel.py", line 909, in retrieve
    self._output.extend(job.get(timeout=self.timeout))
  File "/home/dvassallo/anaconda3/envs/btc-classifier/lib/python3.7/multiprocessing/pool.py", line 651, in get
    self.wait(timeout)
  File "/home/dvassallo/anaconda3/envs/btc-classifier/lib/python3.7/multiprocessing/pool.py", line 648, in wait
    self._event.wait(timeout)
  File "/home/dvassallo/anaconda3/envs/btc-classifier/lib/python3.7/threading.py", line 552, in wait
    signaled = self._cond.wait(timeout)
  File "/home/dvassallo/anaconda3/envs/btc-classifier/lib/python3.7/threading.py", line 296, in wait
    waiter.acquire()
KeyboardInterrupt
