INFO: 2020-05-01 23:01:40 
-------- START EXPERIMENT --------
INFO: 2020-05-01 23:01:40 
- PROPERTIES -
INFO: 2020-05-01 23:01:40 
{'cat_boost_args': {'persist_props': {'method': 'save',
                                      'save_path': 'persistence/experiment_1/tuned_models'},
                    'tune_props': {'k_folds': 5,
                                   'method': 'tpe',
                                   'n_iterations': 50,
                                   'param_grid': {'bootstrap_type': {'type': 'fixed',
                                                                     'value': 'MVS'},
                                                  'depth': {'max': 10,
                                                            'min': 4,
                                                            'step': 1,
                                                            'type': 'suggest_int'},
                                                  'eval_metric': {'type': 'fixed',
                                                                  'value': 'F1'},
                                                  'iterations': {'type': 'throw',
                                                                 'value': 5000},
                                                  'l2_leaf_reg': {'max': 10.0,
                                                                  'min': 1.0,
                                                                  'type': 'suggest_loguniform'},
                                                  'leaf_estimation_iterations': {'max': 10,
                                                                                 'min': 1,
                                                                                 'step': 1,
                                                                                 'type': 'suggest_int'},
                                                  'learning_rate': {'max': 1.0,
                                                                    'min': 0.00091188196,
                                                                    'type': 'suggest_loguniform'},
                                                  'random_strength': {'max': 20,
                                                                      'min': 1,
                                                                      'step': 1,
                                                                      'type': 'suggest_int'},
                                                  'rsm': {'max': 1.0,
                                                          'min': 0.0,
                                                          'step': 0.0025,
                                                          'type': 'suggest_discrete_uniform'},
                                                  'subsample': {'max': 1.0,
                                                                'min': 0.5,
                                                                'type': 'suggest_uniform'},
                                                  'thread_count': {'type': 'throw',
                                                                   'value': 16},
                                                  'verbose': {'type': 'fixed',
                                                              'value': 0}},
                                   'scoring': 'f1',
                                   'stratify_shuffle': True}},
 'data': 'elliptic',
 'data_config_file': 'configuration/data/data_config.yaml',
 'elliptic_args': {'encode_classes': True,
                   'feat_sets': ['AF'],
                   'inc_unknown': False,
                   'train_size': 0.7},
 'evaluation_metrics': ['precision',
                        'recall',
                        'f1_micro',
                        'accuracy',
                        'auc',
                        'confusion',
                        'f1'],
 'light_boost_args': {'persist_props': {'method': 'save',
                                        'save_path': 'persistence/experiment_1/tuned_models'},
                      'tune_props': {'k_folds': 5,
                                     'method': 'tpe',
                                     'n_iterations': 50,
                                     'param_grid': {'colsample_bytree': {'max': 1.0,
                                                                         'min': 0.5,
                                                                         'type': 'suggest_uniform'},
                                                    'learning_rate': {'max': 1.0,
                                                                      'min': 0.00091188196,
                                                                      'type': 'suggest_loguniform'},
                                                    'min_child_samples': {'max': 400,
                                                                          'min': 1,
                                                                          'type': 'suggest_int'},
                                                    'min_child_weight': {'max': 148.413159103,
                                                                         'min': 1.12535175e-07,
                                                                         'type': 'suggest_loguniform'},
                                                    'n_estimators': {'type': 'throw',
                                                                     'value': 5000},
                                                    'n_jobs': {'type': 'throw',
                                                               'value': 16},
                                                    'num_leaves': {'max': 1000,
                                                                   'min': 1,
                                                                   'type': 'suggest_int'},
                                                    'reg_alpha': {'max': 7.38905609893,
                                                                  'min': 1.12535175e-07,
                                                                  'type': 'suggest_loguniform'},
                                                    'reg_lambda': {'max': 7.38905609893,
                                                                   'min': 1.12535175e-07,
                                                                   'type': 'suggest_loguniform'},
                                                    'subsample': {'max': 1.0,
                                                                  'min': 0.5,
                                                                  'type': 'suggest_uniform'},
                                                    'subsample_freq': {'type': 'fixed',
                                                                       'value': 1}},
                                     'scoring': 'f1',
                                     'stratify_shuffle': True}},
 'log_path': 'logs/',
 'models': ['xg_boost', 'light_boost', 'cat_boost'],
 'save_log': True,
 'xg_boost_args': {'persist_props': {'method': 'save',
                                     'save_path': 'persistence/experiment_1/tuned_models'},
                   'tune_props': {'k_folds': 5,
                                  'method': 'tpe',
                                  'n_iterations': 50,
                                  'param_grid': {'colsample_bylevel': {'max': 1.0,
                                                                       'min': 0.5,
                                                                       'type': 'suggest_uniform'},
                                                 'colsample_bytree': {'max': 1.0,
                                                                      'min': 0.5,
                                                                      'type': 'suggest_uniform'},
                                                 'gamma': {'max': 7.38905609893,
                                                           'min': 1.12535175e-07,
                                                           'type': 'suggest_loguniform'},
                                                 'learning_rate': {'max': 1.0,
                                                                   'min': 0.00091188196,
                                                                   'type': 'suggest_loguniform'},
                                                 'max_depth': {'max': 10,
                                                               'min': 2,
                                                               'step': 1,
                                                               'type': 'suggest_int'},
                                                 'min_child_weight': {'max': 148.413159103,
                                                                      'min': 1.12535175e-07,
                                                                      'type': 'suggest_loguniform'},
                                                 'n_estimators': {'type': 'throw',
                                                                  'value': 5000},
                                                 'n_jobs': {'type': 'throw',
                                                            'value': 16},
                                                 'reg_alpha': {'max': 7.38905609893,
                                                               'min': 1.12535175e-07,
                                                               'type': 'suggest_loguniform'},
                                                 'reg_lambda': {'max': 7.38905609893,
                                                                'min': 1.12535175e-07,
                                                                'type': 'suggest_loguniform'},
                                                 'subsample': {'max': 1.0,
                                                               'min': 0.5,
                                                               'type': 'suggest_uniform'}},
                                  'scoring': 'f1',
                                  'stratify_shuffle': True}}}
INFO: 2020-05-01 23:01:40 
--- START BUILDING DATASET ---
INFO: 2020-05-01 23:01:40 
- DATASET -
INFO: 2020-05-01 23:01:40 
elliptic
INFO: 2020-05-01 23:01:40 
- CONFIG -
INFO: 2020-05-01 23:01:40 
'configuration/data/data_config.yaml'
INFO: 2020-05-01 23:02:28 
--- FINISH BUILDING DATASET ---
INFO: 2020-05-01 23:02:28 
--- START BUILDING MODELS ---
INFO: 2020-05-01 23:02:28 
- MODELS -
INFO: 2020-05-01 23:02:28 
['xg_boost', 'light_boost', 'cat_boost']
INFO: 2020-05-01 23:02:28 
[START BUILDING MODEL 'xg_boost']
INFO: 2020-05-01 23:02:28 
- ARGUMENTS -
INFO: 2020-05-01 23:02:28 
{'persist_props': {'method': 'save',
                   'save_path': 'persistence/experiment_1/tuned_models'},
 'tune_props': {'k_folds': 5,
                'method': 'tpe',
                'n_iterations': 50,
                'param_grid': {'colsample_bylevel': {'max': 1.0,
                                                     'min': 0.5,
                                                     'type': 'suggest_uniform'},
                               'colsample_bytree': {'max': 1.0,
                                                    'min': 0.5,
                                                    'type': 'suggest_uniform'},
                               'gamma': {'max': 7.38905609893,
                                         'min': 1.12535175e-07,
                                         'type': 'suggest_loguniform'},
                               'learning_rate': {'max': 1.0,
                                                 'min': 0.00091188196,
                                                 'type': 'suggest_loguniform'},
                               'max_depth': {'max': 10,
                                             'min': 2,
                                             'step': 1,
                                             'type': 'suggest_int'},
                               'min_child_weight': {'max': 148.413159103,
                                                    'min': 1.12535175e-07,
                                                    'type': 'suggest_loguniform'},
                               'n_estimators': {'type': 'throw', 'value': 5000},
                               'n_jobs': {'type': 'throw', 'value': 16},
                               'reg_alpha': {'max': 7.38905609893,
                                             'min': 1.12535175e-07,
                                             'type': 'suggest_loguniform'},
                               'reg_lambda': {'max': 7.38905609893,
                                              'min': 1.12535175e-07,
                                              'type': 'suggest_loguniform'},
                               'subsample': {'max': 1.0,
                                             'min': 0.5,
                                             'type': 'suggest_uniform'}},
                'scoring': 'f1',
                'stratify_shuffle': True}}
INFO: 2020-05-01 23:02:28 
----> [START BUILDING 'xg_boost' MODEL FOR 'AF' FEATURE SET]
INFO: 2020-05-01 23:02:28 
----> [FINISH BUILDING 'xg_boost' MODEL FOR 'AF' FEATURE SET]
INFO: 2020-05-01 23:02:28 
[FINISH BUILDING MODEL 'xg_boost']
INFO: 2020-05-01 23:02:28 
[START BUILDING MODEL 'light_boost']
INFO: 2020-05-01 23:02:28 
- ARGUMENTS -
INFO: 2020-05-01 23:02:28 
{'persist_props': {'method': 'save',
                   'save_path': 'persistence/experiment_1/tuned_models'},
 'tune_props': {'k_folds': 5,
                'method': 'tpe',
                'n_iterations': 50,
                'param_grid': {'colsample_bytree': {'max': 1.0,
                                                    'min': 0.5,
                                                    'type': 'suggest_uniform'},
                               'learning_rate': {'max': 1.0,
                                                 'min': 0.00091188196,
                                                 'type': 'suggest_loguniform'},
                               'min_child_samples': {'max': 400,
                                                     'min': 1,
                                                     'type': 'suggest_int'},
                               'min_child_weight': {'max': 148.413159103,
                                                    'min': 1.12535175e-07,
                                                    'type': 'suggest_loguniform'},
                               'n_estimators': {'type': 'throw', 'value': 5000},
                               'n_jobs': {'type': 'throw', 'value': 16},
                               'num_leaves': {'max': 1000,
                                              'min': 1,
                                              'type': 'suggest_int'},
                               'reg_alpha': {'max': 7.38905609893,
                                             'min': 1.12535175e-07,
                                             'type': 'suggest_loguniform'},
                               'reg_lambda': {'max': 7.38905609893,
                                              'min': 1.12535175e-07,
                                              'type': 'suggest_loguniform'},
                               'subsample': {'max': 1.0,
                                             'min': 0.5,
                                             'type': 'suggest_uniform'},
                               'subsample_freq': {'type': 'fixed', 'value': 1}},
                'scoring': 'f1',
                'stratify_shuffle': True}}
INFO: 2020-05-01 23:02:28 
----> [START BUILDING 'light_boost' MODEL FOR 'AF' FEATURE SET]
INFO: 2020-05-01 23:02:28 
----> [FINISH BUILDING 'light_boost' MODEL FOR 'AF' FEATURE SET]
INFO: 2020-05-01 23:02:28 
[FINISH BUILDING MODEL 'light_boost']
INFO: 2020-05-01 23:02:28 
[START BUILDING MODEL 'cat_boost']
INFO: 2020-05-01 23:02:28 
- ARGUMENTS -
INFO: 2020-05-01 23:02:28 
{'persist_props': {'method': 'save',
                   'save_path': 'persistence/experiment_1/tuned_models'},
 'tune_props': {'k_folds': 5,
                'method': 'tpe',
                'n_iterations': 50,
                'param_grid': {'bootstrap_type': {'type': 'fixed',
                                                  'value': 'MVS'},
                               'depth': {'max': 10,
                                         'min': 4,
                                         'step': 1,
                                         'type': 'suggest_int'},
                               'eval_metric': {'type': 'fixed', 'value': 'F1'},
                               'iterations': {'type': 'throw', 'value': 5000},
                               'l2_leaf_reg': {'max': 10.0,
                                               'min': 1.0,
                                               'type': 'suggest_loguniform'},
                               'leaf_estimation_iterations': {'max': 10,
                                                              'min': 1,
                                                              'step': 1,
                                                              'type': 'suggest_int'},
                               'learning_rate': {'max': 1.0,
                                                 'min': 0.00091188196,
                                                 'type': 'suggest_loguniform'},
                               'random_strength': {'max': 20,
                                                   'min': 1,
                                                   'step': 1,
                                                   'type': 'suggest_int'},
                               'rsm': {'max': 1.0,
                                       'min': 0.0,
                                       'step': 0.0025,
                                       'type': 'suggest_discrete_uniform'},
                               'subsample': {'max': 1.0,
                                             'min': 0.5,
                                             'type': 'suggest_uniform'},
                               'thread_count': {'type': 'throw', 'value': 16},
                               'verbose': {'type': 'fixed', 'value': 0}},
                'scoring': 'f1',
                'stratify_shuffle': True}}
INFO: 2020-05-01 23:02:28 
----> [START BUILDING 'cat_boost' MODEL FOR 'AF' FEATURE SET]
INFO: 2020-05-01 23:02:28 
----> [FINISH BUILDING 'cat_boost' MODEL FOR 'AF' FEATURE SET]
INFO: 2020-05-01 23:02:28 
[FINISH BUILDING MODEL 'cat_boost']
INFO: 2020-05-01 23:02:28 
--- FINISH BUILDING MODELS ---
INFO: 2020-05-01 23:02:28 
--- START TRAINING ---
INFO: 2020-05-01 23:02:28 
[START TRAINING MODEL 'xg_boost']
INFO: 2020-05-01 23:02:28 
----> [START TRAINING 'xg_boost' MODEL FOR 'AF' FEATURE SET]
INFO: 2020-05-02 06:16:55 
- MODEL PARAMS -
INFO: 2020-05-02 06:16:55 
{'base_score': 0.5,
 'booster': None,
 'colsample_bylevel': 0.6399663301477401,
 'colsample_bynode': 1,
 'colsample_bytree': 0.7610132807939545,
 'gamma': 1.4897607985369035e-05,
 'gpu_id': -1,
 'importance_type': 'gain',
 'interaction_constraints': None,
 'learning_rate': 0.17180405341332797,
 'max_delta_step': 0,
 'max_depth': 5,
 'min_child_weight': 0.021463723370857116,
 'missing': nan,
 'monotone_constraints': None,
 'n_estimators': 475,
 'n_jobs': 0,
 'num_parallel_tree': 1,
 'objective': 'binary:logistic',
 'random_state': 0,
 'reg_alpha': 0.00013176587726054908,
 'reg_lambda': 5.3824033197120364e-06,
 'scale_pos_weight': 1,
 'subsample': 0.7107204492692905,
 'tree_method': None,
 'validate_parameters': False,
 'verbosity': None}
INFO: 2020-05-02 06:16:55 
----> [FINISH TRAINING 'xg_boost' MODEL FOR 'AF' FEATURE SET]
INFO: 2020-05-02 06:16:55 
[FINISH TRAINING MODEL 'xg_boost']
INFO: 2020-05-02 06:16:55 
[START TRAINING MODEL 'light_boost']
INFO: 2020-05-02 06:16:55 
----> [START TRAINING 'light_boost' MODEL FOR 'AF' FEATURE SET]
INFO: 2020-05-02 08:08:30 
- MODEL PARAMS -
INFO: 2020-05-02 08:08:30 
{'boosting_type': 'gbdt',
 'class_weight': None,
 'colsample_bytree': 0.8806545920095481,
 'importance_type': 'split',
 'learning_rate': 0.04512826974883081,
 'max_depth': -1,
 'min_child_samples': 327,
 'min_child_weight': 4.3230516180285375e-05,
 'min_split_gain': 0.0,
 'n_estimators': 1036,
 'n_jobs': -1,
 'num_leaves': 359,
 'objective': None,
 'random_state': None,
 'reg_alpha': 1.1165994854235954e-05,
 'reg_lambda': 2.4195307322425423e-05,
 'silent': True,
 'subsample': 0.9630402764474666,
 'subsample_for_bin': 200000,
 'subsample_freq': 1}
INFO: 2020-05-02 08:08:30 
----> [FINISH TRAINING 'light_boost' MODEL FOR 'AF' FEATURE SET]
INFO: 2020-05-02 08:08:30 
[FINISH TRAINING MODEL 'light_boost']
INFO: 2020-05-02 08:08:30 
[START TRAINING MODEL 'cat_boost']
INFO: 2020-05-02 08:08:30 
----> [START TRAINING 'cat_boost' MODEL FOR 'AF' FEATURE SET]
ERROR: 2020-05-02 08:08:30 
(<class '_catboost.CatBoostError'>, CatBoostError('catboost/private/libs/options/oblivious_tree_options.cpp:116: Rsm should be in (0, 1]'), <traceback object at 0x7f06cc8f7dc0>)
Traceback (most recent call last):
  File "model_tuner.py", line 208, in <module>
    train_models(dataset, models)
  File "model_tuner.py", line 137, in train_models
    model.fit(X, y)
  File "/home/dvassallo/repos/aml-crypto-graph/src/cryptoaml/models/_models.py", line 116, in fit
    self._tuner, self._tune_props = tu.tune_model(self._model, X, y, self._tune_props)
  File "/home/dvassallo/repos/aml-crypto-graph/src/cryptoaml/tune/_tuning.py", line 666, in tune_model
    tuner.fit(X, y)
  File "/home/dvassallo/repos/aml-crypto-graph/src/cryptoaml/tune/_tuning.py", line 352, in fit
    self._study.optimize(self._objective, n_trials=self._n_iterations)
  File "/home/dvassallo/anaconda3/envs/btc-classifier/lib/python3.7/site-packages/optuna/study.py", line 331, in optimize
    func, n_trials, timeout, catch, callbacks, gc_after_trial, None
  File "/home/dvassallo/anaconda3/envs/btc-classifier/lib/python3.7/site-packages/optuna/study.py", line 626, in _optimize_sequential
    self._run_trial_and_callbacks(func, catch, callbacks, gc_after_trial)
  File "/home/dvassallo/anaconda3/envs/btc-classifier/lib/python3.7/site-packages/optuna/study.py", line 656, in _run_trial_and_callbacks
    trial = self._run_trial(func, catch, gc_after_trial)
  File "/home/dvassallo/anaconda3/envs/btc-classifier/lib/python3.7/site-packages/optuna/study.py", line 677, in _run_trial
    result = func(trial)
  File "/home/dvassallo/repos/aml-crypto-graph/src/cryptoaml/tune/_tuning.py", line 308, in _objective
    tmp_estimator.fit(**fit_props)
  File "/home/dvassallo/anaconda3/envs/btc-classifier/lib/python3.7/site-packages/catboost/core.py", line 3959, in fit
    silent, early_stopping_rounds, save_snapshot, snapshot_file, snapshot_interval, init_model)
  File "/home/dvassallo/anaconda3/envs/btc-classifier/lib/python3.7/site-packages/catboost/core.py", line 1701, in _fit
    save_snapshot, snapshot_file, snapshot_interval, init_model
  File "/home/dvassallo/anaconda3/envs/btc-classifier/lib/python3.7/site-packages/catboost/core.py", line 1629, in _prepare_train_params
    _check_train_params(params)
  File "_catboost.pyx", line 5521, in _catboost._check_train_params
  File "_catboost.pyx", line 5537, in _catboost._check_train_params
_catboost.CatBoostError: catboost/private/libs/options/oblivious_tree_options.cpp:116: Rsm should be in (0, 1]
