INFO: 2020-05-09 16:50:19 
-------- START EXPERIMENT --------
INFO: 2020-05-09 16:50:19 
- PROPERTIES -
INFO: 2020-05-09 16:50:19 
{'cat_boost_args': {'persist_props': {'method': 'save',
                                      'save_path': 'persistence/experiment_2/tuned_models'},
                    'tune_props': {'k_folds': 5,
                                   'method': 'tpe',
                                   'n_iterations': 50,
                                   'param_grid': {'bootstrap_type': {'type': 'fixed',
                                                                     'value': 'MVS'},
                                                  'depth': {'max': 10,
                                                            'min': 4,
                                                            'step': 1,
                                                            'type': 'suggest_int'},
                                                  'eval_metric': {'type': 'fixed',
                                                                  'value': 'F1'},
                                                  'iterations': {'type': 'throw',
                                                                 'value': 5000},
                                                  'l2_leaf_reg': {'max': 10.0,
                                                                  'min': 1.0,
                                                                  'type': 'suggest_loguniform'},
                                                  'leaf_estimation_iterations': {'max': 10,
                                                                                 'min': 1,
                                                                                 'step': 1,
                                                                                 'type': 'suggest_int'},
                                                  'learning_rate': {'max': 1.0,
                                                                    'min': 0.00091188196,
                                                                    'type': 'suggest_loguniform'},
                                                  'random_strength': {'max': 20,
                                                                      'min': 1,
                                                                      'step': 1,
                                                                      'type': 'suggest_int'},
                                                  'rsm': {'max': 0.9975,
                                                          'min': 0.0,
                                                          'step': 0.0025,
                                                          'type': 'suggest_discrete_uniform'},
                                                  'subsample': {'max': 1.0,
                                                                'min': 0.5,
                                                                'type': 'suggest_uniform'},
                                                  'thread_count': {'type': 'throw',
                                                                   'value': 16},
                                                  'verbose': {'type': 'fixed',
                                                              'value': 0}},
                                   'scoring': 'f1',
                                   'stratify_shuffle': True}},
 'data': 'elliptic',
 'data_config_file': 'configuration/data/ell_data_config_ncr.yaml',
 'elliptic_args': {'encode_classes': True,
                   'feat_sets': ['AF_NE'],
                   'inc_unknown': False,
                   'train_size': 0.7},
 'evaluation_metrics': ['precision',
                        'recall',
                        'f1_micro',
                        'accuracy',
                        'auc',
                        'confusion',
                        'f1'],
 'light_boost_args': {'persist_props': {'method': 'save',
                                        'save_path': 'persistence/experiment_2/tuned_models'},
                      'tune_props': {'k_folds': 5,
                                     'method': 'tpe',
                                     'n_iterations': 50,
                                     'param_grid': {'colsample_bytree': {'max': 1.0,
                                                                         'min': 0.5,
                                                                         'type': 'suggest_uniform'},
                                                    'learning_rate': {'max': 1.0,
                                                                      'min': 0.00091188196,
                                                                      'type': 'suggest_loguniform'},
                                                    'min_child_samples': {'max': 400,
                                                                          'min': 1,
                                                                          'type': 'suggest_int'},
                                                    'min_child_weight': {'max': 148.413159103,
                                                                         'min': 1.12535175e-07,
                                                                         'type': 'suggest_loguniform'},
                                                    'n_estimators': {'type': 'throw',
                                                                     'value': 5000},
                                                    'n_jobs': {'type': 'throw',
                                                               'value': 16},
                                                    'num_leaves': {'max': 1000,
                                                                   'min': 2,
                                                                   'type': 'suggest_int'},
                                                    'reg_alpha': {'max': 7.38905609893,
                                                                  'min': 1.12535175e-07,
                                                                  'type': 'suggest_loguniform'},
                                                    'reg_lambda': {'max': 7.38905609893,
                                                                   'min': 1.12535175e-07,
                                                                   'type': 'suggest_loguniform'},
                                                    'subsample': {'max': 1.0,
                                                                  'min': 0.5,
                                                                  'type': 'suggest_uniform'},
                                                    'subsample_freq': {'type': 'fixed',
                                                                       'value': 1}},
                                     'scoring': 'f1',
                                     'stratify_shuffle': True}},
 'log_path': 'logs/',
 'models': ['xg_boost'],
 'save_log': True,
 'xg_boost_args': {'persist_props': {'method': 'save',
                                     'save_path': 'persistence/experiment_2/tuned_models'},
                   'tune_props': {'k_folds': 5,
                                  'method': 'tpe',
                                  'n_iterations': 50,
                                  'param_grid': {'colsample_bylevel': {'max': 1.0,
                                                                       'min': 0.5,
                                                                       'type': 'suggest_uniform'},
                                                 'colsample_bytree': {'max': 1.0,
                                                                      'min': 0.5,
                                                                      'type': 'suggest_uniform'},
                                                 'gamma': {'max': 7.38905609893,
                                                           'min': 1.12535175e-07,
                                                           'type': 'suggest_loguniform'},
                                                 'learning_rate': {'max': 1.0,
                                                                   'min': 0.00091188196,
                                                                   'type': 'suggest_loguniform'},
                                                 'max_depth': {'max': 10,
                                                               'min': 2,
                                                               'step': 1,
                                                               'type': 'suggest_int'},
                                                 'min_child_weight': {'max': 148.413159103,
                                                                      'min': 1.12535175e-07,
                                                                      'type': 'suggest_loguniform'},
                                                 'n_estimators': {'type': 'throw',
                                                                  'value': 5000},
                                                 'n_jobs': {'type': 'throw',
                                                            'value': 16},
                                                 'reg_alpha': {'max': 7.38905609893,
                                                               'min': 1.12535175e-07,
                                                               'type': 'suggest_loguniform'},
                                                 'reg_lambda': {'max': 7.38905609893,
                                                                'min': 1.12535175e-07,
                                                                'type': 'suggest_loguniform'},
                                                 'subsample': {'max': 1.0,
                                                               'min': 0.5,
                                                               'type': 'suggest_uniform'}},
                                  'scoring': 'f1',
                                  'stratify_shuffle': True}}}
INFO: 2020-05-09 16:50:19 
--- START BUILDING DATASET ---
INFO: 2020-05-09 16:50:19 
- DATASET -
INFO: 2020-05-09 16:50:19 
elliptic
INFO: 2020-05-09 16:50:19 
- CONFIG -
INFO: 2020-05-09 16:50:19 
'configuration/data/ell_data_config_ncr.yaml'
INFO: 2020-05-09 16:50:20 
--- FINISH BUILDING DATASET ---
INFO: 2020-05-09 16:50:20 
--- START BUILDING MODELS ---
INFO: 2020-05-09 16:50:20 
- MODELS -
INFO: 2020-05-09 16:50:20 
['xg_boost']
INFO: 2020-05-09 16:50:20 
[START BUILDING MODEL 'xg_boost']
INFO: 2020-05-09 16:50:20 
- ARGUMENTS -
INFO: 2020-05-09 16:50:20 
{'persist_props': {'method': 'save',
                   'save_path': 'persistence/experiment_2/tuned_models'},
 'tune_props': {'k_folds': 5,
                'method': 'tpe',
                'n_iterations': 50,
                'param_grid': {'colsample_bylevel': {'max': 1.0,
                                                     'min': 0.5,
                                                     'type': 'suggest_uniform'},
                               'colsample_bytree': {'max': 1.0,
                                                    'min': 0.5,
                                                    'type': 'suggest_uniform'},
                               'gamma': {'max': 7.38905609893,
                                         'min': 1.12535175e-07,
                                         'type': 'suggest_loguniform'},
                               'learning_rate': {'max': 1.0,
                                                 'min': 0.00091188196,
                                                 'type': 'suggest_loguniform'},
                               'max_depth': {'max': 10,
                                             'min': 2,
                                             'step': 1,
                                             'type': 'suggest_int'},
                               'min_child_weight': {'max': 148.413159103,
                                                    'min': 1.12535175e-07,
                                                    'type': 'suggest_loguniform'},
                               'n_estimators': {'type': 'throw', 'value': 5000},
                               'n_jobs': {'type': 'throw', 'value': 16},
                               'reg_alpha': {'max': 7.38905609893,
                                             'min': 1.12535175e-07,
                                             'type': 'suggest_loguniform'},
                               'reg_lambda': {'max': 7.38905609893,
                                              'min': 1.12535175e-07,
                                              'type': 'suggest_loguniform'},
                               'subsample': {'max': 1.0,
                                             'min': 0.5,
                                             'type': 'suggest_uniform'}},
                'scoring': 'f1',
                'stratify_shuffle': True}}
INFO: 2020-05-09 16:50:20 
----> [START BUILDING 'xg_boost' MODEL FOR 'AF_NE' FEATURE SET]
INFO: 2020-05-09 16:50:20 
----> [FINISH BUILDING 'xg_boost' MODEL FOR 'AF_NE' FEATURE SET]
INFO: 2020-05-09 16:50:20 
[FINISH BUILDING MODEL 'xg_boost']
INFO: 2020-05-09 16:50:20 
--- FINISH BUILDING MODELS ---
INFO: 2020-05-09 16:50:20 
--- START TRAINING ---
INFO: 2020-05-09 16:50:20 
[START TRAINING MODEL 'xg_boost']
INFO: 2020-05-09 16:50:20 
----> [START TRAINING 'xg_boost' MODEL FOR 'AF_NE' FEATURE SET]
INFO: 2020-05-10 02:22:42 
- MODEL PARAMS -
INFO: 2020-05-10 02:22:42 
{'base_score': 0.5,
 'booster': None,
 'colsample_bylevel': 0.7251182439618324,
 'colsample_bynode': 1,
 'colsample_bytree': 0.5592158861348477,
 'gamma': 0.0006031140152965155,
 'gpu_id': -1,
 'importance_type': 'gain',
 'interaction_constraints': None,
 'learning_rate': 0.08603443933689565,
 'max_delta_step': 0,
 'max_depth': 3,
 'min_child_weight': 0.05385358473992219,
 'missing': nan,
 'monotone_constraints': None,
 'n_estimators': 1260,
 'n_jobs': 0,
 'num_parallel_tree': 1,
 'objective': 'binary:logistic',
 'random_state': 0,
 'reg_alpha': 5.5392592787449286e-06,
 'reg_lambda': 1.973024595870968e-05,
 'scale_pos_weight': 1,
 'subsample': 0.8832485951402574,
 'tree_method': None,
 'validate_parameters': False,
 'verbosity': None}
INFO: 2020-05-10 02:22:42 
----> [FINISH TRAINING 'xg_boost' MODEL FOR 'AF_NE' FEATURE SET]
INFO: 2020-05-10 02:22:42 
[FINISH TRAINING MODEL 'xg_boost']
INFO: 2020-05-10 02:22:42 
--- FINISH TRAINING ---
INFO: 2020-05-10 02:22:42 
--- START EVALUATION ---
INFO: 2020-05-10 02:22:42 
[START EVALUATING MODEL 'xg_boost']
INFO: 2020-05-10 02:22:42 
----> [START EVALUATING 'xg_boost' MODEL FOR 'AF_NE' FEATURE SET]
INFO: 2020-05-10 02:22:42 
- RESULTS -
INFO: 2020-05-10 02:22:42 
OrderedDict([('precision', 0.984251968503937),
             ('recall', 0.6925207756232687),
             ('f1_micro', 0.9793041391721655),
             ('accuracy', 0.9793041391721655),
             ('auc', 0.8458754516468817),
             ('confusion', array([[15575,    12],
       [  333,   750]])),
             ('f1', 0.8130081300813008)])
INFO: 2020-05-10 02:22:42 
----> [FINISH EVALUATING 'xg_boost' MODEL FOR 'AF_NE' FEATURE SET]
INFO: 2020-05-10 02:22:42 
[FINISH EVALUATING MODEL 'xg_boost']
INFO: 2020-05-10 02:22:42 
--- FINISH EVALUATION ---
INFO: 2020-05-10 02:22:42 
-------- FINISH EXPERIMENT --------
