INFO: 2020-05-16 20:35:07 
-------- START EXPERIMENT --------
INFO: 2020-05-16 20:35:07 
- PROPERTIES -
INFO: 2020-05-16 20:35:07 
{'data': 'elliptic',
 'data_config_file': 'configuration/data/data_config_ncl_smote.yaml',
 'elliptic_args': {'encode_classes': False,
                   'feat_sets': ['AF'],
                   'inc_unknown': False,
                   'load_edges': False,
                   'train_size': 0.7},
 'evaluation_metrics': ['precision',
                        'recall',
                        'f1_micro',
                        'accuracy',
                        'auc',
                        'confusion',
                        'f1'],
 'light_boost_args': {'persist_props': {'method': 'save',
                                        'save_path': 'persistence/experiment_2.3/tuned_models'},
                      'tune_props': {'k_folds': 5,
                                     'method': 'tpe',
                                     'n_iterations': 50,
                                     'param_grid': {'colsample_bytree': {'max': 1.0,
                                                                         'min': 0.5,
                                                                         'type': 'suggest_uniform'},
                                                    'learning_rate': {'max': 1.0,
                                                                      'min': 0.00091188196,
                                                                      'type': 'suggest_loguniform'},
                                                    'min_child_samples': {'max': 400,
                                                                          'min': 1,
                                                                          'type': 'suggest_int'},
                                                    'min_child_weight': {'max': 148.413159103,
                                                                         'min': 1.12535175e-07,
                                                                         'type': 'suggest_loguniform'},
                                                    'n_estimators': {'type': 'throw',
                                                                     'value': 5000},
                                                    'n_jobs': {'type': 'throw',
                                                               'value': 16},
                                                    'num_leaves': {'max': 1000,
                                                                   'min': 2,
                                                                   'type': 'suggest_int'},
                                                    'reg_alpha': {'max': 7.38905609893,
                                                                  'min': 1.12535175e-07,
                                                                  'type': 'suggest_loguniform'},
                                                    'reg_lambda': {'max': 7.38905609893,
                                                                   'min': 1.12535175e-07,
                                                                   'type': 'suggest_loguniform'},
                                                    'subsample': {'max': 1.0,
                                                                  'min': 0.5,
                                                                  'type': 'suggest_uniform'},
                                                    'subsample_freq': {'type': 'fixed',
                                                                       'value': 1}},
                                     'scoring': 'f1',
                                     'stratify_shuffle': True}},
 'log_path': 'logs/',
 'models': ['light_boost'],
 'save_log': True,
 'xg_boost_args': {'persist_props': {'method': 'save',
                                     'save_path': 'persistence/experiment_2.3/tuned_models'},
                   'tune_props': {'k_folds': 5,
                                  'method': 'tpe',
                                  'n_iterations': 50,
                                  'param_grid': {'colsample_bylevel': {'max': 1.0,
                                                                       'min': 0.5,
                                                                       'type': 'suggest_uniform'},
                                                 'colsample_bytree': {'max': 1.0,
                                                                      'min': 0.5,
                                                                      'type': 'suggest_uniform'},
                                                 'gamma': {'max': 7.38905609893,
                                                           'min': 1.12535175e-07,
                                                           'type': 'suggest_loguniform'},
                                                 'learning_rate': {'max': 1.0,
                                                                   'min': 0.00091188196,
                                                                   'type': 'suggest_loguniform'},
                                                 'max_depth': {'max': 10,
                                                               'min': 2,
                                                               'step': 1,
                                                               'type': 'suggest_int'},
                                                 'min_child_weight': {'max': 148.413159103,
                                                                      'min': 1.12535175e-07,
                                                                      'type': 'suggest_loguniform'},
                                                 'n_estimators': {'type': 'throw',
                                                                  'value': 5000},
                                                 'n_jobs': {'type': 'throw',
                                                            'value': 30},
                                                 'reg_alpha': {'max': 7.38905609893,
                                                               'min': 1.12535175e-07,
                                                               'type': 'suggest_loguniform'},
                                                 'reg_lambda': {'max': 7.38905609893,
                                                                'min': 1.12535175e-07,
                                                                'type': 'suggest_loguniform'},
                                                 'subsample': {'max': 1.0,
                                                               'min': 0.5,
                                                               'type': 'suggest_uniform'}},
                                  'scoring': 'f1',
                                  'stratify_shuffle': True}}}
INFO: 2020-05-16 20:35:07 
--- START BUILDING DATASET ---
INFO: 2020-05-16 20:35:07 
- DATASET -
INFO: 2020-05-16 20:35:07 
elliptic
INFO: 2020-05-16 20:35:07 
- CONFIG -
INFO: 2020-05-16 20:35:07 
'configuration/data/data_config_ncl_smote.yaml'
INFO: 2020-05-16 20:35:10 
--- FINISH BUILDING DATASET ---
INFO: 2020-05-16 20:35:10 
--- START BUILDING MODELS ---
INFO: 2020-05-16 20:35:10 
- MODELS -
INFO: 2020-05-16 20:35:10 
['light_boost']
INFO: 2020-05-16 20:35:10 
[START BUILDING MODEL 'light_boost']
INFO: 2020-05-16 20:35:10 
- ARGUMENTS -
INFO: 2020-05-16 20:35:10 
{'persist_props': {'method': 'save',
                   'save_path': 'persistence/experiment_2.3/tuned_models'},
 'tune_props': {'k_folds': 5,
                'method': 'tpe',
                'n_iterations': 50,
                'param_grid': {'colsample_bytree': {'max': 1.0,
                                                    'min': 0.5,
                                                    'type': 'suggest_uniform'},
                               'learning_rate': {'max': 1.0,
                                                 'min': 0.00091188196,
                                                 'type': 'suggest_loguniform'},
                               'min_child_samples': {'max': 400,
                                                     'min': 1,
                                                     'type': 'suggest_int'},
                               'min_child_weight': {'max': 148.413159103,
                                                    'min': 1.12535175e-07,
                                                    'type': 'suggest_loguniform'},
                               'n_estimators': {'type': 'throw', 'value': 5000},
                               'n_jobs': {'type': 'throw', 'value': 16},
                               'num_leaves': {'max': 1000,
                                              'min': 2,
                                              'type': 'suggest_int'},
                               'reg_alpha': {'max': 7.38905609893,
                                             'min': 1.12535175e-07,
                                             'type': 'suggest_loguniform'},
                               'reg_lambda': {'max': 7.38905609893,
                                              'min': 1.12535175e-07,
                                              'type': 'suggest_loguniform'},
                               'subsample': {'max': 1.0,
                                             'min': 0.5,
                                             'type': 'suggest_uniform'},
                               'subsample_freq': {'type': 'fixed', 'value': 1}},
                'scoring': 'f1',
                'stratify_shuffle': True}}
INFO: 2020-05-16 20:35:10 
----> [START BUILDING 'light_boost' MODEL FOR 'AF' FEATURE SET]
INFO: 2020-05-16 20:35:10 
----> [FINISH BUILDING 'light_boost' MODEL FOR 'AF' FEATURE SET]
INFO: 2020-05-16 20:35:10 
[FINISH BUILDING MODEL 'light_boost']
INFO: 2020-05-16 20:35:10 
--- FINISH BUILDING MODELS ---
INFO: 2020-05-16 20:35:10 
--- START TRAINING ---
INFO: 2020-05-16 20:35:10 
[START TRAINING MODEL 'light_boost']
INFO: 2020-05-16 20:35:10 
----> [START TRAINING 'light_boost' MODEL FOR 'AF' FEATURE SET]
INFO: 2020-05-16 21:47:17 
- MODEL PARAMS -
INFO: 2020-05-16 21:47:17 
{'boosting_type': 'gbdt',
 'class_weight': None,
 'colsample_bytree': 0.9886521546582805,
 'importance_type': 'split',
 'learning_rate': 0.008514035475086324,
 'max_depth': -1,
 'min_child_samples': 330,
 'min_child_weight': 0.000256385409520096,
 'min_split_gain': 0.0,
 'n_estimators': 4178,
 'n_jobs': -1,
 'num_leaves': 71,
 'objective': None,
 'random_state': None,
 'reg_alpha': 2.7367542903521125e-07,
 'reg_lambda': 0.0001199777277505261,
 'silent': True,
 'subsample': 0.5832400330945102,
 'subsample_for_bin': 200000,
 'subsample_freq': 1}
INFO: 2020-05-16 21:47:17 
----> [FINISH TRAINING 'light_boost' MODEL FOR 'AF' FEATURE SET]
INFO: 2020-05-16 21:47:17 
[FINISH TRAINING MODEL 'light_boost']
INFO: 2020-05-16 21:47:17 
--- FINISH TRAINING ---
INFO: 2020-05-16 21:47:17 
--- START EVALUATION ---
INFO: 2020-05-16 21:47:17 
[START EVALUATING MODEL 'light_boost']
INFO: 2020-05-16 21:47:17 
----> [START EVALUATING 'light_boost' MODEL FOR 'AF' FEATURE SET]
INFO: 2020-05-16 21:47:17 
- RESULTS -
INFO: 2020-05-16 21:47:17 
OrderedDict([('precision', 0.9418742586002372),
             ('recall', 0.7331486611265005),
             ('f1_micro', 0.9797240551889622),
             ('accuracy', 0.9797240551889622),
             ('auc', 0.8650025078905103),
             ('confusion', array([[15538,    49],
       [  289,   794]])),
             ('f1', 0.8245067497403946)])
INFO: 2020-05-16 21:47:17 
----> [FINISH EVALUATING 'light_boost' MODEL FOR 'AF' FEATURE SET]
INFO: 2020-05-16 21:47:17 
[FINISH EVALUATING MODEL 'light_boost']
INFO: 2020-05-16 21:47:17 
--- FINISH EVALUATION ---
INFO: 2020-05-16 21:47:17 
-------- FINISH EXPERIMENT --------
