INFO: 2020-03-10 08:30:01 
-------- START EXPERIMENT --------
INFO: 2020-03-10 08:30:01 
- PROPERTIES -
INFO: 2020-03-10 08:30:01 
{'data': 'elliptic',
 'data_config_file': 'data_config.yaml',
 'elliptic_args': {'encode_classes': True,
                   'feat_sets': ['AF'],
                   'inc_unknown': False,
                   'train_size': 0.7},
 'evaluation_metrics': ['precision', 'recall', 'f1', 'f1_micro', 'confusion'],
 'light_boost_args': {'arguments': {'n_jobs': 1},
                      'tune_props': {'gene_crossover_prob': 0.5,
                                     'gene_mutation_prob': 0.3,
                                     'generations_number': 3,
                                     'k_folds': 5,
                                     'method': 'evolutionary_search',
                                     'n_jobs': 4,
                                     'param_grid': {'boosting_type': ['gbdt',
                                                                      'dart'],
                                                    'colsample_bytree': [0.5,
                                                                         0.7,
                                                                         0.9],
                                                    'learning_rate': [0.05,
                                                                      0.1,
                                                                      0.2,
                                                                      0.3],
                                                    'min_child_samples': [500,
                                                                          300,
                                                                          100,
                                                                          20],
                                                    'n_estimators': [100,
                                                                     300,
                                                                     400],
                                                    'num_leaves': [30, 90, 150],
                                                    'reg_alpha': [0.0,
                                                                  0.5,
                                                                  1.0],
                                                    'reg_lambda': [0.0,
                                                                   0.05,
                                                                   0.1,
                                                                   1.0],
                                                    'subsample': [1.0,
                                                                  0.75,
                                                                  0.5],
                                                    'subsample_for_bin': [200000,
                                                                          100000,
                                                                          20000]},
                                     'population_size': 50,
                                     'scoring': 'f1',
                                     'verbose': 1}},
 'log_path': 'logs/',
 'models': ['light_boost'],
 'save_log': True}
INFO: 2020-03-10 08:30:01 
--- START BUILDING DATASET ---
INFO: 2020-03-10 08:30:01 
- DATASET -
INFO: 2020-03-10 08:30:01 
elliptic
INFO: 2020-03-10 08:30:01 
- CONFIG -
INFO: 2020-03-10 08:30:01 
'data_config.yaml'
INFO: 2020-03-10 08:30:07 
--- FINISH BUILDING DATASET ---
INFO: 2020-03-10 08:30:07 
--- START BUILDING MODELS ---
INFO: 2020-03-10 08:30:07 
- MODELS -
INFO: 2020-03-10 08:30:07 
['light_boost']
INFO: 2020-03-10 08:30:07 
[START BUILDING MODEL 'light_boost']
INFO: 2020-03-10 08:30:07 
- ARGUMENTS -
INFO: 2020-03-10 08:30:07 
{'arguments': {'n_jobs': 1},
 'tune_props': {'gene_crossover_prob': 0.5,
                'gene_mutation_prob': 0.3,
                'generations_number': 3,
                'k_folds': 5,
                'method': 'evolutionary_search',
                'n_jobs': 4,
                'param_grid': {'boosting_type': ['gbdt', 'dart'],
                               'colsample_bytree': [0.5, 0.7, 0.9],
                               'learning_rate': [0.05, 0.1, 0.2, 0.3],
                               'min_child_samples': [500, 300, 100, 20],
                               'n_estimators': [100, 300, 400],
                               'num_leaves': [30, 90, 150],
                               'reg_alpha': [0.0, 0.5, 1.0],
                               'reg_lambda': [0.0, 0.05, 0.1, 1.0],
                               'subsample': [1.0, 0.75, 0.5],
                               'subsample_for_bin': [200000, 100000, 20000]},
                'population_size': 50,
                'scoring': 'f1',
                'verbose': 1}}
INFO: 2020-03-10 08:30:07 
----> [START BUILDING 'light_boost' MODEL FOR 'AF' FEATURE SET]
INFO: 2020-03-10 08:30:07 
----> [FINISH BUILDING 'light_boost' MODEL FOR 'AF' FEATURE SET]
INFO: 2020-03-10 08:30:07 
[FINISH BUILDING MODEL 'light_boost']
INFO: 2020-03-10 08:30:07 
--- FINISH BUILDING MODELS ---
INFO: 2020-03-10 08:30:07 
--- START TRAINING ---
INFO: 2020-03-10 08:30:07 
[START TRAINING MODEL 'light_boost']
INFO: 2020-03-10 08:30:07 
----> [START TRAINING 'light_boost' MODEL FOR 'AF' FEATURE SET]
