INFO: 2020-04-13 21:05:23 
-------- START EXPERIMENT --------
INFO: 2020-04-13 21:05:23 
- PROPERTIES -
INFO: 2020-04-13 21:05:23 
{'data': 'elliptic',
 'data_config_file': 'configuration/data/data_config.yaml',
 'elliptic_args': {'encode_classes': True,
                   'feat_sets': ['AF_NE'],
                   'inc_unknown': False,
                   'train_size': 0.7},
 'evaluation_metrics': ['precision', 'recall', 'f1', 'f1_micro', 'confusion'],
 'log_path': 'logs/',
 'models': ['xg_boost'],
 'save_log': True,
 'xg_boost_args': {'persist_props': {'method': 'save',
                                     'save_path': 'persistence/experiment_1/tuned_models'},
                   'tune_props': {'k_folds': 3,
                                  'method': 'tpe',
                                  'n_iterations': 100,
                                  'param_grid': {'colsample_bytree': {'max': 1.0,
                                                                      'min': 0.9,
                                                                      'type': 'suggest_uniform'},
                                                 'gamma': {'max': 0.02,
                                                           'min': 0.0,
                                                           'step': 0.00025,
                                                           'type': 'suggest_discrete_uniform'},
                                                 'learning_rate': {'type': 'fixed',
                                                                   'value': 0.225},
                                                 'max_delta_step': {'max': 1,
                                                                    'min': 0,
                                                                    'type': 'suggest_int'},
                                                 'max_depth': {'max': 12,
                                                               'min': 1,
                                                               'type': 'suggest_int'},
                                                 'min_child_weight': {'max': 10,
                                                                      'min': 0,
                                                                      'type': 'suggest_int'},
                                                 'n_estimators': {'type': 'fixed',
                                                                  'value': 275},
                                                 'predictor': {'type': 'throw',
                                                               'value': 'gpu_predictor'},
                                                 'reg_alpha': {'max': 1.0,
                                                               'min': 1e-08,
                                                               'type': 'suggest_loguniform'},
                                                 'reg_lambda': {'max': 1.0,
                                                                'min': 1e-08,
                                                                'type': 'suggest_loguniform'},
                                                 'subsample': {'max': 1.0,
                                                               'min': 0.9,
                                                               'type': 'suggest_uniform'},
                                                 'tree_method': {'type': 'throw',
                                                                 'value': 'gpu_hist'}},
                                  'scoring': 'neg_log_loss'}}}
INFO: 2020-04-13 21:05:23 
--- START BUILDING DATASET ---
INFO: 2020-04-13 21:05:23 
- DATASET -
INFO: 2020-04-13 21:05:23 
elliptic
INFO: 2020-04-13 21:05:23 
- CONFIG -
INFO: 2020-04-13 21:05:23 
'configuration/data/data_config.yaml'
INFO: 2020-04-13 21:05:31 
--- FINISH BUILDING DATASET ---
INFO: 2020-04-13 21:05:31 
--- START BUILDING MODELS ---
INFO: 2020-04-13 21:05:31 
- MODELS -
INFO: 2020-04-13 21:05:31 
['xg_boost']
INFO: 2020-04-13 21:05:31 
[START BUILDING MODEL 'xg_boost']
INFO: 2020-04-13 21:05:31 
- ARGUMENTS -
INFO: 2020-04-13 21:05:31 
{'persist_props': {'method': 'save',
                   'save_path': 'persistence/experiment_1/tuned_models'},
 'tune_props': {'k_folds': 3,
                'method': 'tpe',
                'n_iterations': 100,
                'param_grid': {'colsample_bytree': {'max': 1.0,
                                                    'min': 0.9,
                                                    'type': 'suggest_uniform'},
                               'gamma': {'max': 0.02,
                                         'min': 0.0,
                                         'step': 0.00025,
                                         'type': 'suggest_discrete_uniform'},
                               'learning_rate': {'type': 'fixed',
                                                 'value': 0.225},
                               'max_delta_step': {'max': 1,
                                                  'min': 0,
                                                  'type': 'suggest_int'},
                               'max_depth': {'max': 12,
                                             'min': 1,
                                             'type': 'suggest_int'},
                               'min_child_weight': {'max': 10,
                                                    'min': 0,
                                                    'type': 'suggest_int'},
                               'n_estimators': {'type': 'fixed', 'value': 275},
                               'predictor': {'type': 'throw',
                                             'value': 'gpu_predictor'},
                               'reg_alpha': {'max': 1.0,
                                             'min': 1e-08,
                                             'type': 'suggest_loguniform'},
                               'reg_lambda': {'max': 1.0,
                                              'min': 1e-08,
                                              'type': 'suggest_loguniform'},
                               'subsample': {'max': 1.0,
                                             'min': 0.9,
                                             'type': 'suggest_uniform'},
                               'tree_method': {'type': 'throw',
                                               'value': 'gpu_hist'}},
                'scoring': 'neg_log_loss'}}
INFO: 2020-04-13 21:05:31 
----> [START BUILDING 'xg_boost' MODEL FOR 'AF_NE' FEATURE SET]
INFO: 2020-04-13 21:05:31 
----> [FINISH BUILDING 'xg_boost' MODEL FOR 'AF_NE' FEATURE SET]
INFO: 2020-04-13 21:05:31 
[FINISH BUILDING MODEL 'xg_boost']
INFO: 2020-04-13 21:05:31 
--- FINISH BUILDING MODELS ---
INFO: 2020-04-13 21:05:31 
--- START TRAINING ---
INFO: 2020-04-13 21:05:31 
[START TRAINING MODEL 'xg_boost']
INFO: 2020-04-13 21:05:31 
----> [START TRAINING 'xg_boost' MODEL FOR 'AF_NE' FEATURE SET]
ERROR: 2020-04-13 21:08:23 
(<class 'KeyboardInterrupt'>, KeyboardInterrupt(), <traceback object at 0x7f9b57a0beb0>)
Traceback (most recent call last):
  File "experiment.py", line 204, in <module>
    train_models(dataset, models)
  File "experiment.py", line 135, in train_models
    model.fit(X, y)
  File "/home/dvassallo/repos/aml-crypto-graph/src/cryptoaml/models/_models.py", line 115, in fit
    self._tuner, self._tune_props = tu.tune_model(self._model, X, y, self._tune_props)
  File "/home/dvassallo/repos/aml-crypto-graph/src/cryptoaml/tune/_tuning.py", line 534, in tune_model
    tuner.fit(X, y)
  File "/home/dvassallo/repos/aml-crypto-graph/src/cryptoaml/tune/_tuning.py", line 239, in fit
    self._study.optimize(self._objective, n_trials=self._n_iterations)
  File "/home/dvassallo/anaconda3/envs/btc_classifier/lib/python3.7/site-packages/optuna/study.py", line 331, in optimize
    func, n_trials, timeout, catch, callbacks, gc_after_trial, None
  File "/home/dvassallo/anaconda3/envs/btc_classifier/lib/python3.7/site-packages/optuna/study.py", line 626, in _optimize_sequential
    self._run_trial_and_callbacks(func, catch, callbacks, gc_after_trial)
  File "/home/dvassallo/anaconda3/envs/btc_classifier/lib/python3.7/site-packages/optuna/study.py", line 656, in _run_trial_and_callbacks
    trial = self._run_trial(func, catch, gc_after_trial)
  File "/home/dvassallo/anaconda3/envs/btc_classifier/lib/python3.7/site-packages/optuna/study.py", line 677, in _run_trial
    result = func(trial)
  File "/home/dvassallo/repos/aml-crypto-graph/src/cryptoaml/tune/_tuning.py", line 217, in _objective
    cv=StratifiedKFold(n_splits=self._k_folds))
  File "/home/dvassallo/anaconda3/envs/btc_classifier/lib/python3.7/site-packages/sklearn/model_selection/_validation.py", line 390, in cross_val_score
    error_score=error_score)
  File "/home/dvassallo/anaconda3/envs/btc_classifier/lib/python3.7/site-packages/sklearn/model_selection/_validation.py", line 236, in cross_validate
    for train, test in cv.split(X, y, groups))
  File "/home/dvassallo/anaconda3/envs/btc_classifier/lib/python3.7/site-packages/joblib/parallel.py", line 1004, in __call__
    if self.dispatch_one_batch(iterator):
  File "/home/dvassallo/anaconda3/envs/btc_classifier/lib/python3.7/site-packages/joblib/parallel.py", line 835, in dispatch_one_batch
    self._dispatch(tasks)
  File "/home/dvassallo/anaconda3/envs/btc_classifier/lib/python3.7/site-packages/joblib/parallel.py", line 754, in _dispatch
    job = self._backend.apply_async(batch, callback=cb)
  File "/home/dvassallo/anaconda3/envs/btc_classifier/lib/python3.7/site-packages/joblib/_parallel_backends.py", line 209, in apply_async
    result = ImmediateResult(func)
  File "/home/dvassallo/anaconda3/envs/btc_classifier/lib/python3.7/site-packages/joblib/_parallel_backends.py", line 590, in __init__
    self.results = batch()
  File "/home/dvassallo/anaconda3/envs/btc_classifier/lib/python3.7/site-packages/joblib/parallel.py", line 256, in __call__
    for func, args, kwargs in self.items]
  File "/home/dvassallo/anaconda3/envs/btc_classifier/lib/python3.7/site-packages/joblib/parallel.py", line 256, in <listcomp>
    for func, args, kwargs in self.items]
  File "/home/dvassallo/anaconda3/envs/btc_classifier/lib/python3.7/site-packages/sklearn/model_selection/_validation.py", line 515, in _fit_and_score
    estimator.fit(X_train, y_train, **fit_params)
  File "/home/dvassallo/anaconda3/envs/btc_classifier/lib/python3.7/site-packages/xgboost/sklearn.py", line 823, in fit
    callbacks=callbacks)
  File "/home/dvassallo/anaconda3/envs/btc_classifier/lib/python3.7/site-packages/xgboost/training.py", line 209, in train
    xgb_model=xgb_model, callbacks=callbacks)
  File "/home/dvassallo/anaconda3/envs/btc_classifier/lib/python3.7/site-packages/xgboost/training.py", line 74, in _train_internal
    bst.update(dtrain, i, obj)
  File "/home/dvassallo/anaconda3/envs/btc_classifier/lib/python3.7/site-packages/xgboost/core.py", line 1249, in update
    dtrain.handle))
KeyboardInterrupt
