INFO: 2020-03-17 21:25:59 
-------- START EXPERIMENT --------
INFO: 2020-03-17 21:25:59 
- PROPERTIES -
INFO: 2020-03-17 21:25:59 
{'data': 'elliptic',
 'data_config_file': 'configuration/data/data_config.yaml',
 'elliptic_args': {'encode_classes': True,
                   'feat_sets': ['LF'],
                   'inc_unknown': False,
                   'indexed_by_time': True,
                   'train_size': 0.7},
 'evaluation_metrics': ['precision', 'recall', 'f1', 'f1_micro', 'confusion'],
 'log_path': 'logs/',
 'models': ['xg_boost'],
 'save_log': True,
 'xg_boost_args': {'arguments': {'n_jobs': 4, 'verbosity': 1},
                   'extract_results': {'evaluation_metrics': ['precision',
                                                              'recall',
                                                              'f1',
                                                              'f1_micro',
                                                              'confusion',
                                                              'feature_importance'],
                                       'result_type': 'deterministic'},
                   'persist_props': {'method': 'save',
                                     'save_path': 'saved_models/experiment_1/tuned'}}}
INFO: 2020-03-17 21:25:59 
--- START BUILDING DATASET ---
INFO: 2020-03-17 21:25:59 
- DATASET -
INFO: 2020-03-17 21:25:59 
elliptic
INFO: 2020-03-17 21:25:59 
- CONFIG -
INFO: 2020-03-17 21:25:59 
'configuration/data/data_config.yaml'
INFO: 2020-03-17 21:26:05 
--- FINISH BUILDING DATASET ---
INFO: 2020-03-17 21:26:05 
--- START BUILDING MODELS ---
INFO: 2020-03-17 21:26:05 
- MODELS -
INFO: 2020-03-17 21:26:05 
['xg_boost']
INFO: 2020-03-17 21:26:05 
[START BUILDING MODEL 'xg_boost']
INFO: 2020-03-17 21:26:05 
- ARGUMENTS -
INFO: 2020-03-17 21:26:05 
{'arguments': {'n_jobs': 4, 'verbosity': 1},
 'extract_results': {'evaluation_metrics': ['precision',
                                            'recall',
                                            'f1',
                                            'f1_micro',
                                            'confusion',
                                            'feature_importance'],
                     'result_type': 'deterministic'},
 'persist_props': {'method': 'save',
                   'save_path': 'saved_models/experiment_1/tuned'}}
INFO: 2020-03-17 21:26:05 
----> [START BUILDING 'xg_boost' MODEL FOR 'LF' FEATURE SET]
INFO: 2020-03-17 21:26:05 
----> [FINISH BUILDING 'xg_boost' MODEL FOR 'LF' FEATURE SET]
INFO: 2020-03-17 21:26:05 
[FINISH BUILDING MODEL 'xg_boost']
INFO: 2020-03-17 21:26:05 
--- FINISH BUILDING MODELS ---
INFO: 2020-03-17 21:26:05 
--- START TRAINING ---
INFO: 2020-03-17 21:26:05 
[START TRAINING MODEL 'xg_boost']
INFO: 2020-03-17 21:26:05 
----> [START TRAINING 'xg_boost' MODEL FOR 'LF' FEATURE SET]
INFO: 2020-03-17 21:26:16 
- MODEL PARAMS -
INFO: 2020-03-17 21:26:16 
{'base_score': 0.5,
 'booster': None,
 'colsample_bylevel': 1,
 'colsample_bynode': 1,
 'colsample_bytree': 1,
 'gamma': 0,
 'gpu_id': -1,
 'importance_type': 'gain',
 'interaction_constraints': None,
 'learning_rate': 0.300000012,
 'max_delta_step': 0,
 'max_depth': 6,
 'min_child_weight': 1,
 'missing': nan,
 'monotone_constraints': None,
 'n_estimators': 100,
 'n_jobs': 4,
 'num_parallel_tree': 1,
 'objective': 'binary:logistic',
 'random_state': 0,
 'reg_alpha': 0,
 'reg_lambda': 1,
 'scale_pos_weight': 1,
 'subsample': 1,
 'tree_method': None,
 'validate_parameters': False,
 'verbosity': 1}
INFO: 2020-03-17 21:26:16 
----> [FINISH TRAINING 'xg_boost' MODEL FOR 'LF' FEATURE SET]
INFO: 2020-03-17 21:26:16 
[FINISH TRAINING MODEL 'xg_boost']
INFO: 2020-03-17 21:26:16 
--- FINISH TRAINING ---
INFO: 2020-03-17 21:26:16 
--- START EVALUATION ---
INFO: 2020-03-17 21:26:16 
[START EVALUATING MODEL 'xg_boost']
INFO: 2020-03-17 21:26:16 
----> [START EVALUATING 'xg_boost' MODEL FOR 'LF' FEATURE SET]
INFO: 2020-03-17 21:26:16 
- RESULTS -
INFO: 2020-03-17 21:26:16 
{'confusion': array([[15454,   133],
       [  331,   752]]),
 'f1': 0.7642276422764227,
 'f1_micro': 0.9721655668866227,
 'precision': 0.8497175141242937,
 'recall': 0.6943674976915974}
INFO: 2020-03-17 21:26:16 
----> [FINISH EVALUATING 'xg_boost' MODEL FOR 'LF' FEATURE SET]
INFO: 2020-03-17 21:26:16 
[FINISH EVALUATING MODEL 'xg_boost']
INFO: 2020-03-17 21:26:16 
--- FINISH EVALUATION ---
INFO: 2020-03-17 21:26:16 
-------- FINISH EXPERIMENT --------
