INFO: 2020-05-19 13:19:41 
-------- START EXPERIMENT --------
INFO: 2020-05-19 13:19:41 
- PROPERTIES -
INFO: 2020-05-19 13:19:41 
{'data': 'elliptic',
 'data_config_file': 'configuration/data/data_config_smote.yaml',
 'elliptic_args': {'encode_classes': False,
                   'feat_sets': ['AF'],
                   'inc_unknown': False,
                   'load_edges': False,
                   'train_size': 0.7},
 'evaluation_metrics': ['precision',
                        'recall',
                        'f1_micro',
                        'accuracy',
                        'auc',
                        'confusion',
                        'f1'],
 'light_boost_args': {'persist_props': {'method': 'save',
                                        'save_path': 'persistence/experiment_2.2/tuned_models'},
                      'tune_props': {'k_folds': 5,
                                     'method': 'tpe',
                                     'n_iterations': 50,
                                     'param_grid': {'colsample_bytree': {'max': 1.0,
                                                                         'min': 0.5,
                                                                         'type': 'suggest_uniform'},
                                                    'learning_rate': {'max': 1.0,
                                                                      'min': 0.00091188196,
                                                                      'type': 'suggest_loguniform'},
                                                    'min_child_samples': {'max': 400,
                                                                          'min': 1,
                                                                          'type': 'suggest_int'},
                                                    'min_child_weight': {'max': 148.413159103,
                                                                         'min': 1.12535175e-07,
                                                                         'type': 'suggest_loguniform'},
                                                    'n_estimators': {'type': 'throw',
                                                                     'value': 5000},
                                                    'n_jobs': {'type': 'throw',
                                                               'value': 16},
                                                    'num_leaves': {'max': 1000,
                                                                   'min': 2,
                                                                   'type': 'suggest_int'},
                                                    'reg_alpha': {'max': 7.38905609893,
                                                                  'min': 1.12535175e-07,
                                                                  'type': 'suggest_loguniform'},
                                                    'reg_lambda': {'max': 7.38905609893,
                                                                   'min': 1.12535175e-07,
                                                                   'type': 'suggest_loguniform'},
                                                    'subsample': {'max': 1.0,
                                                                  'min': 0.5,
                                                                  'type': 'suggest_uniform'},
                                                    'subsample_freq': {'type': 'fixed',
                                                                       'value': 1}},
                                     'scoring': 'f1',
                                     'stratify_shuffle': True}},
 'log_path': 'logs/',
 'models': ['xg_boost'],
 'save_log': True,
 'xg_boost_args': {'persist_props': {'method': 'save',
                                     'save_path': 'persistence/experiment_2.2/tuned_models'},
                   'tune_props': {'k_folds': 5,
                                  'method': 'tpe',
                                  'n_iterations': 50,
                                  'param_grid': {'colsample_bylevel': {'max': 1.0,
                                                                       'min': 0.5,
                                                                       'type': 'suggest_uniform'},
                                                 'colsample_bytree': {'max': 1.0,
                                                                      'min': 0.5,
                                                                      'type': 'suggest_uniform'},
                                                 'gamma': {'max': 7.38905609893,
                                                           'min': 1.12535175e-07,
                                                           'type': 'suggest_loguniform'},
                                                 'learning_rate': {'max': 1.0,
                                                                   'min': 0.00091188196,
                                                                   'type': 'suggest_loguniform'},
                                                 'max_depth': {'max': 10,
                                                               'min': 2,
                                                               'step': 1,
                                                               'type': 'suggest_int'},
                                                 'min_child_weight': {'max': 148.413159103,
                                                                      'min': 1.12535175e-07,
                                                                      'type': 'suggest_loguniform'},
                                                 'n_estimators': {'type': 'throw',
                                                                  'value': 5000},
                                                 'n_jobs': {'type': 'throw',
                                                            'value': 16},
                                                 'reg_alpha': {'max': 7.38905609893,
                                                               'min': 1.12535175e-07,
                                                               'type': 'suggest_loguniform'},
                                                 'reg_lambda': {'max': 7.38905609893,
                                                                'min': 1.12535175e-07,
                                                                'type': 'suggest_loguniform'},
                                                 'subsample': {'max': 1.0,
                                                               'min': 0.5,
                                                               'type': 'suggest_uniform'}},
                                  'scoring': 'f1',
                                  'stratify_shuffle': True}}}
INFO: 2020-05-19 13:19:41 
--- START BUILDING DATASET ---
INFO: 2020-05-19 13:19:41 
- DATASET -
INFO: 2020-05-19 13:19:41 
elliptic
INFO: 2020-05-19 13:19:41 
- CONFIG -
INFO: 2020-05-19 13:19:41 
'configuration/data/data_config_smote.yaml'
INFO: 2020-05-19 13:20:15 
--- FINISH BUILDING DATASET ---
INFO: 2020-05-19 13:20:15 
--- START BUILDING MODELS ---
INFO: 2020-05-19 13:20:15 
- MODELS -
INFO: 2020-05-19 13:20:15 
['xg_boost']
INFO: 2020-05-19 13:20:15 
[START BUILDING MODEL 'xg_boost']
INFO: 2020-05-19 13:20:15 
- ARGUMENTS -
INFO: 2020-05-19 13:20:15 
{'persist_props': {'method': 'save',
                   'save_path': 'persistence/experiment_2.2/tuned_models'},
 'tune_props': {'k_folds': 5,
                'method': 'tpe',
                'n_iterations': 50,
                'param_grid': {'colsample_bylevel': {'max': 1.0,
                                                     'min': 0.5,
                                                     'type': 'suggest_uniform'},
                               'colsample_bytree': {'max': 1.0,
                                                    'min': 0.5,
                                                    'type': 'suggest_uniform'},
                               'gamma': {'max': 7.38905609893,
                                         'min': 1.12535175e-07,
                                         'type': 'suggest_loguniform'},
                               'learning_rate': {'max': 1.0,
                                                 'min': 0.00091188196,
                                                 'type': 'suggest_loguniform'},
                               'max_depth': {'max': 10,
                                             'min': 2,
                                             'step': 1,
                                             'type': 'suggest_int'},
                               'min_child_weight': {'max': 148.413159103,
                                                    'min': 1.12535175e-07,
                                                    'type': 'suggest_loguniform'},
                               'n_estimators': {'type': 'throw', 'value': 5000},
                               'n_jobs': {'type': 'throw', 'value': 16},
                               'reg_alpha': {'max': 7.38905609893,
                                             'min': 1.12535175e-07,
                                             'type': 'suggest_loguniform'},
                               'reg_lambda': {'max': 7.38905609893,
                                              'min': 1.12535175e-07,
                                              'type': 'suggest_loguniform'},
                               'subsample': {'max': 1.0,
                                             'min': 0.5,
                                             'type': 'suggest_uniform'}},
                'scoring': 'f1',
                'stratify_shuffle': True}}
INFO: 2020-05-19 13:20:15 
----> [START BUILDING 'xg_boost' MODEL FOR 'AF' FEATURE SET]
INFO: 2020-05-19 13:20:15 
----> [FINISH BUILDING 'xg_boost' MODEL FOR 'AF' FEATURE SET]
INFO: 2020-05-19 13:20:15 
[FINISH BUILDING MODEL 'xg_boost']
INFO: 2020-05-19 13:20:15 
--- FINISH BUILDING MODELS ---
INFO: 2020-05-19 13:20:15 
--- START TRAINING ---
INFO: 2020-05-19 13:20:15 
[START TRAINING MODEL 'xg_boost']
INFO: 2020-05-19 13:20:15 
----> [START TRAINING 'xg_boost' MODEL FOR 'AF' FEATURE SET]
INFO: 2020-05-20 02:51:38 
- MODEL PARAMS -
INFO: 2020-05-20 02:51:38 
{'base_score': 0.5,
 'booster': None,
 'colsample_bylevel': 0.541908774849356,
 'colsample_bynode': 1,
 'colsample_bytree': 0.8750922554061572,
 'gamma': 1.2179673308658027e-06,
 'gpu_id': -1,
 'importance_type': 'gain',
 'interaction_constraints': None,
 'learning_rate': 0.016555234134056844,
 'max_delta_step': 0,
 'max_depth': 7,
 'min_child_weight': 5.2634493135976105e-06,
 'missing': nan,
 'monotone_constraints': None,
 'n_estimators': 2468,
 'n_jobs': 0,
 'num_parallel_tree': 1,
 'objective': 'binary:logistic',
 'random_state': 0,
 'reg_alpha': 0.00013782852828065698,
 'reg_lambda': 1.9144408763587467e-05,
 'scale_pos_weight': 1,
 'subsample': 0.6772966101967116,
 'tree_method': None,
 'validate_parameters': False,
 'verbosity': None}
INFO: 2020-05-20 02:51:38 
----> [FINISH TRAINING 'xg_boost' MODEL FOR 'AF' FEATURE SET]
INFO: 2020-05-20 02:51:38 
[FINISH TRAINING MODEL 'xg_boost']
INFO: 2020-05-20 02:51:38 
--- FINISH TRAINING ---
INFO: 2020-05-20 02:51:38 
--- START EVALUATION ---
INFO: 2020-05-20 02:51:38 
[START EVALUATING MODEL 'xg_boost']
INFO: 2020-05-20 02:51:38 
----> [START EVALUATING 'xg_boost' MODEL FOR 'AF' FEATURE SET]
INFO: 2020-05-20 02:51:38 
- RESULTS -
INFO: 2020-05-20 02:51:38 
OrderedDict([('precision', 0.9397874852420307),
             ('recall', 0.7349953831948292),
             ('f1_micro', 0.9797240551889622),
             ('accuracy', 0.9797240551889622),
             ('auc', 0.8658617128972157),
             ('confusion', array([[15536,    51],
       [  287,   796]])),
             ('f1', 0.8248704663212436)])
INFO: 2020-05-20 02:51:38 
----> [FINISH EVALUATING 'xg_boost' MODEL FOR 'AF' FEATURE SET]
INFO: 2020-05-20 02:51:38 
[FINISH EVALUATING MODEL 'xg_boost']
INFO: 2020-05-20 02:51:38 
--- FINISH EVALUATION ---
INFO: 2020-05-20 02:51:38 
-------- FINISH EXPERIMENT --------
