INFO: 2020-05-03 03:14:32 
-------- START EXPERIMENT --------
INFO: 2020-05-03 03:14:32 
- PROPERTIES -
INFO: 2020-05-03 03:14:32 
{'cat_boost_args': {'persist_props': {'method': 'save',
                                      'save_path': 'persistence/experiment_1/tuned_models'},
                    'tune_props': {'k_folds': 5,
                                   'method': 'tpe',
                                   'n_iterations': 50,
                                   'param_grid': {'bootstrap_type': {'type': 'fixed',
                                                                     'value': 'MVS'},
                                                  'depth': {'max': 10,
                                                            'min': 4,
                                                            'step': 1,
                                                            'type': 'suggest_int'},
                                                  'eval_metric': {'type': 'fixed',
                                                                  'value': 'F1'},
                                                  'iterations': {'type': 'throw',
                                                                 'value': 5000},
                                                  'l2_leaf_reg': {'max': 10.0,
                                                                  'min': 1.0,
                                                                  'type': 'suggest_loguniform'},
                                                  'leaf_estimation_iterations': {'max': 10,
                                                                                 'min': 1,
                                                                                 'step': 1,
                                                                                 'type': 'suggest_int'},
                                                  'learning_rate': {'max': 1.0,
                                                                    'min': 0.00091188196,
                                                                    'type': 'suggest_loguniform'},
                                                  'random_strength': {'max': 20,
                                                                      'min': 1,
                                                                      'step': 1,
                                                                      'type': 'suggest_int'},
                                                  'rsm': {'max': 0.9975,
                                                          'min': 0.0,
                                                          'step': 0.0025,
                                                          'type': 'suggest_discrete_uniform'},
                                                  'subsample': {'max': 1.0,
                                                                'min': 0.5,
                                                                'type': 'suggest_uniform'},
                                                  'thread_count': {'type': 'throw',
                                                                   'value': 16},
                                                  'verbose': {'type': 'fixed',
                                                              'value': 0}},
                                   'scoring': 'f1',
                                   'stratify_shuffle': True}},
 'data': 'elliptic',
 'data_config_file': 'configuration/data/data_config.yaml',
 'elliptic_args': {'encode_classes': True,
                   'feat_sets': ['LF_NE'],
                   'inc_unknown': False,
                   'train_size': 0.7},
 'evaluation_metrics': ['precision',
                        'recall',
                        'f1_micro',
                        'accuracy',
                        'auc',
                        'confusion',
                        'f1'],
 'light_boost_args': {'persist_props': {'method': 'save',
                                        'save_path': 'persistence/experiment_1/tuned_models'},
                      'tune_props': {'k_folds': 5,
                                     'method': 'tpe',
                                     'n_iterations': 50,
                                     'param_grid': {'colsample_bytree': {'max': 1.0,
                                                                         'min': 0.5,
                                                                         'type': 'suggest_uniform'},
                                                    'learning_rate': {'max': 1.0,
                                                                      'min': 0.00091188196,
                                                                      'type': 'suggest_loguniform'},
                                                    'min_child_samples': {'max': 400,
                                                                          'min': 1,
                                                                          'type': 'suggest_int'},
                                                    'min_child_weight': {'max': 148.413159103,
                                                                         'min': 1.12535175e-07,
                                                                         'type': 'suggest_loguniform'},
                                                    'n_estimators': {'type': 'throw',
                                                                     'value': 5000},
                                                    'n_jobs': {'type': 'throw',
                                                               'value': 24},
                                                    'num_leaves': {'max': 1000,
                                                                   'min': 2,
                                                                   'type': 'suggest_int'},
                                                    'reg_alpha': {'max': 7.38905609893,
                                                                  'min': 1.12535175e-07,
                                                                  'type': 'suggest_loguniform'},
                                                    'reg_lambda': {'max': 7.38905609893,
                                                                   'min': 1.12535175e-07,
                                                                   'type': 'suggest_loguniform'},
                                                    'subsample': {'max': 1.0,
                                                                  'min': 0.5,
                                                                  'type': 'suggest_uniform'},
                                                    'subsample_freq': {'type': 'fixed',
                                                                       'value': 1}},
                                     'scoring': 'f1',
                                     'stratify_shuffle': True}},
 'log_path': 'logs/',
 'models': ['cat_boost'],
 'save_log': True,
 'xg_boost_args': {'persist_props': {'method': 'save',
                                     'save_path': 'persistence/experiment_1/tuned_models'},
                   'tune_props': {'k_folds': 5,
                                  'method': 'tpe',
                                  'n_iterations': 50,
                                  'param_grid': {'colsample_bylevel': {'max': 1.0,
                                                                       'min': 0.5,
                                                                       'type': 'suggest_uniform'},
                                                 'colsample_bytree': {'max': 1.0,
                                                                      'min': 0.5,
                                                                      'type': 'suggest_uniform'},
                                                 'gamma': {'max': 7.38905609893,
                                                           'min': 1.12535175e-07,
                                                           'type': 'suggest_loguniform'},
                                                 'learning_rate': {'max': 1.0,
                                                                   'min': 0.00091188196,
                                                                   'type': 'suggest_loguniform'},
                                                 'max_depth': {'max': 10,
                                                               'min': 2,
                                                               'step': 1,
                                                               'type': 'suggest_int'},
                                                 'min_child_weight': {'max': 148.413159103,
                                                                      'min': 1.12535175e-07,
                                                                      'type': 'suggest_loguniform'},
                                                 'n_estimators': {'type': 'throw',
                                                                  'value': 5000},
                                                 'n_jobs': {'type': 'throw',
                                                            'value': 24},
                                                 'reg_alpha': {'max': 7.38905609893,
                                                               'min': 1.12535175e-07,
                                                               'type': 'suggest_loguniform'},
                                                 'reg_lambda': {'max': 7.38905609893,
                                                                'min': 1.12535175e-07,
                                                                'type': 'suggest_loguniform'},
                                                 'subsample': {'max': 1.0,
                                                               'min': 0.5,
                                                               'type': 'suggest_uniform'}},
                                  'scoring': 'f1',
                                  'stratify_shuffle': True}}}
INFO: 2020-05-03 03:14:32 
--- START BUILDING DATASET ---
INFO: 2020-05-03 03:14:32 
- DATASET -
INFO: 2020-05-03 03:14:32 
elliptic
INFO: 2020-05-03 03:14:32 
- CONFIG -
INFO: 2020-05-03 03:14:32 
'configuration/data/data_config.yaml'
INFO: 2020-05-03 03:15:20 
--- FINISH BUILDING DATASET ---
INFO: 2020-05-03 03:15:20 
--- START BUILDING MODELS ---
INFO: 2020-05-03 03:15:20 
- MODELS -
INFO: 2020-05-03 03:15:20 
['cat_boost']
INFO: 2020-05-03 03:15:20 
[START BUILDING MODEL 'cat_boost']
INFO: 2020-05-03 03:15:20 
- ARGUMENTS -
INFO: 2020-05-03 03:15:20 
{'persist_props': {'method': 'save',
                   'save_path': 'persistence/experiment_1/tuned_models'},
 'tune_props': {'k_folds': 5,
                'method': 'tpe',
                'n_iterations': 50,
                'param_grid': {'bootstrap_type': {'type': 'fixed',
                                                  'value': 'MVS'},
                               'depth': {'max': 10,
                                         'min': 4,
                                         'step': 1,
                                         'type': 'suggest_int'},
                               'eval_metric': {'type': 'fixed', 'value': 'F1'},
                               'iterations': {'type': 'throw', 'value': 5000},
                               'l2_leaf_reg': {'max': 10.0,
                                               'min': 1.0,
                                               'type': 'suggest_loguniform'},
                               'leaf_estimation_iterations': {'max': 10,
                                                              'min': 1,
                                                              'step': 1,
                                                              'type': 'suggest_int'},
                               'learning_rate': {'max': 1.0,
                                                 'min': 0.00091188196,
                                                 'type': 'suggest_loguniform'},
                               'random_strength': {'max': 20,
                                                   'min': 1,
                                                   'step': 1,
                                                   'type': 'suggest_int'},
                               'rsm': {'max': 0.9975,
                                       'min': 0.0,
                                       'step': 0.0025,
                                       'type': 'suggest_discrete_uniform'},
                               'subsample': {'max': 1.0,
                                             'min': 0.5,
                                             'type': 'suggest_uniform'},
                               'thread_count': {'type': 'throw', 'value': 16},
                               'verbose': {'type': 'fixed', 'value': 0}},
                'scoring': 'f1',
                'stratify_shuffle': True}}
INFO: 2020-05-03 03:15:20 
----> [START BUILDING 'cat_boost' MODEL FOR 'LF_NE' FEATURE SET]
INFO: 2020-05-03 03:15:20 
----> [FINISH BUILDING 'cat_boost' MODEL FOR 'LF_NE' FEATURE SET]
INFO: 2020-05-03 03:15:20 
[FINISH BUILDING MODEL 'cat_boost']
INFO: 2020-05-03 03:15:20 
--- FINISH BUILDING MODELS ---
INFO: 2020-05-03 03:15:20 
--- START TRAINING ---
INFO: 2020-05-03 03:15:20 
[START TRAINING MODEL 'cat_boost']
INFO: 2020-05-03 03:15:20 
----> [START TRAINING 'cat_boost' MODEL FOR 'LF_NE' FEATURE SET]
INFO: 2020-05-03 07:08:41 
- MODEL PARAMS -
INFO: 2020-05-03 07:08:41 
{'bayesian_matrix_reg': 0.10000000149011612,
 'best_model_min_trees': 1,
 'boost_from_average': False,
 'boosting_type': 'Plain',
 'bootstrap_type': 'MVS',
 'border_count': 254,
 'class_names': [0, 1],
 'classes_count': 0,
 'depth': 4,
 'eval_metric': 'F1',
 'feature_border_type': 'GreedyLogSum',
 'grow_policy': 'SymmetricTree',
 'iterations': 3766,
 'l2_leaf_reg': 1.000316858291626,
 'leaf_estimation_backtracking': 'AnyImprovement',
 'leaf_estimation_iterations': 8,
 'leaf_estimation_method': 'Newton',
 'learning_rate': 0.027700575068593025,
 'loss_function': 'Logloss',
 'max_leaves': 16,
 'min_data_in_leaf': 1,
 'model_shrink_mode': 'Constant',
 'model_shrink_rate': 0,
 'model_size_reg': 0.5,
 'nan_mode': 'Min',
 'penalties_coefficient': 1,
 'random_seed': 0,
 'random_strength': 20,
 'rsm': 0.4650000035762787,
 'sampling_frequency': 'PerTree',
 'score_function': 'Cosine',
 'sparse_features_conflict_fraction': 0,
 'subsample': 0.5841074585914612,
 'task_type': 'CPU',
 'use_best_model': False}
INFO: 2020-05-03 07:08:41 
----> [FINISH TRAINING 'cat_boost' MODEL FOR 'LF_NE' FEATURE SET]
INFO: 2020-05-03 07:08:41 
[FINISH TRAINING MODEL 'cat_boost']
INFO: 2020-05-03 07:08:41 
--- FINISH TRAINING ---
INFO: 2020-05-03 07:08:41 
--- START EVALUATION ---
INFO: 2020-05-03 07:08:41 
[START EVALUATING MODEL 'cat_boost']
INFO: 2020-05-03 07:08:41 
----> [START EVALUATING 'cat_boost' MODEL FOR 'LF_NE' FEATURE SET]
INFO: 2020-05-03 07:08:41 
- RESULTS -
INFO: 2020-05-03 07:08:41 
OrderedDict([('precision', 0.9733333333333334),
             ('recall', 0.6740535549399815),
             ('f1_micro', 0.977624475104979),
             ('accuracy', 0.977624475104979),
             ('auc', 0.836385217195403),
             ('confusion', array([[15567,    20],
       [  353,   730]])),
             ('f1', 0.7965084560829242)])
INFO: 2020-05-03 07:08:41 
----> [FINISH EVALUATING 'cat_boost' MODEL FOR 'LF_NE' FEATURE SET]
INFO: 2020-05-03 07:08:41 
[FINISH EVALUATING MODEL 'cat_boost']
INFO: 2020-05-03 07:08:41 
--- FINISH EVALUATION ---
INFO: 2020-05-03 07:08:41 
-------- FINISH EXPERIMENT --------
