INFO: 2020-04-13 16:39:30 
-------- START EXPERIMENT --------
INFO: 2020-04-13 16:39:30 
- PROPERTIES -
INFO: 2020-04-13 16:39:30 
{'data': 'elliptic',
 'data_config_file': 'configuration/data/data_config.yaml',
 'elliptic_args': {'encode_classes': True,
                   'feat_sets': ['LF_NE'],
                   'inc_unknown': False,
                   'train_size': 0.7},
 'evaluation_metrics': ['precision', 'recall', 'f1', 'f1_micro', 'confusion'],
 'log_path': 'logs/',
 'models': ['xg_boost'],
 'save_log': True,
 'xg_boost_args': {'persist_props': {'method': 'save',
                                     'save_path': 'persistence/experiment_1/tuned_models'},
                   'tune_props': {'k_folds': 3,
                                  'method': 'tpe',
                                  'n_iterations': 100,
                                  'param_grid': {'colsample_bytree': {'max': 1.0,
                                                                      'min': 0.9,
                                                                      'type': 'suggest_uniform'},
                                                 'gamma': {'max': 0.02,
                                                           'min': 0.0,
                                                           'step': 0.00025,
                                                           'type': 'suggest_discrete_uniform'},
                                                 'learning_rate': {'type': 'fixed',
                                                                   'value': 0.275},
                                                 'max_delta_step': {'max': 1,
                                                                    'min': 0,
                                                                    'type': 'suggest_int'},
                                                 'max_depth': {'max': 12,
                                                               'min': 1,
                                                               'type': 'suggest_int'},
                                                 'min_child_weight': {'max': 10,
                                                                      'min': 0,
                                                                      'type': 'suggest_int'},
                                                 'n_estimators': {'type': 'fixed',
                                                                  'value': 450},
                                                 'predictor': {'type': 'throw',
                                                               'value': 'gpu_predictor'},
                                                 'reg_alpha': {'max': 1.0,
                                                               'min': 1e-08,
                                                               'type': 'suggest_loguniform'},
                                                 'reg_lambda': {'max': 1.0,
                                                                'min': 1e-08,
                                                                'type': 'suggest_loguniform'},
                                                 'subsample': {'max': 1.0,
                                                               'min': 0.9,
                                                               'type': 'suggest_uniform'},
                                                 'tree_method': {'type': 'throw',
                                                                 'value': 'gpu_hist'}},
                                  'scoring': 'neg_log_loss'}}}
INFO: 2020-04-13 16:39:30 
--- START BUILDING DATASET ---
INFO: 2020-04-13 16:39:30 
- DATASET -
INFO: 2020-04-13 16:39:30 
elliptic
INFO: 2020-04-13 16:39:30 
- CONFIG -
INFO: 2020-04-13 16:39:30 
'configuration/data/data_config.yaml'
INFO: 2020-04-13 16:39:37 
--- FINISH BUILDING DATASET ---
INFO: 2020-04-13 16:39:37 
--- START BUILDING MODELS ---
INFO: 2020-04-13 16:39:37 
- MODELS -
INFO: 2020-04-13 16:39:37 
['xg_boost']
INFO: 2020-04-13 16:39:37 
[START BUILDING MODEL 'xg_boost']
INFO: 2020-04-13 16:39:37 
- ARGUMENTS -
INFO: 2020-04-13 16:39:37 
{'persist_props': {'method': 'save',
                   'save_path': 'persistence/experiment_1/tuned_models'},
 'tune_props': {'k_folds': 3,
                'method': 'tpe',
                'n_iterations': 100,
                'param_grid': {'colsample_bytree': {'max': 1.0,
                                                    'min': 0.9,
                                                    'type': 'suggest_uniform'},
                               'gamma': {'max': 0.02,
                                         'min': 0.0,
                                         'step': 0.00025,
                                         'type': 'suggest_discrete_uniform'},
                               'learning_rate': {'type': 'fixed',
                                                 'value': 0.275},
                               'max_delta_step': {'max': 1,
                                                  'min': 0,
                                                  'type': 'suggest_int'},
                               'max_depth': {'max': 12,
                                             'min': 1,
                                             'type': 'suggest_int'},
                               'min_child_weight': {'max': 10,
                                                    'min': 0,
                                                    'type': 'suggest_int'},
                               'n_estimators': {'type': 'fixed', 'value': 450},
                               'predictor': {'type': 'throw',
                                             'value': 'gpu_predictor'},
                               'reg_alpha': {'max': 1.0,
                                             'min': 1e-08,
                                             'type': 'suggest_loguniform'},
                               'reg_lambda': {'max': 1.0,
                                              'min': 1e-08,
                                              'type': 'suggest_loguniform'},
                               'subsample': {'max': 1.0,
                                             'min': 0.9,
                                             'type': 'suggest_uniform'},
                               'tree_method': {'type': 'throw',
                                               'value': 'gpu_hist'}},
                'scoring': 'neg_log_loss'}}
INFO: 2020-04-13 16:39:37 
----> [START BUILDING 'xg_boost' MODEL FOR 'LF_NE' FEATURE SET]
INFO: 2020-04-13 16:39:37 
----> [FINISH BUILDING 'xg_boost' MODEL FOR 'LF_NE' FEATURE SET]
INFO: 2020-04-13 16:39:37 
[FINISH BUILDING MODEL 'xg_boost']
INFO: 2020-04-13 16:39:37 
--- FINISH BUILDING MODELS ---
INFO: 2020-04-13 16:39:37 
--- START TRAINING ---
INFO: 2020-04-13 16:39:37 
[START TRAINING MODEL 'xg_boost']
INFO: 2020-04-13 16:39:37 
----> [START TRAINING 'xg_boost' MODEL FOR 'LF_NE' FEATURE SET]
