INFO: 2020-04-13 16:23:55 
-------- START EXPERIMENT --------
INFO: 2020-04-13 16:23:55 
- PROPERTIES -
INFO: 2020-04-13 16:23:55 
{'data': 'elliptic',
 'data_config_file': 'configuration/data/data_config.yaml',
 'elliptic_args': {'encode_classes': True,
                   'feat_sets': ['LF_NE'],
                   'inc_unknown': False,
                   'train_size': 0.7},
 'evaluation_metrics': ['precision', 'recall', 'f1', 'f1_micro', 'confusion'],
 'log_path': 'logs/',
 'models': ['xg_boost'],
 'save_log': True,
 'xg_boost_args': {'persist_props': {'method': 'save',
                                     'save_path': 'persistence/experiment_1/tuned_models'},
                   'tune_props': {'k_folds': 3,
                                  'method': 'tpe',
                                  'n_iterations': 100,
                                  'param_grid': {'colsample_bytree': {'max': 1.0,
                                                                      'min': 0.9,
                                                                      'type': 'suggest_uniform'},
                                                 'gamma': {'max': 0.02,
                                                           'min': 0.0,
                                                           'step': 0.00025,
                                                           'type': 'suggest_discrete_uniform'},
                                                 'learning_rate': {'type': 'fixed',
                                                                   'value': 0.275},
                                                 'max_delta_step': {'max': 1,
                                                                    'min': 0,
                                                                    'type': 'suggest_int'},
                                                 'max_depth': {'max': 30,
                                                               'min': 1,
                                                               'type': 'suggest_int'},
                                                 'min_child_weight': {'max': 10,
                                                                      'min': 0,
                                                                      'type': 'suggest_int'},
                                                 'n_estimators': {'type': 'fixed',
                                                                  'value': 450},
                                                 'predictor': {'type': 'throw',
                                                               'value': 'gpu_predictor'},
                                                 'reg_alpha': {'max': 1.0,
                                                               'min': '1e-8',
                                                               'type': 'suggest_loguniform'},
                                                 'reg_lambda': {'max': 1.0,
                                                                'min': '1e-8',
                                                                'type': 'suggest_loguniform'},
                                                 'subsample': {'max': 1.0,
                                                               'min': 0.9,
                                                               'type': 'suggest_uniform'},
                                                 'tree_method': {'type': 'throw',
                                                                 'value': 'gpu_hist'}},
                                  'scoring': 'neg_log_loss'}}}
INFO: 2020-04-13 16:23:55 
--- START BUILDING DATASET ---
INFO: 2020-04-13 16:23:55 
- DATASET -
INFO: 2020-04-13 16:23:55 
elliptic
INFO: 2020-04-13 16:23:55 
- CONFIG -
INFO: 2020-04-13 16:23:55 
'configuration/data/data_config.yaml'
INFO: 2020-04-13 16:24:44 
--- FINISH BUILDING DATASET ---
INFO: 2020-04-13 16:24:44 
--- START BUILDING MODELS ---
INFO: 2020-04-13 16:24:44 
- MODELS -
INFO: 2020-04-13 16:24:44 
['xg_boost']
INFO: 2020-04-13 16:24:44 
[START BUILDING MODEL 'xg_boost']
INFO: 2020-04-13 16:24:44 
- ARGUMENTS -
INFO: 2020-04-13 16:24:44 
{'persist_props': {'method': 'save',
                   'save_path': 'persistence/experiment_1/tuned_models'},
 'tune_props': {'k_folds': 3,
                'method': 'tpe',
                'n_iterations': 100,
                'param_grid': {'colsample_bytree': {'max': 1.0,
                                                    'min': 0.9,
                                                    'type': 'suggest_uniform'},
                               'gamma': {'max': 0.02,
                                         'min': 0.0,
                                         'step': 0.00025,
                                         'type': 'suggest_discrete_uniform'},
                               'learning_rate': {'type': 'fixed',
                                                 'value': 0.275},
                               'max_delta_step': {'max': 1,
                                                  'min': 0,
                                                  'type': 'suggest_int'},
                               'max_depth': {'max': 30,
                                             'min': 1,
                                             'type': 'suggest_int'},
                               'min_child_weight': {'max': 10,
                                                    'min': 0,
                                                    'type': 'suggest_int'},
                               'n_estimators': {'type': 'fixed', 'value': 450},
                               'predictor': {'type': 'throw',
                                             'value': 'gpu_predictor'},
                               'reg_alpha': {'max': 1.0,
                                             'min': '1e-8',
                                             'type': 'suggest_loguniform'},
                               'reg_lambda': {'max': 1.0,
                                              'min': '1e-8',
                                              'type': 'suggest_loguniform'},
                               'subsample': {'max': 1.0,
                                             'min': 0.9,
                                             'type': 'suggest_uniform'},
                               'tree_method': {'type': 'throw',
                                               'value': 'gpu_hist'}},
                'scoring': 'neg_log_loss'}}
INFO: 2020-04-13 16:24:44 
----> [START BUILDING 'xg_boost' MODEL FOR 'LF_NE' FEATURE SET]
INFO: 2020-04-13 16:24:44 
----> [FINISH BUILDING 'xg_boost' MODEL FOR 'LF_NE' FEATURE SET]
INFO: 2020-04-13 16:24:44 
[FINISH BUILDING MODEL 'xg_boost']
INFO: 2020-04-13 16:24:44 
--- FINISH BUILDING MODELS ---
INFO: 2020-04-13 16:24:44 
--- START TRAINING ---
INFO: 2020-04-13 16:24:44 
[START TRAINING MODEL 'xg_boost']
INFO: 2020-04-13 16:24:44 
----> [START TRAINING 'xg_boost' MODEL FOR 'LF_NE' FEATURE SET]
ERROR: 2020-04-13 16:24:44 
(<class 'TypeError'>, TypeError("'>' not supported between instances of 'str' and 'float'"), <traceback object at 0x7fab3f487460>)
Traceback (most recent call last):
  File "experiment.py", line 204, in <module>
    train_models(dataset, models)
  File "experiment.py", line 135, in train_models
    model.fit(X, y)
  File "/home/dvassallo/repos/aml-crypto-graph/src/cryptoaml/models/_models.py", line 115, in fit
    self._tuner, self._tune_props = tu.tune_model(self._model, X, y, self._tune_props)
  File "/home/dvassallo/repos/aml-crypto-graph/src/cryptoaml/tune/_tuning.py", line 534, in tune_model
    tuner.fit(X, y)
  File "/home/dvassallo/repos/aml-crypto-graph/src/cryptoaml/tune/_tuning.py", line 239, in fit
    self._study.optimize(self._objective, n_trials=self._n_iterations)
  File "/home/dvassallo/anaconda3/envs/btc_classifier/lib/python3.7/site-packages/optuna/study.py", line 331, in optimize
    func, n_trials, timeout, catch, callbacks, gc_after_trial, None
  File "/home/dvassallo/anaconda3/envs/btc_classifier/lib/python3.7/site-packages/optuna/study.py", line 626, in _optimize_sequential
    self._run_trial_and_callbacks(func, catch, callbacks, gc_after_trial)
  File "/home/dvassallo/anaconda3/envs/btc_classifier/lib/python3.7/site-packages/optuna/study.py", line 656, in _run_trial_and_callbacks
    trial = self._run_trial(func, catch, gc_after_trial)
  File "/home/dvassallo/anaconda3/envs/btc_classifier/lib/python3.7/site-packages/optuna/study.py", line 677, in _run_trial
    result = func(trial)
  File "/home/dvassallo/repos/aml-crypto-graph/src/cryptoaml/tune/_tuning.py", line 211, in _objective
    params = self._new_params(trial)
  File "/home/dvassallo/repos/aml-crypto-graph/src/cryptoaml/tune/_tuning.py", line 203, in _new_params
    new_params[search_key] = trial.suggest_loguniform(search_key, tmp_prop_min, tmp_prop_max)
  File "/home/dvassallo/anaconda3/envs/btc_classifier/lib/python3.7/site-packages/optuna/trial.py", line 340, in suggest_loguniform
    distribution = distributions.LogUniformDistribution(low=low, high=high)
  File "/home/dvassallo/anaconda3/envs/btc_classifier/lib/python3.7/site-packages/optuna/distributions.py", line 165, in __init__
    if low > high:
TypeError: '>' not supported between instances of 'str' and 'float'
