INFO: 2020-05-01 23:56:12 
-------- START EXPERIMENT --------
INFO: 2020-05-01 23:56:12 
- PROPERTIES -
INFO: 2020-05-01 23:56:12 
{'cat_boost_args': {'persist_props': {'method': 'save',
                                      'save_path': 'persistence/experiment_1/tuned_models'},
                    'tune_props': {'k_folds': 5,
                                   'method': 'tpe',
                                   'n_iterations': 50,
                                   'param_grid': {'bootstrap_type': {'type': 'fixed',
                                                                     'value': 'MVS'},
                                                  'depth': {'max': 10,
                                                            'min': 4,
                                                            'step': 1,
                                                            'type': 'suggest_int'},
                                                  'eval_metric': {'type': 'fixed',
                                                                  'value': 'F1'},
                                                  'iterations': {'type': 'throw',
                                                                 'value': 5000},
                                                  'l2_leaf_reg': {'max': 10.0,
                                                                  'min': 1.0,
                                                                  'type': 'suggest_loguniform'},
                                                  'leaf_estimation_iterations': {'max': 10,
                                                                                 'min': 1,
                                                                                 'step': 1,
                                                                                 'type': 'suggest_int'},
                                                  'learning_rate': {'max': 1.0,
                                                                    'min': 0.00091188196,
                                                                    'type': 'suggest_loguniform'},
                                                  'random_strength': {'max': 20,
                                                                      'min': 1,
                                                                      'step': 1,
                                                                      'type': 'suggest_int'},
                                                  'rsm': {'max': 1.0,
                                                          'min': 0.0,
                                                          'step': 0.0025,
                                                          'type': 'suggest_discrete_uniform'},
                                                  'subsample': {'max': 1.0,
                                                                'min': 0.5,
                                                                'type': 'suggest_uniform'},
                                                  'thread_count': {'type': 'throw',
                                                                   'value': 12},
                                                  'verbose': {'type': 'fixed',
                                                              'value': 0}},
                                   'scoring': 'f1',
                                   'stratify_shuffle': True}},
 'data': 'elliptic',
 'data_config_file': 'configuration/data/data_config.yaml',
 'elliptic_args': {'encode_classes': True,
                   'feat_sets': ['LF'],
                   'inc_unknown': False,
                   'train_size': 0.7},
 'evaluation_metrics': ['precision',
                        'recall',
                        'f1_micro',
                        'accuracy',
                        'auc',
                        'confusion',
                        'f1'],
 'light_boost_args': {'persist_props': {'method': 'save',
                                        'save_path': 'persistence/experiment_1/tuned_models'},
                      'tune_props': {'k_folds': 5,
                                     'method': 'tpe',
                                     'n_iterations': 50,
                                     'param_grid': {'colsample_bytree': {'max': 1.0,
                                                                         'min': 0.5,
                                                                         'type': 'suggest_uniform'},
                                                    'learning_rate': {'max': 1.0,
                                                                      'min': 0.00091188196,
                                                                      'type': 'suggest_loguniform'},
                                                    'min_child_samples': {'max': 400,
                                                                          'min': 1,
                                                                          'type': 'suggest_int'},
                                                    'min_child_weight': {'max': 148.413159103,
                                                                         'min': 1.12535175e-07,
                                                                         'type': 'suggest_loguniform'},
                                                    'n_estimators': {'type': 'throw',
                                                                     'value': 5000},
                                                    'n_jobs': {'type': 'throw',
                                                               'value': 12},
                                                    'num_leaves': {'max': 1000,
                                                                   'min': 1,
                                                                   'type': 'suggest_int'},
                                                    'reg_alpha': {'max': 7.38905609893,
                                                                  'min': 1.12535175e-07,
                                                                  'type': 'suggest_loguniform'},
                                                    'reg_lambda': {'max': 7.38905609893,
                                                                   'min': 1.12535175e-07,
                                                                   'type': 'suggest_loguniform'},
                                                    'subsample': {'max': 1.0,
                                                                  'min': 0.5,
                                                                  'type': 'suggest_uniform'},
                                                    'subsample_freq': {'type': 'fixed',
                                                                       'value': 1}},
                                     'scoring': 'f1',
                                     'stratify_shuffle': True}},
 'log_path': 'logs/',
 'models': ['xg_boost', 'light_boost', 'cat_boost'],
 'save_log': True,
 'xg_boost_args': {'persist_props': {'method': 'save',
                                     'save_path': 'persistence/experiment_1/tuned_models'},
                   'tune_props': {'k_folds': 5,
                                  'method': 'tpe',
                                  'n_iterations': 50,
                                  'param_grid': {'colsample_bylevel': {'max': 1.0,
                                                                       'min': 0.5,
                                                                       'type': 'suggest_uniform'},
                                                 'colsample_bytree': {'max': 1.0,
                                                                      'min': 0.5,
                                                                      'type': 'suggest_uniform'},
                                                 'gamma': {'max': 7.38905609893,
                                                           'min': 1.12535175e-07,
                                                           'type': 'suggest_loguniform'},
                                                 'learning_rate': {'max': 1.0,
                                                                   'min': 0.00091188196,
                                                                   'type': 'suggest_loguniform'},
                                                 'max_depth': {'max': 10,
                                                               'min': 2,
                                                               'step': 1,
                                                               'type': 'suggest_int'},
                                                 'min_child_weight': {'max': 148.413159103,
                                                                      'min': 1.12535175e-07,
                                                                      'type': 'suggest_loguniform'},
                                                 'n_estimators': {'type': 'throw',
                                                                  'value': 5000},
                                                 'n_jobs': {'type': 'throw',
                                                            'value': 12},
                                                 'reg_alpha': {'max': 7.38905609893,
                                                               'min': 1.12535175e-07,
                                                               'type': 'suggest_loguniform'},
                                                 'reg_lambda': {'max': 7.38905609893,
                                                                'min': 1.12535175e-07,
                                                                'type': 'suggest_loguniform'},
                                                 'subsample': {'max': 1.0,
                                                               'min': 0.5,
                                                               'type': 'suggest_uniform'}},
                                  'scoring': 'f1',
                                  'stratify_shuffle': True}}}
INFO: 2020-05-01 23:56:12 
--- START BUILDING DATASET ---
INFO: 2020-05-01 23:56:12 
- DATASET -
INFO: 2020-05-01 23:56:12 
elliptic
INFO: 2020-05-01 23:56:12 
- CONFIG -
INFO: 2020-05-01 23:56:12 
'configuration/data/data_config.yaml'
INFO: 2020-05-01 23:56:21 
--- FINISH BUILDING DATASET ---
INFO: 2020-05-01 23:56:21 
--- START BUILDING MODELS ---
INFO: 2020-05-01 23:56:21 
- MODELS -
INFO: 2020-05-01 23:56:21 
['xg_boost', 'light_boost', 'cat_boost']
INFO: 2020-05-01 23:56:21 
[START BUILDING MODEL 'xg_boost']
INFO: 2020-05-01 23:56:21 
- ARGUMENTS -
INFO: 2020-05-01 23:56:21 
{'persist_props': {'method': 'save',
                   'save_path': 'persistence/experiment_1/tuned_models'},
 'tune_props': {'k_folds': 5,
                'method': 'tpe',
                'n_iterations': 50,
                'param_grid': {'colsample_bylevel': {'max': 1.0,
                                                     'min': 0.5,
                                                     'type': 'suggest_uniform'},
                               'colsample_bytree': {'max': 1.0,
                                                    'min': 0.5,
                                                    'type': 'suggest_uniform'},
                               'gamma': {'max': 7.38905609893,
                                         'min': 1.12535175e-07,
                                         'type': 'suggest_loguniform'},
                               'learning_rate': {'max': 1.0,
                                                 'min': 0.00091188196,
                                                 'type': 'suggest_loguniform'},
                               'max_depth': {'max': 10,
                                             'min': 2,
                                             'step': 1,
                                             'type': 'suggest_int'},
                               'min_child_weight': {'max': 148.413159103,
                                                    'min': 1.12535175e-07,
                                                    'type': 'suggest_loguniform'},
                               'n_estimators': {'type': 'throw', 'value': 5000},
                               'n_jobs': {'type': 'throw', 'value': 12},
                               'reg_alpha': {'max': 7.38905609893,
                                             'min': 1.12535175e-07,
                                             'type': 'suggest_loguniform'},
                               'reg_lambda': {'max': 7.38905609893,
                                              'min': 1.12535175e-07,
                                              'type': 'suggest_loguniform'},
                               'subsample': {'max': 1.0,
                                             'min': 0.5,
                                             'type': 'suggest_uniform'}},
                'scoring': 'f1',
                'stratify_shuffle': True}}
INFO: 2020-05-01 23:56:21 
----> [START BUILDING 'xg_boost' MODEL FOR 'LF' FEATURE SET]
INFO: 2020-05-01 23:56:21 
----> [FINISH BUILDING 'xg_boost' MODEL FOR 'LF' FEATURE SET]
INFO: 2020-05-01 23:56:21 
[FINISH BUILDING MODEL 'xg_boost']
INFO: 2020-05-01 23:56:21 
[START BUILDING MODEL 'light_boost']
INFO: 2020-05-01 23:56:21 
- ARGUMENTS -
INFO: 2020-05-01 23:56:21 
{'persist_props': {'method': 'save',
                   'save_path': 'persistence/experiment_1/tuned_models'},
 'tune_props': {'k_folds': 5,
                'method': 'tpe',
                'n_iterations': 50,
                'param_grid': {'colsample_bytree': {'max': 1.0,
                                                    'min': 0.5,
                                                    'type': 'suggest_uniform'},
                               'learning_rate': {'max': 1.0,
                                                 'min': 0.00091188196,
                                                 'type': 'suggest_loguniform'},
                               'min_child_samples': {'max': 400,
                                                     'min': 1,
                                                     'type': 'suggest_int'},
                               'min_child_weight': {'max': 148.413159103,
                                                    'min': 1.12535175e-07,
                                                    'type': 'suggest_loguniform'},
                               'n_estimators': {'type': 'throw', 'value': 5000},
                               'n_jobs': {'type': 'throw', 'value': 12},
                               'num_leaves': {'max': 1000,
                                              'min': 1,
                                              'type': 'suggest_int'},
                               'reg_alpha': {'max': 7.38905609893,
                                             'min': 1.12535175e-07,
                                             'type': 'suggest_loguniform'},
                               'reg_lambda': {'max': 7.38905609893,
                                              'min': 1.12535175e-07,
                                              'type': 'suggest_loguniform'},
                               'subsample': {'max': 1.0,
                                             'min': 0.5,
                                             'type': 'suggest_uniform'},
                               'subsample_freq': {'type': 'fixed', 'value': 1}},
                'scoring': 'f1',
                'stratify_shuffle': True}}
INFO: 2020-05-01 23:56:21 
----> [START BUILDING 'light_boost' MODEL FOR 'LF' FEATURE SET]
INFO: 2020-05-01 23:56:21 
----> [FINISH BUILDING 'light_boost' MODEL FOR 'LF' FEATURE SET]
INFO: 2020-05-01 23:56:21 
[FINISH BUILDING MODEL 'light_boost']
INFO: 2020-05-01 23:56:21 
[START BUILDING MODEL 'cat_boost']
INFO: 2020-05-01 23:56:21 
- ARGUMENTS -
INFO: 2020-05-01 23:56:21 
{'persist_props': {'method': 'save',
                   'save_path': 'persistence/experiment_1/tuned_models'},
 'tune_props': {'k_folds': 5,
                'method': 'tpe',
                'n_iterations': 50,
                'param_grid': {'bootstrap_type': {'type': 'fixed',
                                                  'value': 'MVS'},
                               'depth': {'max': 10,
                                         'min': 4,
                                         'step': 1,
                                         'type': 'suggest_int'},
                               'eval_metric': {'type': 'fixed', 'value': 'F1'},
                               'iterations': {'type': 'throw', 'value': 5000},
                               'l2_leaf_reg': {'max': 10.0,
                                               'min': 1.0,
                                               'type': 'suggest_loguniform'},
                               'leaf_estimation_iterations': {'max': 10,
                                                              'min': 1,
                                                              'step': 1,
                                                              'type': 'suggest_int'},
                               'learning_rate': {'max': 1.0,
                                                 'min': 0.00091188196,
                                                 'type': 'suggest_loguniform'},
                               'random_strength': {'max': 20,
                                                   'min': 1,
                                                   'step': 1,
                                                   'type': 'suggest_int'},
                               'rsm': {'max': 1.0,
                                       'min': 0.0,
                                       'step': 0.0025,
                                       'type': 'suggest_discrete_uniform'},
                               'subsample': {'max': 1.0,
                                             'min': 0.5,
                                             'type': 'suggest_uniform'},
                               'thread_count': {'type': 'throw', 'value': 12},
                               'verbose': {'type': 'fixed', 'value': 0}},
                'scoring': 'f1',
                'stratify_shuffle': True}}
INFO: 2020-05-01 23:56:21 
----> [START BUILDING 'cat_boost' MODEL FOR 'LF' FEATURE SET]
INFO: 2020-05-01 23:56:21 
----> [FINISH BUILDING 'cat_boost' MODEL FOR 'LF' FEATURE SET]
INFO: 2020-05-01 23:56:21 
[FINISH BUILDING MODEL 'cat_boost']
INFO: 2020-05-01 23:56:21 
--- FINISH BUILDING MODELS ---
INFO: 2020-05-01 23:56:21 
--- START TRAINING ---
INFO: 2020-05-01 23:56:21 
[START TRAINING MODEL 'xg_boost']
INFO: 2020-05-01 23:56:21 
----> [START TRAINING 'xg_boost' MODEL FOR 'LF' FEATURE SET]
INFO: 2020-05-02 08:56:30 
- MODEL PARAMS -
INFO: 2020-05-02 08:56:30 
{'base_score': 0.5,
 'booster': None,
 'colsample_bylevel': 0.9168972013604229,
 'colsample_bynode': 1,
 'colsample_bytree': 0.6367700203690464,
 'gamma': 0.000878097449991818,
 'gpu_id': -1,
 'importance_type': 'gain',
 'interaction_constraints': None,
 'learning_rate': 0.050654853295849546,
 'max_delta_step': 0,
 'max_depth': 5,
 'min_child_weight': 1.1914420820435448e-06,
 'missing': nan,
 'monotone_constraints': None,
 'n_estimators': 1585,
 'n_jobs': 0,
 'num_parallel_tree': 1,
 'objective': 'binary:logistic',
 'random_state': 0,
 'reg_alpha': 1.1044975415552232e-06,
 'reg_lambda': 2.3419129189402086e-05,
 'scale_pos_weight': 1,
 'subsample': 0.9317812643350265,
 'tree_method': None,
 'validate_parameters': False,
 'verbosity': None}
INFO: 2020-05-02 08:56:30 
----> [FINISH TRAINING 'xg_boost' MODEL FOR 'LF' FEATURE SET]
INFO: 2020-05-02 08:56:30 
[FINISH TRAINING MODEL 'xg_boost']
INFO: 2020-05-02 08:56:30 
[START TRAINING MODEL 'light_boost']
INFO: 2020-05-02 08:56:30 
----> [START TRAINING 'light_boost' MODEL FOR 'LF' FEATURE SET]
INFO: 2020-05-02 11:14:56 
- MODEL PARAMS -
INFO: 2020-05-02 11:14:56 
{'boosting_type': 'gbdt',
 'class_weight': None,
 'colsample_bytree': 0.5867440901122031,
 'importance_type': 'split',
 'learning_rate': 0.005284256053565403,
 'max_depth': -1,
 'min_child_samples': 66,
 'min_child_weight': 0.014264760992663937,
 'min_split_gain': 0.0,
 'n_estimators': 3888,
 'n_jobs': -1,
 'num_leaves': 56,
 'objective': None,
 'random_state': None,
 'reg_alpha': 0.00021668874539322757,
 'reg_lambda': 2.997329007143576e-05,
 'silent': True,
 'subsample': 0.9375299749093455,
 'subsample_for_bin': 200000,
 'subsample_freq': 1}
INFO: 2020-05-02 11:14:56 
----> [FINISH TRAINING 'light_boost' MODEL FOR 'LF' FEATURE SET]
INFO: 2020-05-02 11:14:56 
[FINISH TRAINING MODEL 'light_boost']
INFO: 2020-05-02 11:14:56 
[START TRAINING MODEL 'cat_boost']
INFO: 2020-05-02 11:14:56 
----> [START TRAINING 'cat_boost' MODEL FOR 'LF' FEATURE SET]
INFO: 2020-05-02 16:14:54 
- MODEL PARAMS -
INFO: 2020-05-02 16:14:54 
{'bayesian_matrix_reg': 0.10000000149011612,
 'best_model_min_trees': 1,
 'boost_from_average': False,
 'boosting_type': 'Plain',
 'bootstrap_type': 'MVS',
 'border_count': 254,
 'class_names': [0, 1],
 'classes_count': 0,
 'depth': 8,
 'eval_metric': 'F1',
 'feature_border_type': 'GreedyLogSum',
 'grow_policy': 'SymmetricTree',
 'iterations': 3407,
 'l2_leaf_reg': 3.609123468399048,
 'leaf_estimation_backtracking': 'AnyImprovement',
 'leaf_estimation_iterations': 7,
 'leaf_estimation_method': 'Newton',
 'learning_rate': 0.09729275852441788,
 'loss_function': 'Logloss',
 'max_leaves': 256,
 'min_data_in_leaf': 1,
 'model_shrink_mode': 'Constant',
 'model_shrink_rate': 0,
 'model_size_reg': 0.5,
 'nan_mode': 'Min',
 'penalties_coefficient': 1,
 'random_seed': 0,
 'random_strength': 18,
 'rsm': 0.3774999976158142,
 'sampling_frequency': 'PerTree',
 'score_function': 'Cosine',
 'sparse_features_conflict_fraction': 0,
 'subsample': 0.9836283326148988,
 'task_type': 'CPU',
 'use_best_model': False}
INFO: 2020-05-02 16:14:54 
----> [FINISH TRAINING 'cat_boost' MODEL FOR 'LF' FEATURE SET]
INFO: 2020-05-02 16:14:54 
[FINISH TRAINING MODEL 'cat_boost']
INFO: 2020-05-02 16:14:54 
--- FINISH TRAINING ---
INFO: 2020-05-02 16:14:54 
--- START EVALUATION ---
INFO: 2020-05-02 16:14:54 
[START EVALUATING MODEL 'xg_boost']
INFO: 2020-05-02 16:14:54 
----> [START EVALUATING 'xg_boost' MODEL FOR 'LF' FEATURE SET]
INFO: 2020-05-02 16:14:54 
- RESULTS -
INFO: 2020-05-02 16:14:54 
OrderedDict([('precision', 0.9129383313180169),
             ('recall', 0.6971375807940905),
             ('f1_micro', 0.976004799040192),
             ('accuracy', 0.976004799040192),
             ('auc', 0.8462591734085292),
             ('confusion', array([[15515,    72],
       [  328,   755]])),
             ('f1', 0.7905759162303666)])
INFO: 2020-05-02 16:14:54 
----> [FINISH EVALUATING 'xg_boost' MODEL FOR 'LF' FEATURE SET]
INFO: 2020-05-02 16:14:54 
[FINISH EVALUATING MODEL 'xg_boost']
INFO: 2020-05-02 16:14:54 
[START EVALUATING MODEL 'light_boost']
INFO: 2020-05-02 16:14:54 
----> [START EVALUATING 'light_boost' MODEL FOR 'LF' FEATURE SET]
INFO: 2020-05-02 16:14:55 
- RESULTS -
INFO: 2020-05-02 16:14:55 
OrderedDict([('precision', 0.8888888888888888),
             ('recall', 0.7017543859649122),
             ('f1_micro', 0.9749250149970006),
             ('accuracy', 0.9749250149970006),
             ('auc', 0.847829781678164),
             ('confusion', array([[15492,    95],
       [  323,   760]])),
             ('f1', 0.7843137254901961)])
INFO: 2020-05-02 16:14:55 
----> [FINISH EVALUATING 'light_boost' MODEL FOR 'LF' FEATURE SET]
INFO: 2020-05-02 16:14:55 
[FINISH EVALUATING MODEL 'light_boost']
INFO: 2020-05-02 16:14:55 
[START EVALUATING MODEL 'cat_boost']
INFO: 2020-05-02 16:14:55 
----> [START EVALUATING 'cat_boost' MODEL FOR 'LF' FEATURE SET]
INFO: 2020-05-02 16:14:55 
- RESULTS -
INFO: 2020-05-02 16:14:55 
OrderedDict([('precision', 0.8894009216589862),
             ('recall', 0.7128347183748845),
             ('f1_micro', 0.9755848830233953),
             ('accuracy', 0.9755848830233953),
             ('auc', 0.8533378698694208),
             ('confusion', array([[15491,    96],
       [  311,   772]])),
             ('f1', 0.7913890312660175)])
INFO: 2020-05-02 16:14:55 
----> [FINISH EVALUATING 'cat_boost' MODEL FOR 'LF' FEATURE SET]
INFO: 2020-05-02 16:14:55 
[FINISH EVALUATING MODEL 'cat_boost']
INFO: 2020-05-02 16:14:55 
--- FINISH EVALUATION ---
INFO: 2020-05-02 16:14:55 
-------- FINISH EXPERIMENT --------
