INFO: 2020-05-20 06:44:40 
-------- START EXPERIMENT --------
INFO: 2020-05-20 06:44:40 
- PROPERTIES -
INFO: 2020-05-20 06:44:40 
{'data': 'elliptic',
 'data_config_file': 'configuration/data/data_config_smote.yaml',
 'elliptic_args': {'encode_classes': False,
                   'feat_sets': ['AF_NE'],
                   'inc_unknown': False,
                   'load_edges': False,
                   'train_size': 0.7},
 'evaluation_metrics': ['precision',
                        'recall',
                        'f1_micro',
                        'accuracy',
                        'auc',
                        'confusion',
                        'f1'],
 'light_boost_args': {'persist_props': {'method': 'save',
                                        'save_path': 'persistence/experiment_2.2/tuned_models'},
                      'tune_props': {'k_folds': 5,
                                     'method': 'tpe',
                                     'n_iterations': 50,
                                     'param_grid': {'colsample_bytree': {'max': 1.0,
                                                                         'min': 0.5,
                                                                         'type': 'suggest_uniform'},
                                                    'learning_rate': {'max': 1.0,
                                                                      'min': 0.00091188196,
                                                                      'type': 'suggest_loguniform'},
                                                    'min_child_samples': {'max': 400,
                                                                          'min': 1,
                                                                          'type': 'suggest_int'},
                                                    'min_child_weight': {'max': 148.413159103,
                                                                         'min': 1.12535175e-07,
                                                                         'type': 'suggest_loguniform'},
                                                    'n_estimators': {'type': 'throw',
                                                                     'value': 5000},
                                                    'n_jobs': {'type': 'throw',
                                                               'value': 16},
                                                    'num_leaves': {'max': 1000,
                                                                   'min': 2,
                                                                   'type': 'suggest_int'},
                                                    'reg_alpha': {'max': 7.38905609893,
                                                                  'min': 1.12535175e-07,
                                                                  'type': 'suggest_loguniform'},
                                                    'reg_lambda': {'max': 7.38905609893,
                                                                   'min': 1.12535175e-07,
                                                                   'type': 'suggest_loguniform'},
                                                    'subsample': {'max': 1.0,
                                                                  'min': 0.5,
                                                                  'type': 'suggest_uniform'},
                                                    'subsample_freq': {'type': 'fixed',
                                                                       'value': 1}},
                                     'scoring': 'f1',
                                     'stratify_shuffle': True}},
 'log_path': 'logs/',
 'models': ['xg_boost'],
 'save_log': True,
 'xg_boost_args': {'persist_props': {'method': 'save',
                                     'save_path': 'persistence/experiment_2.2/tuned_models'},
                   'tune_props': {'k_folds': 5,
                                  'method': 'tpe',
                                  'n_iterations': 50,
                                  'param_grid': {'colsample_bylevel': {'max': 1.0,
                                                                       'min': 0.5,
                                                                       'type': 'suggest_uniform'},
                                                 'colsample_bytree': {'max': 1.0,
                                                                      'min': 0.5,
                                                                      'type': 'suggest_uniform'},
                                                 'gamma': {'max': 7.38905609893,
                                                           'min': 1.12535175e-07,
                                                           'type': 'suggest_loguniform'},
                                                 'learning_rate': {'max': 1.0,
                                                                   'min': 0.00091188196,
                                                                   'type': 'suggest_loguniform'},
                                                 'max_depth': {'max': 10,
                                                               'min': 2,
                                                               'step': 1,
                                                               'type': 'suggest_int'},
                                                 'min_child_weight': {'max': 148.413159103,
                                                                      'min': 1.12535175e-07,
                                                                      'type': 'suggest_loguniform'},
                                                 'n_estimators': {'type': 'throw',
                                                                  'value': 5000},
                                                 'n_jobs': {'type': 'throw',
                                                            'value': 16},
                                                 'reg_alpha': {'max': 7.38905609893,
                                                               'min': 1.12535175e-07,
                                                               'type': 'suggest_loguniform'},
                                                 'reg_lambda': {'max': 7.38905609893,
                                                                'min': 1.12535175e-07,
                                                                'type': 'suggest_loguniform'},
                                                 'subsample': {'max': 1.0,
                                                               'min': 0.5,
                                                               'type': 'suggest_uniform'}},
                                  'scoring': 'f1',
                                  'stratify_shuffle': True}}}
INFO: 2020-05-20 06:44:40 
--- START BUILDING DATASET ---
INFO: 2020-05-20 06:44:40 
- DATASET -
INFO: 2020-05-20 06:44:40 
elliptic
INFO: 2020-05-20 06:44:40 
- CONFIG -
INFO: 2020-05-20 06:44:40 
'configuration/data/data_config_smote.yaml'
INFO: 2020-05-20 06:44:43 
--- FINISH BUILDING DATASET ---
INFO: 2020-05-20 06:44:43 
--- START BUILDING MODELS ---
INFO: 2020-05-20 06:44:43 
- MODELS -
INFO: 2020-05-20 06:44:43 
['xg_boost']
INFO: 2020-05-20 06:44:43 
[START BUILDING MODEL 'xg_boost']
INFO: 2020-05-20 06:44:43 
- ARGUMENTS -
INFO: 2020-05-20 06:44:43 
{'persist_props': {'method': 'save',
                   'save_path': 'persistence/experiment_2.2/tuned_models'},
 'tune_props': {'k_folds': 5,
                'method': 'tpe',
                'n_iterations': 50,
                'param_grid': {'colsample_bylevel': {'max': 1.0,
                                                     'min': 0.5,
                                                     'type': 'suggest_uniform'},
                               'colsample_bytree': {'max': 1.0,
                                                    'min': 0.5,
                                                    'type': 'suggest_uniform'},
                               'gamma': {'max': 7.38905609893,
                                         'min': 1.12535175e-07,
                                         'type': 'suggest_loguniform'},
                               'learning_rate': {'max': 1.0,
                                                 'min': 0.00091188196,
                                                 'type': 'suggest_loguniform'},
                               'max_depth': {'max': 10,
                                             'min': 2,
                                             'step': 1,
                                             'type': 'suggest_int'},
                               'min_child_weight': {'max': 148.413159103,
                                                    'min': 1.12535175e-07,
                                                    'type': 'suggest_loguniform'},
                               'n_estimators': {'type': 'throw', 'value': 5000},
                               'n_jobs': {'type': 'throw', 'value': 16},
                               'reg_alpha': {'max': 7.38905609893,
                                             'min': 1.12535175e-07,
                                             'type': 'suggest_loguniform'},
                               'reg_lambda': {'max': 7.38905609893,
                                              'min': 1.12535175e-07,
                                              'type': 'suggest_loguniform'},
                               'subsample': {'max': 1.0,
                                             'min': 0.5,
                                             'type': 'suggest_uniform'}},
                'scoring': 'f1',
                'stratify_shuffle': True}}
INFO: 2020-05-20 06:44:43 
----> [START BUILDING 'xg_boost' MODEL FOR 'AF_NE' FEATURE SET]
INFO: 2020-05-20 06:44:43 
----> [FINISH BUILDING 'xg_boost' MODEL FOR 'AF_NE' FEATURE SET]
INFO: 2020-05-20 06:44:43 
[FINISH BUILDING MODEL 'xg_boost']
INFO: 2020-05-20 06:44:43 
--- FINISH BUILDING MODELS ---
INFO: 2020-05-20 06:44:43 
--- START TRAINING ---
INFO: 2020-05-20 06:44:43 
[START TRAINING MODEL 'xg_boost']
INFO: 2020-05-20 06:44:43 
----> [START TRAINING 'xg_boost' MODEL FOR 'AF_NE' FEATURE SET]
INFO: 2020-05-20 22:45:54 
- MODEL PARAMS -
INFO: 2020-05-20 22:45:54 
{'base_score': 0.5,
 'booster': None,
 'colsample_bylevel': 0.564203782287485,
 'colsample_bynode': 1,
 'colsample_bytree': 0.8227730263394168,
 'gamma': 2.825657372266011e-07,
 'gpu_id': -1,
 'importance_type': 'gain',
 'interaction_constraints': None,
 'learning_rate': 0.015002789614188404,
 'max_delta_step': 0,
 'max_depth': 5,
 'min_child_weight': 2.7821335143885406e-06,
 'missing': nan,
 'monotone_constraints': None,
 'n_estimators': 4345,
 'n_jobs': 0,
 'num_parallel_tree': 1,
 'objective': 'binary:logistic',
 'random_state': 0,
 'reg_alpha': 0.0003838867027467089,
 'reg_lambda': 1.4126445257677391e-05,
 'scale_pos_weight': 1,
 'subsample': 0.6864374504940947,
 'tree_method': None,
 'validate_parameters': False,
 'verbosity': None}
INFO: 2020-05-20 22:45:54 
----> [FINISH TRAINING 'xg_boost' MODEL FOR 'AF_NE' FEATURE SET]
INFO: 2020-05-20 22:45:54 
[FINISH TRAINING MODEL 'xg_boost']
INFO: 2020-05-20 22:45:54 
--- FINISH TRAINING ---
INFO: 2020-05-20 22:45:54 
--- START EVALUATION ---
INFO: 2020-05-20 22:45:54 
[START EVALUATING MODEL 'xg_boost']
INFO: 2020-05-20 22:45:54 
----> [START EVALUATING 'xg_boost' MODEL FOR 'AF_NE' FEATURE SET]
INFO: 2020-05-20 22:45:54 
- RESULTS -
INFO: 2020-05-20 22:45:54 
OrderedDict([('precision', 0.9760403530895334),
             ('recall', 0.7146814404432132),
             ('f1_micro', 0.9803239352129574),
             ('accuracy', 0.9803239352129574),
             ('auc', 0.8567312379607482),
             ('confusion', array([[15568,    19],
       [  309,   774]])),
             ('f1', 0.8251599147121536)])
INFO: 2020-05-20 22:45:54 
----> [FINISH EVALUATING 'xg_boost' MODEL FOR 'AF_NE' FEATURE SET]
INFO: 2020-05-20 22:45:54 
[FINISH EVALUATING MODEL 'xg_boost']
INFO: 2020-05-20 22:45:54 
--- FINISH EVALUATION ---
INFO: 2020-05-20 22:45:54 
-------- FINISH EXPERIMENT --------
