INFO: 2020-04-08 04:13:45 
-------- START EXPERIMENT --------
INFO: 2020-04-08 04:13:45 
- PROPERTIES -
INFO: 2020-04-08 04:13:45 
{'data': 'elliptic',
 'data_config_file': 'data_config.yaml',
 'elliptic_args': {'encode_classes': True,
                   'feat_sets': ['LF'],
                   'inc_unknown': False,
                   'train_size': 0.7},
 'evaluation_metrics': ['precision', 'recall', 'f1', 'f1_micro', 'confusion'],
 'log_path': 'logs/',
 'models': ['random_forest', 'xg_boost', 'light_boost', 'cat_boost'],
 'save_log': True,
 'xg_boost_args': {'persist_props': {'method': 'save',
                                     'save_path': 'saved_models/experiment_1/tuned'},
                   'tune_props': {'k_folds': 3,
                                  'method': 'tpe',
                                  'n_iterations': 100,
                                  'param_grid': {'colsample_bytree': {'max': 1.0,
                                                                      'min': 0.9,
                                                                      'type': 'suggest_uniform'},
                                                 'gamma': {'max': 0.01,
                                                           'min': 0.0,
                                                           'step': 0.005,
                                                           'type': 'suggest_discrete_uniform'},
                                                 'learning_rate': {'type': 'fixed',
                                                                   'value': '0,1'},
                                                 'max_delta_step': {'max': 1,
                                                                    'min': 0,
                                                                    'type': 'suggest_int'},
                                                 'max_depth': {'max': 12,
                                                               'min': 1,
                                                               'type': 'suggest_int'},
                                                 'min_child_weight': {'max': 4,
                                                                      'min': 0,
                                                                      'type': 'suggest_int'},
                                                 'n_estimators': {'type': 'fixed',
                                                                  'value': 100},
                                                 'predictor': {'type': 'throw',
                                                               'value': 'gpu_predictor'},
                                                 'subsample': {'max': 1.0,
                                                               'min': 0.9,
                                                               'type': 'suggest_uniform'},
                                                 'tree_method': {'type': 'throw',
                                                                 'value': 'gpu_hist'}},
                                  'scoring': 'neg_log_loss'}}}
ERROR: 2020-04-08 04:13:45 
(<class 'NameError'>, NameError("name 'dataset' is not defined"), <traceback object at 0x7fb7461a9e10>)
Traceback (most recent call last):
  File "experiment.py", line 200, in <module>
    models = build_models(args, dataset)
NameError: name 'dataset' is not defined
