INFO: 2020-05-01 23:55:04 
-------- START EXPERIMENT --------
INFO: 2020-05-01 23:55:04 
- PROPERTIES -
INFO: 2020-05-01 23:55:04 
{'cat_boost_args': {'persist_props': {'method': 'save',
                                      'save_path': 'persistence/experiment_1/tuned_models'},
                    'tune_props': {'k_folds': 5,
                                   'method': 'tpe',
                                   'n_iterations': 50,
                                   'param_grid': {'bootstrap_type': {'type': 'fixed',
                                                                     'value': 'MVS'},
                                                  'depth': {'max': 10,
                                                            'min': 4,
                                                            'step': 1,
                                                            'type': 'suggest_int'},
                                                  'eval_metric': {'type': 'fixed',
                                                                  'value': 'F1'},
                                                  'iterations': {'type': 'throw',
                                                                 'value': 5000},
                                                  'l2_leaf_reg': {'max': 10.0,
                                                                  'min': 1.0,
                                                                  'type': 'suggest_loguniform'},
                                                  'leaf_estimation_iterations': {'max': 10,
                                                                                 'min': 1,
                                                                                 'step': 1,
                                                                                 'type': 'suggest_int'},
                                                  'learning_rate': {'max': 1.0,
                                                                    'min': 0.00091188196,
                                                                    'type': 'suggest_loguniform'},
                                                  'random_strength': {'max': 20,
                                                                      'min': 1,
                                                                      'step': 1,
                                                                      'type': 'suggest_int'},
                                                  'rsm': {'max': 1.0,
                                                          'min': 0.0,
                                                          'step': 0.0025,
                                                          'type': 'suggest_discrete_uniform'},
                                                  'subsample': {'max': 1.0,
                                                                'min': 0.5,
                                                                'type': 'suggest_uniform'},
                                                  'thread_count': {'type': 'throw',
                                                                   'value': 16},
                                                  'verbose': {'type': 'fixed',
                                                              'value': 0}},
                                   'scoring': 'f1',
                                   'stratify_shuffle': True}},
 'data': 'elliptic',
 'data_config_file': 'configuration/data/data_config.yaml',
 'elliptic_args': {'encode_classes': True,
                   'feat_sets': ['LF'],
                   'inc_unknown': False,
                   'train_size': 0.7},
 'evaluation_metrics': ['precision',
                        'recall',
                        'f1_micro',
                        'accuracy',
                        'auc',
                        'confusion',
                        'f1'],
 'light_boost_args': {'persist_props': {'method': 'save',
                                        'save_path': 'persistence/experiment_1/tuned_models'},
                      'tune_props': {'k_folds': 5,
                                     'method': 'tpe',
                                     'n_iterations': 50,
                                     'param_grid': {'colsample_bytree': {'max': 1.0,
                                                                         'min': 0.5,
                                                                         'type': 'suggest_uniform'},
                                                    'learning_rate': {'max': 1.0,
                                                                      'min': 0.00091188196,
                                                                      'type': 'suggest_loguniform'},
                                                    'min_child_samples': {'max': 400,
                                                                          'min': 1,
                                                                          'type': 'suggest_int'},
                                                    'min_child_weight': {'max': 148.413159103,
                                                                         'min': 1.12535175e-07,
                                                                         'type': 'suggest_loguniform'},
                                                    'n_estimators': {'type': 'throw',
                                                                     'value': 5000},
                                                    'n_jobs': {'type': 'throw',
                                                               'value': 16},
                                                    'num_leaves': {'max': 1000,
                                                                   'min': 1,
                                                                   'type': 'suggest_int'},
                                                    'reg_alpha': {'max': 7.38905609893,
                                                                  'min': 1.12535175e-07,
                                                                  'type': 'suggest_loguniform'},
                                                    'reg_lambda': {'max': 7.38905609893,
                                                                   'min': 1.12535175e-07,
                                                                   'type': 'suggest_loguniform'},
                                                    'subsample': {'max': 1.0,
                                                                  'min': 0.5,
                                                                  'type': 'suggest_uniform'},
                                                    'subsample_freq': {'type': 'fixed',
                                                                       'value': 1}},
                                     'scoring': 'f1',
                                     'stratify_shuffle': True}},
 'log_path': 'logs/',
 'models': ['xg_boost', 'light_boost', 'cat_boost'],
 'save_log': True,
 'xg_boost_args': {'persist_props': {'method': 'save',
                                     'save_path': 'persistence/experiment_1/tuned_models'},
                   'tune_props': {'k_folds': 5,
                                  'method': 'tpe',
                                  'n_iterations': 50,
                                  'param_grid': {'colsample_bylevel': {'max': 1.0,
                                                                       'min': 0.5,
                                                                       'type': 'suggest_uniform'},
                                                 'colsample_bytree': {'max': 1.0,
                                                                      'min': 0.5,
                                                                      'type': 'suggest_uniform'},
                                                 'gamma': {'max': 7.38905609893,
                                                           'min': 1.12535175e-07,
                                                           'type': 'suggest_loguniform'},
                                                 'learning_rate': {'max': 1.0,
                                                                   'min': 0.00091188196,
                                                                   'type': 'suggest_loguniform'},
                                                 'max_depth': {'max': 10,
                                                               'min': 2,
                                                               'step': 1,
                                                               'type': 'suggest_int'},
                                                 'min_child_weight': {'max': 148.413159103,
                                                                      'min': 1.12535175e-07,
                                                                      'type': 'suggest_loguniform'},
                                                 'n_estimators': {'type': 'throw',
                                                                  'value': 5000},
                                                 'n_jobs': {'type': 'throw',
                                                            'value': 16},
                                                 'reg_alpha': {'max': 7.38905609893,
                                                               'min': 1.12535175e-07,
                                                               'type': 'suggest_loguniform'},
                                                 'reg_lambda': {'max': 7.38905609893,
                                                                'min': 1.12535175e-07,
                                                                'type': 'suggest_loguniform'},
                                                 'subsample': {'max': 1.0,
                                                               'min': 0.5,
                                                               'type': 'suggest_uniform'}},
                                  'scoring': 'f1',
                                  'stratify_shuffle': True}}}
INFO: 2020-05-01 23:55:04 
--- START BUILDING DATASET ---
INFO: 2020-05-01 23:55:04 
- DATASET -
INFO: 2020-05-01 23:55:04 
elliptic
INFO: 2020-05-01 23:55:04 
- CONFIG -
INFO: 2020-05-01 23:55:04 
'configuration/data/data_config.yaml'
ERROR: 2020-05-01 23:55:06 
(<class 'KeyboardInterrupt'>, KeyboardInterrupt(), <traceback object at 0x7fb9b8588aa0>)
Traceback (most recent call last):
  File "model_tuner.py", line 202, in <module>
    dataset = build_dataset(args)
  File "model_tuner.py", line 36, in build_dataset
    encode_classes=elliptic_args.encode_classes)
  File "/home/dvassallo/repos/aml-crypto-graph/src/cryptoaml/datareader/_data.py", line 37, in get_data
    return Elliptic_Dataset(elliptic_data_args, **kwargs)
  File "/home/dvassallo/repos/aml-crypto-graph/src/cryptoaml/datareader/_elliptic_dr.py", line 45, in __init__
    encode_classes=encode_classes)
  File "/home/dvassallo/repos/aml-crypto-graph/src/cryptoaml/datareader/_datareader.py", line 32, in __init__
    self._dataset = self._load_dataset(data_args, **kwargs)
  File "/home/dvassallo/repos/aml-crypto-graph/src/cryptoaml/datareader/_elliptic_dr.py", line 101, in _load_dataset
    node_feats = self._load_node_feats(feats_path)
  File "/home/dvassallo/repos/aml-crypto-graph/src/cryptoaml/datareader/_elliptic_dr.py", line 162, in _load_node_feats
    node_feats = pd.read_csv(path, header=None)
  File "/home/dvassallo/anaconda3/envs/btc-classifier/lib/python3.7/site-packages/pandas/io/parsers.py", line 676, in parser_f
    return _read(filepath_or_buffer, kwds)
  File "/home/dvassallo/anaconda3/envs/btc-classifier/lib/python3.7/site-packages/pandas/io/parsers.py", line 454, in _read
    data = parser.read(nrows)
  File "/home/dvassallo/anaconda3/envs/btc-classifier/lib/python3.7/site-packages/pandas/io/parsers.py", line 1133, in read
    ret = self._engine.read(nrows)
  File "/home/dvassallo/anaconda3/envs/btc-classifier/lib/python3.7/site-packages/pandas/io/parsers.py", line 2037, in read
    data = self._reader.read(nrows)
  File "pandas/_libs/parsers.pyx", line 860, in pandas._libs.parsers.TextReader.read
  File "pandas/_libs/parsers.pyx", line 875, in pandas._libs.parsers.TextReader._read_low_memory
  File "pandas/_libs/parsers.pyx", line 952, in pandas._libs.parsers.TextReader._read_rows
  File "pandas/_libs/parsers.pyx", line 1084, in pandas._libs.parsers.TextReader._convert_column_data
  File "pandas/_libs/parsers.pyx", line 1130, in pandas._libs.parsers.TextReader._convert_tokens
  File "pandas/_libs/parsers.pyx", line 1173, in pandas._libs.parsers.TextReader._convert_with_dtype
  File "/home/dvassallo/anaconda3/envs/btc-classifier/lib/python3.7/site-packages/pandas/core/dtypes/common.py", line 542, in is_categorical_dtype
    def is_categorical_dtype(arr_or_dtype) -> bool:
KeyboardInterrupt
